-74
-594
-47
-1
-69
-1139
-1808
-1808
-1839
-1808
-221
-104
-155
-1442
-1776
-2172
-2025
-2314
-2640
-5
0
-238
39
-366
-14
33
-27
-27
-2522
-2278
-2679
-2624
36
7
-23
-22
-688
-568
-1530
-946
-922
-202
-1053
-1418
-480
-1855
-2148
-1729
-1161
-42
-290
-13
-273
-6
-1
95
-661
-7
17
14
25
-25
-24
-602
-275
-1392
-253
-62
-1727
-296
-296
0
94
14
46
18
26
33
-211
-570
11
59
61
-1
-50
-9
10
-627
22
-539
-1
0
-16
-114
168
-12
-7985
31
14
-35
8
-241
-21
26
-1977
34
-6
-6
-963
65
12
165
25
-231
101
0
77
-848
141
51
-191
-9
26
85
24
-7
-432
-1910
-2165
-367
-214
13
-7
-306
-69
-3
-208
-4
6
0
11
-1301
-297
-115
-5
20
-23
-20
-956
-6197
-2191
-6
-2970
104
44
14
12
75
-396
-81
-49
-190
-1
-676
226
-370
88
149
85
196
-305
-908
-330
-126
41
-754
4
79
15
17
0
109
201
-34
1
-10
29
-1135
-404
-404
-1437
-1043
-1278
-830
-578
-8
-250
36
-745
-187
-27
-7086
-112
-13
-1483
132
10
23
34
-1102
53
-502
-137
27
-4
-358
-863
-3
-708
-329
84
-401
-37
-14
45
-5240
58
-56
-2
60
-30
-237
-322
99
13
-4
-474
-4
-25
106
107
192
-494
-861
-221
-9
-1834
-463
-2290
54
-2137
-1
-13
-93
177
-3
172
-1
4
-84
-84
-23
172
19
-48
-735
165
-15
77
-437
-299
-1053
-800
52
-8
-2
-6
156
9
-318
118
72
208
-58
254
9
-53
137
8
8
34
115
-15
108
240
-404
11
272
-370
28
28
-54
52
-120
-393
-371
-359
40
-6
-820
-123
-109
-31
-17
127
196
202
137
108
157
-11
-1483
169
-1301
20
59
22
-98
359
-1069
-1320
-1099
-1093
-64
-27
-61
-4
-636
40
162
-674
-320
188
-608
79
-4
337
-535
198
341
-111
-152
-247
-494
-58
205
269
261
196
243
91
-121
131
-28
-27
24
-300
97
66
-48
9
71
106
207
-316
358
0
172
-23
102
41
12
73
-30
0
-874
-85
243
30
-1
119
361
155
-70
-370
-56
-24
153
-44
143
-17
-495
-2148
60
110
111
-67
-2
-97
-2
119
92
120
357
32
-4
-30
146
-422
-1
-204
-4802
-235
-966
-3
190
-1330
-294
149
72
8
-381
-2055
-1875
-1204
-1204
-1630
-839
-7
-594
-14
14
-1567
-1
475
-8
411
349
-1
-576
59
25
-297
366
161
0
236
340
155
86
454
-1266
-358
-182
-213
84
125
-955
-1155
-1136
-1154
-58
-909
-799
-969
-592
-452
-768
-818
-788
-792
-238
301
-237
-237
192
-803
-170
-292
-997
-2721
-3086
100
388
0
114
-31
-2
-2556
-880
-2622
-958
63
-59
189
78
-873
-865
-640
-306
-132
375
-228
-848
-381
-191
-1221
-1410
-2171
-1410
-1805
-1836
-2322
-687
-886
-1106
-952
-584
-1622
-896
-496
-1713
175
86
179
-1
65
-116
67
90
189
-1
13
486
-108
-108
-2857
-75
137
0
-1314
53
153
276
366
299
-87
-87
-129
-817
-574
-1039
-67
121
-1842
-1766
-2415
-1921
-56
275
251
74
-44
-1128
-398
-272
-388
-18
-261
210
-1929
-1841
-1841
-1171
-884
-959
137
-743
-827
-9
-515
-39
603
112
23
-51
300
-3
57
-40
-3651
-3531
272
-4015
-4015
-4380
-4045
-972
-4379
-5110
-5474
-5474
-5474
-750
-5109
-5474
-5749
-1108
-257
233
38
94
-343
-740
426
-1406
-16
298
145
-5481
46
-633
341
256
237
-1946
