Nature and Society Relations;3
Natural Resources Management and Policy;10
Environmental Studies;11
Environmental Sciences;92
Physical Sciences and Mathematics;556
Social and Behavioral Sciences;33
Geography;26
Climate;35
Oceanography and Atmospheric Sciences and Meteorology;66
Earth Sciences;494
Other Earth Sciences;45
Engineering;49
Ecology and Evolutionary Biology;6
Life Sciences;37
Electrical and Computer Engineering;4
Sedimentology;88
Meteorology;6
Hydraulic Engineering;7
Water Resource Management;18
Hydrology;50
Civil and Environmental Engineering;30
Geology;154
Volcanology;40
Tectonics and Structure;89
Physical and Environmental Geography;5
Geophysics and Seismology;131
Stratigraphy;57
Glaciology;15
Geomorphology;92
Paleontology;8
Geochemistry;49
Microbiology;4
Biogeochemistry;18
Agriculture;2
Soil Science;8
Environmental Microbiology and Microbial Ecology Life Sciences;4
Atmospheric Sciences;13
Oceanography;14
Fluid Dynamics;3
Physics;8
Artificial Intelligence and Robotics;3
Computer Sciences;23
Education;7
Medicine and Health Sciences;4
Other Environmental Sciences;13
Civil Engineering;9
Statistical Methodology;1
Planetary Sciences;6
Statistics and Probability;17
Planetary Geology;2
Planetary Sedimentology;2
Biochemistry;1
Biochemistry, Biophysics, and Structural Biology;2
Probability;4
Statistical Models;5
Environmental Monitoring;25
Forest Sciences;1
Other Forestry and Forest Sciences;1
Computational Engineering;5
Natural Resources and Conservation;6
Other Civil and Environmental Engineering;11
Numerical Analysis and Scientific Computing;11
Mineral Physics;5
Fresh Water Studies;2
Applied Mathematics;15
Aerospace Engineering;2
Sustainability;10
Risk Analysis;4
Environmental Engineering;7
Theory and Algorithms;4
Other Engineering;2
Construction Engineering and Management;3
Applied Statistics;4
Multivariate Analysis;2
Planetary Geomorphology;2
Biology;4
Ordinary Differential Equations and Applied Dynamics;1
Other Applied Mathematics;5
Environmental Public Health;1
Public Health;2
Plant Sciences;3
Agronomy and Crop Sciences Life Sciences;1
Paleobiology;5
Planetary Geophysics and Seismology;1
Library and Information Science;3
International and Area Studies;1
Condensed Matter Physics;1
Physiology;2
Other Oceanography and Atmospheric Sciences and Meteorology;4
Other Physical Sciences and Mathematics;13
Terrestrial and Aquatic Ecology;2
Software Engineering;2
Programming Languages and Compilers;1
Oil, Gas, and Energy;4
Other Geography;1
Computer Engineering;2
Systems Biology;1
Environmental Indicators and Impact Assessment;8
Computer and Systems Architecture;1
Other Statistics and Probability;1
Astrophysics and Astronomy;2
Mathematics;5
Science and Mathematics Education;2
Databases and Information Systems;1
Environmental Chemistry;3
Chemistry;8
Aquaculture and Fisheries Life Sciences;1
Other Life Sciences;2
Animal Sciences;1
Other Ecology and Evolutionary Biology;1
Categorical Data Analysis;3
Geographic Information Sciences;17
Non-linear Dynamics;1
Dynamic Systems;2
Statistical, Nonlinear, and Soft Matter Physics;1
Graphics and Human Computer Interfaces;1
The Sun and the Solar System;1
Language and Literacy Education;1
Liberal Studies;1
Higher Education;1
Speleology;1
Spatial Science;17
Longitudinal Data Analysis and Time Series;1
Biodiversity;1
Analysis;1
Other Mathematics;1
Natural Resource Economics;1
Organic Chemistry;1
Power and Energy;2
Numerical Analysis and Computation;3
Geotechnical Engineering;1
Structural Engineering;1
Cosmochemistry;2
Inorganic Chemistry;2
Remote Sensing;5
Partial Differential Equations;1
