-21
-3262
-126
-671
-56
-4104
38
-103
-1530
-1177
-2324
-640
-275
-2
-566
-729
5
-4
-49
-19
6
25
112
98
-69
-5
-132
96
-212
-1324
-1
124
-190
60
-441
-31
187
-165
-13
-1381
177
-117
-1
-689
114
-1211
200
136
-6
-8
157
-5860
-25
-2
205
-3
-3
-3
-1
133
-108
66
-15
-185
-10
191
9
-40
68
-1037
-301
76
-450
-411
35
-962
-1013
122
172
6
-450
232
70
-5
-469
228
136
106
45
-34
185
111
194
-361
-515
-482
-972
-2327
216
-2521
-2620
-1512
192
263
188
139
85
233
264
-233
-7
-250
-223
-372
191
-122
195
-104
264
52
204
205
28
120
-5
-95
-1
203
-612
190
-336
159
-1043
247
16
382
-2184
-20
45
-745
48
-5813
-4153
-4000
-4010
-3696
-165
-2753
-2569
-2783
-2692
-1888
-1474
-530
-67
-2023
-2170
-2018
-678
-1
-738
-1226
-4239
-973
272
153
-645
260
-820
-432
-384
-88
-796
-553
-796
-2349
-1618
-827
-1769
-2500
-2531
-1167
-2047
-495
-1738
-766
-879
-502
-514
-4205
-1313
-2013
-2799
-4293
-1345
-5397
-1586
-2863
-5055
-737
-3503
-3259
-4903
-5640
-306
-1842
-506
-1676
-48
-392
-61
61
150
-945
-1584
-663
-61
-1765
-396
121
-77
-2405
-883
-4655
-1917
-2587
-2952
-3378
-928
-364
-548
-669
-244
-434
-3955
-4412
-4746
244
32
289
-57
4
-27
-88
-38
279
-420
-388
-31
-84
-1371
-78
-146
-286
-2914
-229
221
-783
