Social and Behavioral Sciences;3357
Educational Psychology;62
Developmental Psychology;407
Judgment and Decision Making;74
Social Development;18
Moral Behavior;41
Moral Development;8
Social and Personality Psychology;1201
Cognitive Psychology;903
Cognitive Neuroscience;206
Neuroscience;374
Reasoning;28
Memory;73
Perceptual Development;8
Developmental Neuroscience;28
Intergroup Processes;28
Prejudice and Discrimination;23
Narrative Research;6
Impression Formation;9
Attitudes and Persuasion;27
Social Cognition;66
Psychiatry;93
Perception;343
Achievement and Status;5
Clinical Psychology;328
Health Psychology;180
Creativity;4
Concepts and Categories;25
Cognitive Development;45
Early Childhood;7
Emotion;68
Infancy;9
Psychology, other;688
Theory and Philosophy of Science;127
Language;35
Interpersonal Relationships;23
Clinical Neuroscience;14
Consciousness;19
Learning;44
Quantitative Methods;308
Statistical Methods;48
First and Second Language Acquisition;25
Linguistics;203
Engineering Psychology;44
Individual Differences;45
Personality Processes;17
Social Influence;14
Meta-science;47
Behavioral Neuroscience;46
Computational Neuroscience;31
Systems Neuroscience;17
Animal Learning and Behavior;10
Motivational Behavior;17
Natural Environments;5
Environmental Psychology;15
Religion and Spirituality;11
Cultural Psychology;82
Clinical Neuropsychology;4
Life Sciences;153
Multisensory Integration;4
Prosocial Behavior;25
Feeding and Eating Disorders;3
Obsessive-compulsive and Related Disorders;1
Psychotic Disorders;1
Substance Abuse and Addiction;8
Depressive Disorders;14
Anxiety Disorders;12
Mental Disorders;7
Attention;49
Diversity;13
Psychometrics;27
Trauma and Stress;14
Psycholinguistics and Neurolinguistics;103
Nonverbal Behavior;3
Evolution;32
Survival and Psychological Adaptations;2
Illness;2
Vision;23
Mathematical Psychology;14
Computational Modeling;19
Health-related Behavior;19
Employee Behavior and Motivation;7
Organizational Ethics;5
Industrial and Organizational Psychology;78
Selection and Placement;7
Personality and Situations;13
Workgroup and Teams;3
Trait Theory;3
Theories of Personality;4
Well-being;9
Interventions;6
Politics;19
Disruptive, Impulse-control, and Conduct Disorders;1
Adolescence;18
Clinical Psychophysiology;19
Assessment;9
Diagnosis;5
Language Aquisition;9
Treatment;2
Forensic and Legal Psychology;17
Forensic;6
Biases, Framing, and Heuristics;21
Affect and Emotion Regulation;14
Prevention;13
Anthropological Linguistics and Sociolinguistics;3
Historical Linguistics;2
Self and Social Identity;18
Embodied Cognition;5
Psychotherapy;10
Therapy;7
Intervention Research;35
Self-regulation;23
Learner;5
Consumer Psychology;18
Physiology;16
Action;4
Violence and Aggression;8
Clinical;2
Other Neuroscience and Neurobiology;23
Picture Processing;3
School Psychology;37
Intervention;3
Audition;8
Problem Solving;10
Imagery;8
Molecular and Cellular Neuroscience;4
Computational Linguistics;27
Sexuality;6
Community;20
Intragroup Processes;5
Cross-cultural Psychology;8
Learning Situation;7
Performance Appraisal;1
Emotional Development;7
Personality Disorders;10
Personality Development;5
Self-concept and Identity;3
Social health;5
Psychopharmacology;3
Aging;11
Middle & Late Childhood;5
Toddlerhood/Preschool Period;4
Gene-environment Interaction;2
Old Age;2
Middle Adulthood;1
Quantitative Psychology;22
Innovation and Technology;5
Social Well-being;6
Syntax;11
Legal;5
Semantics and Pragmatics;29
Behavioral Economics;4
Nudges;2
Mating;11
Testing;3
Mental Health;10
Evolutionary Biology;8
Music;10
Multi-cultural Psychology;53
Science and Technology Policy;3
Experimental Design and Sample Surveys;7
Self-esteem;1
Sport Psychology;3
Perceptual Organization;2
Stress;2
Cultural Differences;7
Correctional;1
Motor Development;2
Social Settings;2
Physical Development;2
Testing and Assessment;7
Neurodevelopmental Disorders;2
Clinical Child Psychology;1
Sustainability Behavior;2
Paraphilic Disorders;1
Sleep-wake Disorders;1
Learning Process;7
Attachment;6
Careers;2
Disability;1
Personality and Creativity;4
Phonetics and Phonology;26
Early Adulthood;2
Training and Development;1
Organizational Development;1
Death, Dying, and Grieving;1
Leadership;2
Vestibular Systems and Proprioception;1
Morphology;5
Family and Kin;1
Parenting;2
Consumer Decision Making;2
Genetic factors;1
Clinical Decision Making;1
Touch, Taste, and Smell;1
Work-life Quality;1
Occupational Health;1
Organizational Diversity;2
Cross-cultural Issues;1
Organizational Decision Making;1
Ergonomics;8
Reciprocity;1
Gender Dysphoria;1
Text and Discourse;6
Typological Linguistics and Linguistic Diversity;6
Applied Linguistics;7
Language Description and Documentation;2
Ecology;1
