-2235
-528
-1352
-52
-103
-315
19
67
-23
-22
22
-734
-4
-4385
59
-700
3
-58
-58
-110
-89
-53
10
71
-100
-50
-627
-565
-627
-16
-111
-19
-76
-127
12
43
-14
-30
-3964
-3602
-323
-438
-42
-254
-649
-41
-70
-2282
-2099
-576
-395
-84
-136
-115
-295
-344
-448
-83
-14
82
-38
-138
-4135
-12
-54
90
-9
122
31
61
-667
-29
-3
-6
-53
-23
-1269
-1596
-855
-678
-1744
114
-1317
-555
-1105
-374
-1071
-718
-1620
-160
-1651
-1651
-555
-51
58
-270
65
65
-175
-1090
-815
-783
-601
-571
101
-82
-783
-81
102
41
42
-261
-61
-534
43
-13
-1895
-189
85
-37
-128
25
-115
-9
68
69
40
76
16
78
110
-9
-38
-69
-38
84
54
-60
-11
-23
-56
66
-299
36
8
-595
74
-8
-689
-593
-990
-6
-33
76
49
-18
-101
49
0
-118
20
81
-38
-64
-460
33
32
-1164
34
35
32
-56
-7
-37
-30
-1158
-859
-260
-177
-401
-15
83
-1075
