Physical Sciences and Mathematics;44
Environmental Sciences;37
Biology;14
Life Sciences;109
Marine Biology;74
Environmental Studies;180
Social and Behavioral Sciences;221
Law;14
Environmental Law;13
Ecology and Evolutionary Biology;28
Sociology;13
Place and Environment;10
Public Affairs, Public Policy and Public Administration;39
Environmental Policy;27
Oceanography and Atmospheric Sciences and Meteorology;12
Terrestrial and Aquatic Ecology;7
Other Ecology and Evolutionary Biology;15
Population Biology;5
Sustainability;1
Other Life Sciences;1
Natural Resources and Conservation;1
Other Environmental Sciences;1
Behavior and Ethology;1
Tourism;1
