Civil and Environmental Engineering;2018-12-17T15:47:47.135166
Environmental Engineering;2018-12-17T15:47:47.135166
Engineering;2018-12-17T15:47:47.135166
Engineering;2018-12-17T09:04:31.603243
Chemical Engineering;2018-12-17T09:04:31.603243
Nanoscience and Nanotechnology;2018-12-16T15:03:55.203788
Engineering;2018-12-16T15:03:55.203788
Computer Engineering;2018-12-11T19:12:37.945822
Engineering;2018-12-11T19:12:37.945822
Digital Communications and Networking;2018-12-11T19:12:37.945822
Engineering Education;2018-12-11T19:12:37.945822
Computer Engineering;2018-12-11T19:09:10.977483
Engineering;2018-12-11T19:09:10.977483
Digital Communications and Networking;2018-12-11T19:09:10.977483
Computer Engineering;2018-12-11T19:05:25.284783
Engineering;2018-12-11T19:05:25.284783
Digital Communications and Networking;2018-12-11T19:05:25.284783
Computer Engineering;2018-12-11T17:44:41.926031
Engineering;2018-12-11T17:44:41.926031
Digital Communications and Networking;2018-12-11T17:44:41.926031
Computer Engineering;2018-12-11T17:13:14.616921
Engineering;2018-12-11T17:13:14.616921
Digital Communications and Networking;2018-12-11T17:13:14.616921
Computer Engineering;2018-12-10T18:36:37.351781
Engineering;2018-12-10T18:36:37.351781
Digital Communications and Networking;2018-12-10T18:36:37.351781
Digital Communications and Networking;2018-12-11T18:11:43.861031
Computer Engineering;2018-12-11T18:11:43.861031
Systems and Communications;2018-12-11T18:11:43.861031
Other Electrical and Computer Engineering;2018-12-11T18:11:43.861031
Electrical and Computer Engineering;2018-12-11T18:11:43.861031
Engineering;2018-12-11T18:11:43.861031
Transport Phenomena;2018-12-08T22:13:36.215143
Fluid Mechanics;2018-12-08T22:13:36.215143
Civil and Environmental Engineering;2018-12-08T22:13:36.215143
Mechanical Engineering;2018-12-08T22:13:36.215143
Membrane Science;2018-12-08T22:13:36.215143
Engineering;2018-12-08T22:13:36.215143
Chemical Engineering;2018-12-08T22:13:36.215143
Polymer Science;2018-12-08T21:57:49.831528
Transport Phenomena;2018-12-08T21:57:49.831528
Civil and Environmental Engineering;2018-12-08T21:57:49.831528
Membrane Science;2018-12-08T21:57:49.831528
Engineering;2018-12-08T21:57:49.831528
Chemical Engineering;2018-12-08T21:57:49.831528
Engineering;2018-12-10T15:10:53.136159
Chemical Engineering;2018-12-10T15:10:53.136159
Materials Science and Engineering;2018-12-08T14:11:35.805875
Structural Materials;2018-12-08T14:11:35.805875
Engineering;2018-12-08T14:11:35.805875
Chemical Engineering;2018-12-08T14:11:35.805875
Other Materials Science and Engineering;2018-12-08T14:11:35.805875
Engineering;2018-12-07T00:47:11.618876
Applied Mechanics;2018-12-07T00:47:11.618876
Mechanical Engineering;2018-12-07T00:47:11.618876
Other Engineering;2018-12-06T17:26:35.366641
Engineering;2018-12-06T17:26:35.366641
Engineering Education;2018-12-06T17:26:35.366641
Materials Science and Engineering;2018-12-06T00:48:09.283131
Engineering;2018-12-06T00:48:09.283131
Computer Engineering;2018-12-05T17:50:51.210183
Engineering;2018-12-05T17:50:51.210183
Digital Communications and Networking;2018-12-05T17:50:51.210183
Aviation;2018-12-05T17:50:51.210183
Automotive Engineering;2018-12-05T11:28:30.109333
Engineering;2018-12-05T11:28:30.109333
Operations Research, Systems Engineering and Industrial Engineering;2018-12-04T05:51:51.609758
Engineering;2018-12-04T05:51:51.609758
Manufacturing Engineering;2018-12-04T05:51:51.609758
Industrial Engineering;2018-12-04T05:51:51.609758
Computer and Systems Architecture;2018-12-01T08:36:27.066011
Computer Engineering;2018-12-01T08:36:27.066011
Engineering;2018-12-01T08:36:27.066011
Computational Engineering;2018-12-01T08:36:27.066011
Structures and Materials;2018-12-01T04:00:29.682929
Computer Engineering;2018-12-01T04:00:29.682929
Civil Engineering;2018-12-01T04:00:29.682929
Computer-Aided Engineering and Design;2018-12-01T04:00:29.682929
Aerospace Engineering;2018-12-01T04:00:29.682929
Civil and Environmental Engineering;2018-12-01T04:00:29.682929
Structural Engineering;2018-12-01T04:00:29.682929
Mechanical Engineering;2018-12-01T04:00:29.682929
Computational Engineering;2018-12-01T04:00:29.682929
Engineering;2018-12-01T04:00:29.682929
Architectural Engineering;2018-12-01T04:00:29.682929
Computer Engineering;2018-11-30T11:12:43.992373
Engineering;2018-11-30T11:12:43.992373
Computational Engineering;2018-11-30T11:12:43.992373
Manufacturing Engineering;2018-11-30T11:12:43.992373
Engineering;2018-11-30T05:38:20.538580
Energy Systems;2018-11-30T05:38:20.538580
Mechanical Engineering;2018-11-30T05:38:20.538580
Engineering;2018-11-30T01:46:40.718645
Energy Systems;2018-11-30T01:46:40.718645
Mechanical Engineering;2018-11-30T01:46:40.718645
Computer Engineering;2018-11-30T00:44:09.160509
Civil Engineering;2018-11-30T00:44:09.160509
Computer-Aided Engineering and Design;2018-11-30T00:44:09.160509
Civil and Environmental Engineering;2018-11-30T00:44:09.160509
Structural Engineering;2018-11-30T00:44:09.160509
Mechanical Engineering;2018-11-30T00:44:09.160509
Computational Engineering;2018-11-30T00:44:09.160509
Other Computer Engineering;2018-11-30T00:44:09.160509
Engineering;2018-11-30T00:44:09.160509
Architectural Engineering;2018-11-30T00:44:09.160509
Computational Engineering;2018-11-29T16:35:20.832728
Engineering;2018-11-29T16:35:20.832728
Mechanical Engineering;2018-11-29T16:35:20.832728
Computer Engineering;2018-11-27T08:22:09.863493
Engineering;2018-11-27T08:22:09.863493
Digital Communications and Networking;2018-11-27T08:22:09.863493
Other Aerospace Engineering;2018-11-26T09:27:11.045197
Engineering;2018-11-26T09:27:11.045197
Aerospace Engineering;2018-11-26T09:27:11.045197
Automotive Engineering;2018-11-26T07:10:11.134556
Fluid Mechanics;2018-11-26T07:10:11.134556
Manufacturing Engineering;2018-11-26T07:10:11.134556
Mechanical Engineering;2018-11-26T07:10:11.134556
Engineering;2018-11-26T07:10:11.134556
Engineering;2018-11-25T08:10:10.454160
Mechanical Engineering;2018-11-25T08:10:10.454160
Computational Engineering;2018-11-22T12:34:03.435526
Engineering;2018-11-22T12:34:03.435526
Mechanical Engineering;2018-11-22T12:34:03.435526
Construction Engineering and Management;2018-11-18T03:38:52.460770
Mechanics of Materials;2018-11-18T03:38:52.460770
Engineering;2018-11-18T03:38:52.460770
Computer Engineering;2018-11-18T03:38:52.460770
Civil Engineering;2018-11-18T03:38:52.460770
Transportation Engineering;2018-11-18T03:38:52.460770
Civil and Environmental Engineering;2018-11-18T03:38:52.460770
Other Engineering;2018-11-18T03:38:52.460770
Computational Engineering;2018-11-18T03:38:52.460770
Other Computer Engineering;2018-11-18T03:38:52.460770
Engineering Science and Materials;2018-11-18T03:38:52.460770
Materials Science and Engineering;2018-11-16T02:14:13.426372
Biology and Biomimetic Materials;2018-11-16T02:14:13.426372
Engineering;2018-11-16T02:14:13.426372
Combustion;2018-11-15T21:46:23.999998
Engineering;2018-11-15T21:46:23.999998
Mechanical Engineering;2018-11-15T21:46:23.999998
Combustion;2018-11-15T21:39:30.668652
Engineering;2018-11-15T21:39:30.668652
Mechanical Engineering;2018-11-15T21:39:30.668652
Engineering;2018-11-14T05:50:34.225383
Applied Mechanics;2018-11-14T05:50:34.225383
Mechanical Engineering;2018-11-14T05:50:34.225383
Materials Science and Engineering;2018-11-12T21:08:14.416001
Semiconductor and Optical Materials;2018-11-12T21:08:14.416001
Nanoscience and Nanotechnology;2018-11-12T21:08:14.416001
Polymer and Organic Materials;2018-11-12T21:08:14.416001
Engineering;2018-11-12T21:08:14.416001
Other Civil and Environmental Engineering;2018-11-12T17:30:55.981954
Civil Engineering;2018-11-12T17:30:55.981954
Transportation Engineering;2018-11-12T17:30:55.981954
Structural Engineering;2018-11-12T17:30:55.981954
Civil and Environmental Engineering;2018-11-12T17:30:55.981954
Engineering;2018-11-12T17:30:55.981954
Materials Science and Engineering;2018-11-12T02:41:22.915019
Polymer and Organic Materials;2018-11-12T02:41:22.915019
Engineering;2018-11-12T02:41:22.915019
Automotive Engineering;2018-11-11T03:34:32.272759
Structures and Materials;2018-11-11T03:34:32.272759
Engineering;2018-11-11T03:34:32.272759
Computer Engineering;2018-11-11T03:34:32.272759
Civil Engineering;2018-11-11T03:34:32.272759
Aerospace Engineering;2018-11-11T03:34:32.272759
Dynamics and Dynamical Systems;2018-11-11T03:34:32.272759
Civil and Environmental Engineering;2018-11-11T03:34:32.272759
Structural Engineering;2018-11-11T03:34:32.272759
Mechanical Engineering;2018-11-11T03:34:32.272759
Computational Engineering;2018-11-11T03:34:32.272759
Other Computer Engineering;2018-11-11T03:34:32.272759
Architectural Engineering;2018-11-11T03:34:32.272759
Engineering Science and Materials;2018-11-11T03:34:32.272759
Construction Engineering and Management;2018-11-10T23:21:49.413982
Civil and Environmental Engineering;2018-11-10T23:21:49.413982
Engineering;2018-11-10T23:21:49.413982
Operations Research, Systems Engineering and Industrial Engineering;2018-11-08T14:02:21.846012
Engineering;2018-11-08T14:02:21.846012
Systems Engineering;2018-11-08T14:02:21.846012
Engineering;2018-11-07T20:08:45.138861
Acoustics, Dynamics, and Controls;2018-11-07T20:08:45.138861
Mechanical Engineering;2018-11-07T20:08:45.138861
Electrical and Computer Engineering;2018-11-07T17:16:23.915509
Engineering;2018-11-07T17:16:23.915509
Systems and Communications;2018-11-07T17:16:23.915509
Electrical and Computer Engineering;2018-11-06T16:31:08.260134
Engineering;2018-11-06T16:31:08.260134
Signal Processing;2018-11-06T16:31:08.260134
Computer Engineering;2018-11-05T22:08:58.355653
Mechanical Engineering;2018-11-05T22:08:58.355653
Design Engineering;2018-11-05T22:08:58.355653
Engineering;2018-11-05T22:08:58.355653
Robotics;2018-11-05T22:08:58.355653
Automotive Engineering;2018-11-02T21:43:24.646367
Engineering;2018-11-02T21:43:24.646367
Energy Systems;2018-11-02T21:43:24.646367
Mechanical Engineering;2018-11-02T21:43:24.646367
Computer Engineering;2018-11-01T15:14:22.130682
Engineering;2018-11-01T15:14:22.130682
Robotics;2018-11-01T15:14:22.130682
Computer Engineering;2018-11-01T05:13:15.265158
Other Computer Engineering;2018-11-01T05:13:15.265158
Engineering;2018-11-01T05:13:15.265158
Design Engineering;2018-10-30T15:11:15.690764
Engineering;2018-10-30T15:11:15.690764
Mechanical Engineering;2018-10-30T15:11:15.690764
Engineering;2018-10-25T12:09:45.033536
Manufacturing Engineering;2018-10-25T12:09:45.033536
Digital Communications and Networking;2018-10-25T10:41:58.455981
Computer Engineering;2018-10-25T10:41:58.455981
Engineering Education;2018-10-25T10:41:58.455981
Electrical and Computer Engineering;2018-10-25T10:41:58.455981
Engineering;2018-10-25T10:41:58.455981
Digital Communications and Networking;2018-10-25T07:22:47.522861
Engineering;2018-10-25T07:22:47.522861
Computer Engineering;2018-10-25T07:22:47.522861
Electrical and Computer Engineering;2018-10-25T07:22:47.522861
Computational Engineering;2018-10-25T07:22:47.522861
Electrical and Computer Engineering;2018-10-21T11:53:10.507355
Computer Engineering;2018-10-21T11:53:10.507355
Engineering;2018-10-21T11:53:10.507355
Digital Communications and Networking;2018-10-21T11:53:10.507355
Manufacturing Engineering;2018-10-20T08:29:13.646212
Mechanical Engineering;2018-10-20T08:29:13.646212
Electrical and Computer Engineering;2018-10-20T08:29:13.646212
Engineering;2018-10-20T08:29:13.646212
Engineering Science and Materials;2018-10-20T08:29:13.646212
Engineering;2018-10-17T21:45:01.342512
Civil Engineering;2018-10-17T21:45:01.342512
Transportation Engineering;2018-10-17T21:45:01.342512
Structural Engineering;2018-10-17T21:45:01.342512
Civil and Environmental Engineering;2018-10-17T21:45:01.342512
Computational Engineering;2018-10-17T21:45:01.342512
Materials Science and Engineering;2018-10-15T19:41:44.444581
Nanoscience and Nanotechnology;2018-10-15T19:41:44.444581
Engineering;2018-10-15T19:41:44.444581
Electrical and Computer Engineering;2018-10-15T19:41:44.444581
Biomedical Engineering and Bioengineering;2018-10-15T18:40:57.384565
Molecular, Cellular, and Tissue Engineering;2018-10-15T18:40:57.384565
Engineering;2018-10-15T18:40:57.384565
Civil Engineering;2018-10-15T04:45:18.625763
Transportation Engineering;2018-10-15T04:45:18.625763
Operations Research, Systems Engineering and Industrial Engineering;2018-10-15T04:45:18.625763
Other Engineering;2018-10-15T04:45:18.625763
Civil and Environmental Engineering;2018-10-15T04:45:18.625763
Systems Engineering;2018-10-15T04:45:18.625763
Engineering;2018-10-15T04:45:18.625763
Electrical and Computer Engineering;2018-10-14T12:46:09.939542
Engineering;2018-10-14T12:46:09.939542
Controls and Control Theory;2018-10-14T12:46:09.939542
Electrical and Computer Engineering;2018-10-11T08:25:43.351856
Engineering;2018-10-11T08:25:43.351856
Power and Energy;2018-10-11T08:25:43.351856
Electrical and Computer Engineering;2018-10-11T08:24:25.651458
Engineering;2018-10-11T08:24:25.651458
Power and Energy;2018-10-11T08:24:25.651458
Electrical and Computer Engineering;2018-10-11T08:22:29.068967
Engineering;2018-10-11T08:22:29.068967
Power and Energy;2018-10-11T08:22:29.068967
Biomechanical Engineering;2018-10-09T19:28:45.492090
Engineering;2018-10-09T19:28:45.492090
Mechanical Engineering;2018-10-09T19:28:45.492090
Biomechanical Engineering;2018-10-09T19:18:52.729555
Engineering;2018-10-09T19:18:52.729555
Mechanical Engineering;2018-10-09T19:18:52.729555
Biomedical Engineering and Bioengineering;2018-10-05T12:28:10.672731
Engineering;2018-10-05T12:28:10.672731
Other Biomedical Engineering and Bioengineering;2018-10-05T12:28:10.672731
Civil and Environmental Engineering;2018-10-04T20:22:25.736872
Engineering;2018-10-04T20:22:25.736872
Structural Engineering;2018-10-04T20:22:25.736872
Materials Science and Engineering;2018-10-02T06:56:50.568957
Other Engineering;2018-10-02T06:56:50.568957
Manufacturing Engineering;2018-10-02T06:56:50.568957
Mechanical Engineering;2018-10-02T06:56:50.568957
Engineering;2018-10-02T06:56:50.568957
Engineering Science and Materials;2018-10-02T06:56:50.568957
Engineering Physics;2018-10-01T14:14:14.737908
Engineering;2018-10-01T14:14:14.737908
Engineering Physics;2018-10-01T14:09:21.765074
Engineering;2018-10-01T14:09:21.765074
Engineering Physics;2018-10-01T14:03:36.599743
Engineering;2018-10-01T14:03:36.599743
Engineering Physics;2018-10-01T13:55:31.523064
Engineering;2018-10-01T13:55:31.523064
Electrical and Electronics;2018-09-28T15:14:22.615434
Electronic Devices and Semiconductor Manufacturing;2018-09-28T15:14:22.615434
Materials Science and Engineering;2018-09-28T15:14:22.615434
Nanotechnology Fabrication;2018-09-28T15:14:22.615434
Computer Engineering;2018-09-28T15:14:22.615434
VLSI and Circuits, Embedded and Hardware Systems;2018-09-28T15:14:22.615434
Nanoscience and Nanotechnology;2018-09-28T15:14:22.615434
Hardware Systems;2018-09-28T15:14:22.615434
Electrical and Computer Engineering;2018-09-28T15:14:22.615434
Engineering;2018-09-28T15:14:22.615434
Other Materials Science and Engineering;2018-09-28T15:14:22.615434
Engineering;2018-09-27T14:23:27.086166
Computer Engineering;2018-09-27T14:23:27.086166
Electrical and Computer Engineering;2018-09-27T14:23:27.086166
Computational Engineering;2018-09-27T14:23:27.086166
Other Computer Engineering;2018-09-27T14:23:27.086166
Fluid Mechanics;2018-09-27T01:58:03.886134
Engineering;2018-09-27T01:58:03.886134
Mechanical Engineering;2018-09-27T01:58:03.886134
Civil and Environmental Engineering;2018-09-25T17:52:14.140128
Risk Analysis;2018-09-25T17:52:14.140128
Engineering;2018-09-25T17:52:14.140128
Computer Engineering;2018-09-24T05:37:30.886326
Other Electrical and Computer Engineering;2018-09-24T05:37:30.886326
Electrical and Computer Engineering;2018-09-24T05:37:30.886326
Computational Engineering;2018-09-24T05:37:30.886326
Engineering;2018-09-24T05:37:30.886326
Controls and Control Theory;2018-09-21T20:09:33.289651
Computer Engineering;2018-09-21T20:09:33.289651
Design Engineering;2018-09-21T20:09:33.289651
Mechanical Engineering;2018-09-21T20:09:33.289651
Electrical and Computer Engineering;2018-09-21T20:09:33.289651
Engineering;2018-09-21T20:09:33.289651
Robotics;2018-09-21T20:09:33.289651
Multi-Vehicle Systems and Air Traffic Control;2018-09-21T06:50:14.835902
Engineering;2018-09-21T06:50:14.835902
Aeronautical Vehicles;2018-09-21T06:50:14.835902
Aerospace Engineering;2018-09-21T06:50:14.835902
Other Materials Science and Engineering;2018-09-12T14:28:35.063576
Materials Science and Engineering;2018-09-12T14:28:35.063576
Engineering;2018-09-12T14:28:35.063576
Metallurgy;2018-09-12T14:28:35.063576
Computational Engineering;2018-09-12T14:28:35.063576
Ceramic Materials;2018-09-12T14:28:35.063576
Engineering Science and Materials;2018-09-12T14:28:35.063576
Nanoscience and Nanotechnology;2018-09-11T19:02:28.356871
Electro-Mechanical Systems;2018-09-11T19:02:28.356871
Engineering;2018-09-11T19:02:28.356871
Mechanical Engineering;2018-09-11T19:02:28.356871
Materials Science and Engineering;2018-09-09T21:10:40.923792
Other Mechanical Engineering;2018-09-09T21:10:40.923792
Polymer and Organic Materials;2018-09-09T21:10:40.923792
Mechanical Engineering;2018-09-09T21:10:40.923792
Engineering;2018-09-09T21:10:40.923792
Materials Science and Engineering;2018-09-07T16:05:21.227873
Engineering;2018-09-07T16:05:21.227873
Metallurgy;2018-09-07T16:05:21.227873
Combustion;2018-09-03T20:17:50.932967
Automotive Engineering;2018-09-03T20:17:50.932967
Engineering;2018-09-03T20:17:50.932967
Mechanical Engineering;2018-09-03T20:17:50.932967
Engineering;2018-09-03T20:03:45.373509
Engineering Education;2018-09-03T20:03:45.373509
Biomedical Engineering and Bioengineering;2018-09-03T19:57:18.242095
Mechanical Engineering;2018-09-03T19:57:18.242095
Biomechanical Engineering;2018-09-03T19:57:18.242095
Biomedical Devices and Instrumentation;2018-09-03T19:57:18.242095
Design Engineering;2018-09-03T19:57:18.242095
Engineering;2018-09-03T19:57:18.242095
Biomedical Engineering and Bioengineering;2018-09-03T19:49:47.317994
Computer Engineering;2018-09-03T19:49:47.317994
Mechanical Engineering;2018-09-03T19:49:47.317994
Engineering;2018-09-03T19:49:47.317994
Robotics;2018-09-03T19:49:47.317994
Biomedical Engineering and Bioengineering;2018-09-03T19:43:46.522870
Computer Engineering;2018-09-03T19:43:46.522870
Mechanical Engineering;2018-09-03T19:43:46.522870
Engineering;2018-09-03T19:43:46.522870
Robotics;2018-09-03T19:43:46.522870
Computer and Systems Architecture;2018-09-03T03:02:29.330432
Computer Engineering;2018-09-03T03:02:29.330432
Engineering;2018-09-03T03:02:29.330432
Electro-Mechanical Systems;2018-08-29T19:43:25.549343
Engineering;2018-08-29T19:43:25.549343
Mechanical Engineering;2018-08-29T19:43:25.549343
Electrical and Computer Engineering;2018-08-23T12:13:04.759276
Engineering;2018-08-23T12:13:04.759276
Systems and Communications;2018-08-23T12:13:04.759276
Engineering Mechanics;2018-08-21T16:32:19.506126
Polymer and Organic Materials;2018-08-21T16:32:19.506126
Biomechanical Engineering;2018-08-21T16:32:19.506126
Other Mechanical Engineering;2018-08-21T16:32:19.506126
Biomaterials;2018-08-21T16:32:19.506126
Other Engineering;2018-08-21T16:32:19.506126
Manufacturing Engineering;2018-08-21T16:32:19.506126
Mechanical Engineering;2018-08-21T16:32:19.506126
Structural Materials;2018-08-21T16:32:19.506126
Computational Engineering;2018-08-21T16:32:19.506126
Engineering Science and Materials;2018-08-21T16:32:19.506126
Biomedical Engineering and Bioengineering;2018-08-21T16:32:19.506126
Materials Science and Engineering;2018-08-21T16:32:19.506126
Computer-Aided Engineering and Design;2018-08-21T16:32:19.506126
Other Computer Engineering;2018-08-21T16:32:19.506126
Applied Mechanics;2018-08-21T16:32:19.506126
Mechanics of Materials;2018-08-21T16:32:19.506126
Computer Engineering;2018-08-21T16:32:19.506126
Other Biomedical Engineering and Bioengineering;2018-08-21T16:32:19.506126
Design Engineering;2018-08-21T16:32:19.506126
Other Engineering Science and Materials;2018-08-21T16:32:19.506126
Engineering;2018-08-21T16:32:19.506126
Design Engineering;2018-08-20T17:46:34.603428
Other Engineering;2018-08-20T17:46:34.603428
Engineering;2018-08-20T17:46:34.603428
Mechanical Engineering;2018-08-20T17:46:34.603428
Biomedical Engineering and Bioengineering;2018-08-17T21:05:10.331841
Computer Engineering;2018-08-17T21:05:10.331841
Mechanical Engineering;2018-08-17T21:05:10.331841
Biomedical Devices and Instrumentation;2018-08-17T21:05:10.331841
Design Engineering;2018-08-17T21:05:10.331841
Engineering;2018-08-17T21:05:10.331841
Robotics;2018-08-17T21:05:10.331841
Engineering;2018-08-17T19:19:35.666702
Aerospace Engineering;2018-08-17T19:19:35.666702
Civil and Environmental Engineering;2018-08-15T10:28:00.505479
Engineering;2018-08-15T10:28:00.505479
Hydraulic Engineering;2018-08-15T10:28:00.505479
Civil and Environmental Engineering;2018-08-15T10:18:53.525830
Environmental Engineering;2018-08-15T10:18:53.525830
Engineering;2018-08-15T10:18:53.525830
Hydraulic Engineering;2018-08-15T10:18:53.525830
Civil and Environmental Engineering;2018-08-15T10:14:04.503485
Engineering;2018-08-15T10:14:04.503485
Hydraulic Engineering;2018-08-15T10:14:04.503485
Materials Science and Engineering;2018-08-15T03:48:47.599984
Aerospace Engineering;2018-08-15T03:48:47.599984
Manufacturing Engineering;2018-08-15T03:48:47.599984
Mechanical Engineering;2018-08-15T03:48:47.599984
Engineering;2018-08-15T03:48:47.599984
Materials Science and Engineering;2018-08-13T03:55:20.106893
Engineering;2018-08-13T03:55:20.106893
Manufacturing Engineering;2018-08-13T03:55:20.106893
Mechanical Engineering;2018-08-13T03:55:20.106893
Electrical and Computer Engineering;2018-08-07T14:53:20.763732
Computer Engineering;2018-08-07T14:53:20.763732
Engineering;2018-08-07T14:53:20.763732
Digital Communications and Networking;2018-08-07T14:53:20.763732
Electrical and Electronics;2018-07-30T09:27:07.503568
Engineering Physics;2018-07-30T09:27:07.503568
Systems and Communications;2018-07-30T09:27:07.503568
Signal Processing;2018-07-30T09:27:07.503568
Engineering Education;2018-07-30T09:27:07.503568
Electrical and Computer Engineering;2018-07-30T09:27:07.503568
Engineering;2018-07-30T09:27:07.503568
Catalysis and Reaction Engineering;2018-07-30T04:47:07.885000
Engineering;2018-07-30T04:47:07.885000
Chemical Engineering;2018-07-30T04:47:07.885000
Fluid Mechanics;2018-07-30T03:43:42.939265
Engineering;2018-07-30T03:43:42.939265
Chemical Engineering;2018-07-30T03:43:42.939265
Mechanical Engineering;2018-07-30T03:43:42.939265
Automotive Engineering;2018-07-25T09:32:20.410236
Engineering;2018-07-25T09:32:20.410236
Biomedical Engineering and Bioengineering;2018-07-20T16:37:16.887987
Materials Science and Engineering;2018-07-20T16:37:16.887987
Biomaterials;2018-07-20T16:37:16.887987
Manufacturing Engineering;2018-07-20T16:37:16.887987
Engineering;2018-07-20T16:37:16.887987
Ceramic Materials;2018-07-20T16:37:16.887987
Engineering Science and Materials;2018-07-20T16:37:16.887987
Materials Science and Engineering;2018-07-20T16:28:48.258946
Other Engineering;2018-07-20T16:28:48.258946
Manufacturing Engineering;2018-07-20T16:28:48.258946
Engineering;2018-07-20T16:28:48.258946
Engineering Science and Materials;2018-07-20T16:28:48.258946
Computer Engineering;2018-07-20T04:29:31.440151
Digital Circuits;2018-07-20T04:29:31.440151
Engineering;2018-07-20T04:29:31.440151
Operations Research, Systems Engineering and Industrial Engineering;2018-07-20T01:45:08.549393
Other Engineering;2018-07-20T01:45:08.549393
Engineering;2018-07-20T01:45:08.549393
Manufacturing Engineering;2018-07-20T01:45:08.549393
Biomedical Engineering and Bioengineering;2018-07-19T16:45:14.724992
Bioelectrical and Neuroengineering;2018-07-19T16:45:14.724992
Engineering;2018-07-19T16:45:14.724992
Civil and Environmental Engineering;2018-07-18T16:26:21.033454
Other Engineering;2018-07-18T16:26:21.033454
Engineering;2018-07-18T16:26:21.033454
Engineering Physics;2018-07-18T16:26:21.033454
Design Engineering;2018-07-17T22:22:39.942964
Engineering;2018-07-17T22:22:39.942964
Energy Systems;2018-07-17T22:22:39.942964
Mechanical Engineering;2018-07-17T22:22:39.942964
Electrical and Computer Engineering;2018-07-17T03:37:15.653808
Engineering;2018-07-17T03:37:15.653808
Systems and Communications;2018-07-17T03:37:15.653808
Construction Engineering and Management;2018-07-16T17:01:40.919704
Civil and Environmental Engineering;2018-07-16T17:01:40.919704
Engineering;2018-07-16T17:01:40.919704
Structural Engineering;2018-07-16T17:01:40.919704
Biomedical Engineering and Bioengineering;2018-07-14T01:37:13.826689
Engineering;2018-07-14T01:37:13.826689
Biomechanics and Biotransport;2018-07-14T01:37:13.826689
Materials Science and Engineering;2018-07-12T06:46:53.416902
Engineering;2018-07-12T06:46:53.416902
Manufacturing Engineering;2018-07-12T06:46:53.416902
Mechanical Engineering;2018-07-12T06:46:53.416902
Design Engineering;2018-07-03T07:14:34.570000
Engineering;2018-07-03T07:14:34.570000
Mechanical Engineering;2018-07-03T07:14:34.570000
Engineering;2018-06-28T07:17:13.739984
Chemical Engineering;2018-06-28T07:17:13.739984
Electrical and Computer Engineering;2018-06-26T16:42:00.364516
Computer Engineering;2018-06-26T16:42:00.364516
Engineering;2018-06-26T16:42:00.364516
Systems and Communications;2018-06-26T16:42:00.364516
Engineering;2018-06-26T15:47:24.806850
Systems Engineering and Multidisciplinary Design Optimization;2018-06-26T15:47:24.806850
Aerospace Engineering;2018-06-26T15:47:24.806850
Electrical and Computer Engineering;2018-06-26T00:24:25.613871
Civil and Environmental Engineering;2018-06-26T00:24:25.613871
Engineering;2018-06-26T00:24:25.613871
Power and Energy;2018-06-26T00:24:25.613871
Fluid Mechanics;2018-06-24T19:41:47.181580
Other Mechanical Engineering;2018-06-24T19:41:47.181580
Other Engineering;2018-06-24T19:41:47.181580
Mechanical Engineering;2018-06-24T19:41:47.181580
Engineering;2018-06-24T19:41:47.181580
Fluid Mechanics;2018-06-24T05:19:19.619436
Computational Engineering;2018-06-24T05:19:19.619436
Engineering;2018-06-24T05:19:19.619436
Mechanical Engineering;2018-06-24T05:19:19.619436
Tribology;2018-06-21T15:09:48.634882
Engineering;2018-06-21T15:09:48.634882
Mechanical Engineering;2018-06-21T15:09:48.634882
Computational Engineering;2018-06-21T15:09:48.634882
Engineering Science and Materials;2018-06-21T15:09:48.634882
Engineering;2018-06-15T16:38:12.958917
Engineering Education;2018-06-15T16:38:12.958917
Design Engineering;2018-06-14T12:08:45.331137
Engineering;2018-06-14T12:08:45.331137
Mechanical Engineering;2018-06-14T12:08:45.331137
Engineering;2018-06-14T12:05:10.272564
Energy Systems;2018-06-14T12:05:10.272564
Mechanical Engineering;2018-06-14T12:05:10.272564
Automotive Engineering;2018-06-10T20:37:22.731155
Engineering;2018-06-10T20:37:22.731155
Automotive Engineering;2018-06-10T20:25:44.215091
Engineering;2018-06-10T20:25:44.215091
Automotive Engineering;2018-06-10T03:48:12.121144
Engineering;2018-06-10T03:48:12.121144
Design Engineering;2018-06-07T14:51:30.871216
Engineering;2018-06-07T14:51:30.871216
Mechanical Engineering;2018-06-07T14:51:30.871216
Design Engineering;2018-06-06T21:05:39.523449
Engineering;2018-06-06T21:05:39.523449
Mechanical Engineering;2018-06-06T21:05:39.523449
Design Engineering;2018-06-06T20:04:38.461789
Engineering;2018-06-06T20:04:38.461789
Mechanical Engineering;2018-06-06T20:04:38.461789
Electrical and Computer Engineering;2018-06-05T02:53:04.613352
Biomedical Engineering and Bioengineering;2018-06-05T02:53:04.613352
Engineering;2018-06-05T02:53:04.613352
Biomedical;2018-06-05T02:53:04.613352
Biomedical Engineering and Bioengineering;2018-05-29T17:48:56.080158
Engineering;2018-05-29T17:48:56.080158
Biological Engineering;2018-05-29T17:48:56.080158
Biomedical Devices and Instrumentation;2018-05-29T17:48:56.080158
Civil and Environmental Engineering;2018-05-28T22:23:07.304682
Environmental Engineering;2018-05-28T22:23:07.304682
Engineering;2018-05-28T22:23:07.304682
Design Engineering;2018-05-24T08:30:52.144608
Engineering;2018-05-24T08:30:52.144608
Mechanical Engineering;2018-05-24T08:30:52.144608
Design Engineering;2018-05-24T08:27:56.879557
Engineering;2018-05-24T08:27:56.879557
Mechanical Engineering;2018-05-24T08:27:56.879557
Design Engineering;2018-05-24T08:25:01.663746
Computer-Aided Engineering and Design;2018-05-24T08:25:01.663746
Engineering;2018-05-24T08:25:01.663746
Mechanical Engineering;2018-05-24T08:25:01.663746
Civil and Environmental Engineering;2018-05-24T08:18:43.200530
Engineering;2018-05-24T08:18:43.200530
Engineering Education;2018-05-24T08:18:43.200530
Other Civil and Environmental Engineering;2018-05-24T08:18:43.200530
Biomedical Engineering and Bioengineering;2018-05-21T20:48:08.188078
Engineering;2018-05-21T20:48:08.188078
Biomechanics and Biotransport;2018-05-21T20:48:08.188078
Design Engineering;2018-05-21T20:10:36.243372
Engineering;2018-05-21T20:10:36.243372
Mechanical Engineering;2018-05-21T20:10:36.243372
Power and Energy;2018-05-20T20:13:43.491891
Systems and Communications;2018-05-20T20:13:43.491891
Electrical and Computer Engineering;2018-05-20T20:13:43.491891
Engineering;2018-05-20T20:13:43.491891
Controls and Control Theory;2018-05-20T20:13:43.491891
Engineering;2018-05-20T19:46:25.637904
Mining Engineering;2018-05-19T19:12:53.767200
Engineering;2018-05-19T19:12:53.767200
Operational Research;2018-05-17T09:17:26.610695
Operations Research, Systems Engineering and Industrial Engineering;2018-05-17T09:17:26.610695
Engineering;2018-05-17T09:17:26.610695
Operations Research, Systems Engineering and Industrial Engineering;2018-05-16T12:22:53.100704
Other Engineering;2018-05-16T12:22:53.100704
Engineering;2018-05-16T12:22:53.100704
Computer Engineering;2018-05-16T05:31:30.402255
Digital Circuits;2018-05-16T05:31:30.402255
Engineering;2018-05-16T05:31:30.402255
Civil and Environmental Engineering;2018-05-14T03:40:04.662829
Civil Engineering;2018-05-14T03:40:04.662829
Engineering;2018-05-14T03:40:04.662829
Civil and Environmental Engineering;2018-05-14T02:56:06.685869
Civil Engineering;2018-05-14T02:56:06.685869
Engineering;2018-05-14T02:56:06.685869
Biomedical Engineering and Bioengineering;2018-05-11T20:29:44.079489
Engineering;2018-05-11T20:29:44.079489
Biomedical Devices and Instrumentation;2018-05-11T20:29:44.079489
Computational Engineering;2018-05-11T20:29:44.079489
Biomechanics and Biotransport;2018-05-11T20:29:44.079489
Engineering;2018-05-11T13:52:41.598523
Applied Mechanics;2018-05-11T13:52:41.598523
Mechanical Engineering;2018-05-11T13:52:41.598523
Engineering;2018-05-11T00:53:08.102363
Civil and Environmental Engineering;2018-05-10T23:30:51.006615
Engineering;2018-05-10T23:30:51.006615
Geotechnical Engineering;2018-05-10T23:30:51.006615
Engineering;2018-05-10T22:43:53.751346
Applied Mechanics;2018-05-10T22:43:53.751346
Mechanical Engineering;2018-05-10T22:43:53.751346
Tribology;2018-05-02T12:29:55.493485
Engineering;2018-05-02T12:29:55.493485
Mechanical Engineering;2018-05-02T12:29:55.493485
Biomedical Engineering and Bioengineering;2018-05-01T17:32:35.353176
Biomaterials;2018-05-01T17:32:35.353176
Engineering;2018-05-01T17:32:35.353176
Design Engineering;2018-05-01T13:35:06.973933
Engineering;2018-05-01T13:35:06.973933
Mechanical Engineering;2018-05-01T13:35:06.973933
Design Engineering;2018-05-01T13:25:14.141317
Engineering;2018-05-01T13:25:14.141317
Mechanical Engineering;2018-05-01T13:25:14.141317
Design Engineering;2018-05-01T13:21:59.207302
Engineering;2018-05-01T13:21:59.207302
Mechanical Engineering;2018-05-01T13:21:59.207302
Design Engineering;2018-05-01T13:13:12.152685
Engineering;2018-05-01T13:13:12.152685
Mechanical Engineering;2018-05-01T13:13:12.152685
Computational Engineering;2018-05-01T13:10:13.361091
Engineering;2018-05-01T13:10:13.361091
Biomechanical Engineering;2018-04-29T06:24:37.958646
Engineering;2018-04-29T06:24:37.958646
Mechanical Engineering;2018-04-29T06:24:37.958646
Chemical Kinetics;2018-04-28T07:09:12.592037
Engineering;2018-04-28T07:09:12.592037
Chemical Engineering;2018-04-28T07:09:12.592037
Other Engineering;2018-04-27T08:24:24.602045
Engineering;2018-04-27T08:24:24.602045
Automotive Engineering;2018-04-26T20:43:47.444942
Electro-Mechanical Systems;2018-04-26T20:43:47.444942
Engineering;2018-04-26T20:43:47.444942
Mechanical Engineering;2018-04-26T20:43:47.444942
Engineering;2018-04-25T14:00:52.977726
Materials Science and Engineering;2018-04-25T12:42:51.995433
Tribology;2018-04-25T12:42:51.995433
Engineering;2018-04-25T12:42:51.995433
Mechanical Engineering;2018-04-25T12:42:51.995433
Biomedical Engineering and Bioengineering;2018-04-20T19:25:14.916811
Applied Mechanics;2018-04-20T19:25:14.916811
Mechanics of Materials;2018-04-20T19:25:14.916811
Materials Science and Engineering;2018-04-20T19:25:14.916811
Computer-Aided Engineering and Design;2018-04-20T19:25:14.916811
Engineering Mechanics;2018-04-20T19:25:14.916811
Biomedical Devices and Instrumentation;2018-04-20T19:25:14.916811
Bioimaging and Biomedical Optics;2018-04-20T19:25:14.916811
Biomechanical Engineering;2018-04-20T19:25:14.916811
Mechanical Engineering;2018-04-20T19:25:14.916811
Computational Engineering;2018-04-20T19:25:14.916811
Engineering;2018-04-20T19:25:14.916811
Biomechanics and Biotransport;2018-04-20T19:25:14.916811
Engineering Science and Materials;2018-04-20T19:25:14.916811
Computer Engineering;2018-04-20T10:59:47.592811
Digital Circuits;2018-04-20T10:59:47.592811
Engineering;2018-04-20T10:59:47.592811
Computer and Systems Architecture;2018-04-20T10:19:59.526272
Computer Engineering;2018-04-20T10:19:59.526272
Engineering;2018-04-20T10:19:59.526272
Computer and Systems Architecture;2018-04-20T10:16:12.633694
Computer Engineering;2018-04-20T10:16:12.633694
Engineering;2018-04-20T10:16:12.633694
Computer and Systems Architecture;2018-04-20T10:13:27.251794
Computer Engineering;2018-04-20T10:13:27.251794
Engineering;2018-04-20T10:13:27.251794
Computer and Systems Architecture;2018-04-20T10:12:06.650165
Computer Engineering;2018-04-20T10:12:06.650165
Engineering;2018-04-20T10:12:06.650165
Computer and Systems Architecture;2018-04-20T10:10:24.127550
Computer Engineering;2018-04-20T10:10:24.127550
Engineering;2018-04-20T10:10:24.127550
Computer and Systems Architecture;2018-04-20T10:00:44.098659
Computer Engineering;2018-04-20T10:00:44.098659
Engineering;2018-04-20T10:00:44.098659
Computer and Systems Architecture;2018-04-20T09:59:19.770481
Computer Engineering;2018-04-20T09:59:19.770481
Engineering;2018-04-20T09:59:19.770481
Computer and Systems Architecture;2018-04-20T09:57:12.476664
Computer Engineering;2018-04-20T09:57:12.476664
Engineering;2018-04-20T09:57:12.476664
Computer and Systems Architecture;2018-04-20T09:28:01.753810
Computer Engineering;2018-04-20T09:28:01.753810
Engineering;2018-04-20T09:28:01.753810
Computer and Systems Architecture;2018-04-20T09:23:54.764644
Computer Engineering;2018-04-20T09:23:54.764644
Engineering;2018-04-20T09:23:54.764644
Nuclear Engineering;2018-04-19T15:35:15.272541
Engineering;2018-04-19T15:35:15.272541
Process Control and Systems;2018-04-13T02:15:47.199873
Engineering;2018-04-13T02:15:47.199873
Chemical Engineering;2018-04-13T02:15:47.199873
Other Chemical Engineering;2018-04-13T02:15:47.199873
Chemical Kinetics;2018-04-08T21:16:12.424818
Engineering;2018-04-08T21:16:12.424818
Chemical Engineering;2018-04-08T21:16:12.424818
Construction Engineering and Management;2018-04-03T02:35:55.501267
Geotechnical Engineering;2018-04-03T02:35:55.501267
Civil Engineering;2018-04-03T02:35:55.501267
Civil and Environmental Engineering;2018-04-03T02:35:55.501267
Structural Engineering;2018-04-03T02:35:55.501267
Engineering;2018-04-03T02:35:55.501267
Engineering;2018-04-02T15:35:59.011677
Operations Research, Systems Engineering and Industrial Engineering;2018-04-02T15:35:59.011677
Electrical and Computer Engineering;2018-04-02T15:35:59.011677
Computational Engineering;2018-04-02T15:35:59.011677
Other Operations Research, Systems Engineering and Industrial Engineering;2018-04-02T15:35:59.011677
Fluid Mechanics;2018-03-30T04:59:47.525103
Engineering;2018-03-30T04:59:47.525103
Mechanical Engineering;2018-03-30T04:59:47.525103
Operational Research;2018-03-29T01:45:53.392228
Operations Research, Systems Engineering and Industrial Engineering;2018-03-29T01:45:53.392228
Engineering;2018-03-29T01:45:53.392228
Engineering;2018-03-26T19:06:30.759051
Chemical Engineering;2018-03-26T19:06:30.759051
Combustion;2018-03-21T18:12:42.222385
Engineering;2018-03-21T18:12:42.222385
Mechanical Engineering;2018-03-21T18:12:42.222385
Combustion;2018-03-21T18:05:19.460453
Engineering;2018-03-21T18:05:19.460453
Mechanical Engineering;2018-03-21T18:05:19.460453
Applied Mechanics;2018-03-21T10:51:23.895307
Engineering;2018-03-21T10:51:23.895307
Computer-Aided Engineering and Design;2018-03-21T10:51:23.895307
Civil and Environmental Engineering;2018-03-21T10:51:23.895307
Structural Engineering;2018-03-21T10:51:23.895307
Mechanical Engineering;2018-03-21T10:51:23.895307
Computational Engineering;2018-03-21T10:51:23.895307
Civil and Environmental Engineering;2018-03-18T22:04:52.303674
Civil Engineering;2018-03-18T22:04:52.303674
Engineering;2018-03-18T22:04:52.303674
Geotechnical Engineering;2018-03-18T22:04:52.303674
Construction Engineering and Management;2018-03-16T19:19:14.581649
Geotechnical Engineering;2018-03-16T19:19:14.581649
Civil and Environmental Engineering;2018-03-16T19:19:14.581649
Structural Engineering;2018-03-16T19:19:14.581649
Engineering;2018-03-16T19:19:14.581649
Biomedical Engineering and Bioengineering;2018-03-16T18:21:04.621837
Bioelectrical and Neuroengineering;2018-03-16T18:21:04.621837
Engineering;2018-03-16T18:21:04.621837
Construction Engineering and Management;2018-03-16T16:59:34.065977
Geotechnical Engineering;2018-03-16T16:59:34.065977
Civil and Environmental Engineering;2018-03-16T16:59:34.065977
Structural Engineering;2018-03-16T16:59:34.065977
Engineering;2018-03-16T16:59:34.065977
Automotive Engineering;2018-03-13T16:18:35.267182
Engineering;2018-03-13T16:18:35.267182
Automotive Engineering;2018-03-08T16:36:22.942914
Engineering;2018-03-08T16:36:22.942914
Civil and Environmental Engineering;2018-03-06T18:51:33.206425
Civil Engineering;2018-03-06T18:51:33.206425
Engineering;2018-03-06T18:51:33.206425
Fluid Mechanics;2018-03-06T01:54:41.098116
Propulsion and Power;2018-03-06T01:54:41.098116
Aerospace Engineering;2018-03-06T01:54:41.098116
Mechanical Engineering;2018-03-06T01:54:41.098116
Combustion;2018-03-06T01:54:41.098116
Engineering;2018-03-06T01:54:41.098116
Applied Mechanics;2018-03-03T19:31:53.354861
Engineering;2018-03-03T19:31:53.354861
Mechanical Engineering;2018-03-03T19:31:53.354861
Computational Engineering;2018-03-03T19:31:53.354861
Acoustics, Dynamics, and Controls;2018-03-03T19:31:53.354861
Operations Research, Systems Engineering and Industrial Engineering;2018-03-02T18:34:29.333609
Engineering;2018-03-02T18:34:29.333609
Mechanical Engineering;2018-03-02T18:34:29.333609
Structural Engineering;2018-02-28T13:13:26.792604
Civil and Environmental Engineering;2018-02-28T13:13:26.792604
Engineering;2018-02-28T13:13:26.792604
Mechanical Engineering;2018-02-28T13:13:26.792604
Materials Science and Engineering;2018-02-26T15:11:23.699073
Nanoscience and Nanotechnology;2018-02-26T15:11:23.699073
Engineering;2018-02-26T15:11:23.699073
Materials Science and Engineering;2018-02-23T20:50:28.172998
Polymer and Organic Materials;2018-02-23T20:50:28.172998
Engineering;2018-02-23T20:50:28.172998
Chemical Engineering;2018-02-23T20:50:28.172998
Operations Research, Systems Engineering and Industrial Engineering;2018-02-21T11:47:44.688722
Engineering;2018-02-21T11:47:44.688722
Systems Engineering;2018-02-21T11:47:44.688722
Automotive Engineering;2018-02-13T03:55:24.427290
Engineering;2018-02-13T03:55:24.427290
Automotive Engineering;2018-02-13T03:46:29.936478
Engineering;2018-02-13T03:46:29.936478
Automotive Engineering;2018-02-13T03:41:27.455580
Engineering;2018-02-13T03:41:27.455580
Automotive Engineering;2018-02-13T03:30:57.489396
Engineering;2018-02-13T03:30:57.489396
Engineering;2018-02-06T03:26:19.280480
Engineering Education;2018-02-06T03:26:19.280480
Design Engineering;2018-02-05T16:46:42.824662
Engineering;2018-02-05T16:46:42.824662
Mechanical Engineering;2018-02-05T16:46:42.824662
Design Engineering;2018-02-05T16:42:01.793717
Engineering;2018-02-05T16:42:01.793717
Mechanical Engineering;2018-02-05T16:42:01.793717
Construction Engineering and Management;2018-02-05T10:55:37.691531
Environmental Engineering;2018-02-05T10:55:37.691531
Engineering Physics;2018-02-05T10:55:37.691531
Civil and Environmental Engineering;2018-02-05T10:55:37.691531
Other Engineering;2018-02-05T10:55:37.691531
Engineering;2018-02-05T10:55:37.691531
Architectural Engineering;2018-02-05T10:55:37.691531
Civil and Environmental Engineering;2018-02-03T21:18:53.600454
Engineering;2018-02-03T21:18:53.600454
Structural Engineering;2018-02-03T21:18:53.600454
Ocean Engineering;2018-02-02T22:43:47.352532
Engineering;2018-02-02T22:43:47.352532
Mechanical Engineering;2018-02-02T22:43:47.352532
Biomedical Engineering and Bioengineering;2018-02-01T18:48:44.608930
Materials Science and Engineering;2018-02-01T18:48:44.608930
Engineering;2018-02-01T18:48:44.608930
Biomaterials;2018-02-01T18:48:44.608930
Manufacturing Engineering;2018-02-01T18:48:44.608930
Mechanical Engineering;2018-02-01T18:48:44.608930
Computational Engineering;2018-02-01T18:48:44.608930
Civil and Environmental Engineering;2018-02-01T08:46:12.574921
Engineering;2018-02-01T08:46:12.574921
Engineering Education;2018-02-01T08:46:12.574921
Computer-Aided Engineering and Design;2018-01-31T17:16:51.244307
Engineering;2018-01-31T17:16:51.244307
Mechanical Engineering;2018-01-31T17:16:51.244307
Operations Research, Systems Engineering and Industrial Engineering;2018-01-31T17:10:29.133194
Other Engineering;2018-01-31T17:10:29.133194
Engineering;2018-01-31T17:10:29.133194
Biomedical Engineering and Bioengineering;2018-01-30T12:31:05.281512
Engineering;2018-01-30T12:31:05.281512
Computer Engineering;2018-01-30T12:31:05.281512
Computational Engineering;2018-01-30T12:31:05.281512
Other Computer Engineering;2018-01-30T12:31:05.281512
Design Engineering;2018-01-30T01:02:56.060625
Engineering;2018-01-30T01:02:56.060625
Mechanical Engineering;2018-01-30T01:02:56.060625
Design Engineering;2018-01-30T00:40:45.607841
Engineering;2018-01-30T00:40:45.607841
Mechanical Engineering;2018-01-30T00:40:45.607841
Computer Engineering;2018-01-23T04:02:37.897500
Engineering;2018-01-23T04:02:37.897500
Robotics;2018-01-23T04:02:37.897500
Mechanical Engineering;2018-01-23T04:02:37.897500
Biomedical Engineering and Bioengineering;2018-01-16T20:57:35.787518
Computer Engineering;2018-01-16T20:57:35.787518
Biomedical Devices and Instrumentation;2018-01-16T20:57:35.787518
Mechanical Engineering;2018-01-16T20:57:35.787518
Electrical and Computer Engineering;2018-01-16T20:57:35.787518
Engineering;2018-01-16T20:57:35.787518
Robotics;2018-01-16T20:57:35.787518
Electronic Devices and Semiconductor Manufacturing;2018-01-12T01:55:18.091253
VLSI and Circuits, Embedded and Hardware Systems;2018-01-12T01:55:18.091253
Other Electrical and Computer Engineering;2018-01-12T01:55:18.091253
Electrical and Computer Engineering;2018-01-12T01:55:18.091253
Engineering;2018-01-12T01:55:18.091253
Electrical and Computer Engineering;2018-01-12T01:48:22.143834
Engineering;2018-01-12T01:48:22.143834
Biomedical;2018-01-12T01:48:22.143834
Electrical and Computer Engineering;2018-01-03T10:19:57.511558
Engineering;2018-01-03T10:19:57.511558
Other Electrical and Computer Engineering;2018-01-03T10:19:57.511558
VLSI and Circuits, Embedded and Hardware Systems;2018-01-03T10:19:57.511558
Biomedical Engineering and Bioengineering;2017-12-30T02:53:25.841293
Engineering;2017-12-30T02:53:25.841293
Materials Science and Engineering;2017-12-30T02:53:25.841293
Computer-Aided Engineering and Design;2017-12-30T02:53:25.841293
Biomechanical Engineering;2017-12-30T02:53:25.841293
Manufacturing Engineering;2017-12-30T02:53:25.841293
Mechanical Engineering;2017-12-30T02:53:25.841293
Design Engineering;2017-12-30T02:53:25.841293
Computational Engineering;2017-12-30T02:53:25.841293
Civil and Environmental Engineering;2017-12-28T20:52:15.636920
Engineering;2017-12-28T20:52:15.636920
Structural Engineering;2017-12-28T20:52:15.636920
Biomedical Engineering and Bioengineering;2017-12-25T20:16:44.211540
Computer-Aided Engineering and Design;2017-12-25T20:16:44.211540
Biomaterials;2017-12-25T20:16:44.211540
Biomechanical Engineering;2017-12-25T20:16:44.211540
Manufacturing Engineering;2017-12-25T20:16:44.211540
Mechanical Engineering;2017-12-25T20:16:44.211540
Engineering;2017-12-25T20:16:44.211540
Electrical and Computer Engineering;2017-12-21T18:49:55.216506
Computer Engineering;2017-12-21T18:49:55.216506
Engineering;2017-12-21T18:49:55.216506
Other Electrical and Computer Engineering;2017-12-21T18:49:55.216506
Civil and Environmental Engineering;2017-12-13T10:58:40.798504
Engineering;2017-12-13T10:58:40.798504
Geotechnical Engineering;2017-12-13T10:58:40.798504
Operations Research, Systems Engineering and Industrial Engineering;2017-12-08T12:09:40.726224
Engineering Physics;2017-12-08T12:09:40.726224
Engineering;2017-12-08T12:09:40.726224
Electrical and Computer Engineering;2017-12-07T00:57:46.745615
Engineering;2017-12-07T00:57:46.745615
Signal Processing;2017-12-07T00:57:46.745615
Combustion;2017-12-05T17:04:00.792571
Engineering;2017-12-05T17:04:00.792571
Mechanical Engineering;2017-12-05T17:04:00.792571
Biomedical Engineering and Bioengineering;2017-11-29T23:24:37.685079
Molecular, Cellular, and Tissue Engineering;2017-11-29T23:24:37.685079
Engineering;2017-11-29T23:24:37.685079
Other Biomedical Engineering and Bioengineering;2017-11-29T23:24:37.685079
Electrical and Computer Engineering;2017-11-28T21:31:55.812752
Engineering;2017-11-28T21:31:55.812752
Signal Processing;2017-11-28T21:31:55.812752
Biomedical Engineering and Bioengineering;2017-11-05T19:16:07.627813
Engineering;2017-11-05T19:16:07.627813
Biomechanical Engineering;2017-11-05T19:16:07.627813
Mechanical Engineering;2017-11-05T19:16:07.627813
Computational Engineering;2017-11-05T19:16:07.627813
Biomechanics and Biotransport;2017-11-05T19:16:07.627813
Biomedical Engineering and Bioengineering;2017-11-02T20:30:17.055451
Computer Engineering;2017-11-02T20:30:17.055451
Signal Processing;2017-11-02T20:30:17.055451
Electrical and Computer Engineering;2017-11-02T20:30:17.055451
Engineering;2017-11-02T20:30:17.055451
Civil and Environmental Engineering;2017-10-29T06:01:38.129297
Engineering;2017-10-29T06:01:38.129297
Geotechnical Engineering;2017-10-29T06:01:38.129297
Civil and Environmental Engineering;2017-10-29T05:58:09.869702
Engineering;2017-10-29T05:58:09.869702
Geotechnical Engineering;2017-10-29T05:58:09.869702
Civil and Environmental Engineering;2017-10-29T05:51:58.302320
Engineering;2017-10-29T05:51:58.302320
Geotechnical Engineering;2017-10-29T05:51:58.302320
Environmental Engineering;2017-10-23T02:52:11.579782
Civil Engineering;2017-10-23T02:52:11.579782
Risk Analysis;2017-10-23T02:52:11.579782
Civil and Environmental Engineering;2017-10-23T02:52:11.579782
Hydraulic Engineering;2017-10-23T02:52:11.579782
Engineering;2017-10-23T02:52:11.579782
Electrical and Computer Engineering;2017-10-15T10:08:43.944514
Engineering;2017-10-15T10:08:43.944514
Systems and Communications;2017-10-15T10:08:43.944514
Signal Processing;2017-10-15T10:08:43.944514
Geotechnical Engineering;2017-10-10T06:44:40.084074
Engineering;2017-10-10T06:44:40.084074
Engineering Physics;2017-10-10T06:44:40.084074
Engineering Mechanics;2017-10-10T06:44:40.084074
Civil and Environmental Engineering;2017-10-10T06:44:40.084074
Computational Engineering;2017-10-10T06:44:40.084074
Engineering Science and Materials;2017-10-10T06:44:40.084074
Biomedical Engineering and Bioengineering;2017-09-27T20:34:46.525526
Engineering;2017-09-27T20:34:46.525526
Biomedical Devices and Instrumentation;2017-09-27T20:34:46.525526
Engineering;2017-09-26T00:31:28.343994
Automotive Engineering;2017-09-14T18:23:26.438347
Mechanical Engineering;2017-09-14T18:23:26.438347
Combustion;2017-09-14T18:23:26.438347
Engineering;2017-09-14T18:23:26.438347
Chemical Engineering;2017-09-14T18:23:26.438347
Civil and Environmental Engineering;2017-09-08T17:29:08.537230
Environmental Engineering;2017-09-08T17:29:08.537230
Engineering;2017-09-08T17:29:08.537230
Engineering;2017-09-08T14:54:28.031346
Civil and Environmental Engineering;2017-09-06T12:03:58.091134
Other Engineering;2017-09-06T12:03:58.091134
Engineering;2017-09-06T12:03:58.091134
Other Civil and Environmental Engineering;2017-09-06T12:03:58.091134
Engineering;2017-09-01T18:44:00.695453
Engineering Education;2017-09-01T18:44:00.695453
Biomedical Engineering and Bioengineering;2017-08-28T15:16:12.686051
Bioimaging and Biomedical Optics;2017-08-28T15:16:12.686051
Engineering;2017-08-28T15:16:12.686051
Electrical and Computer Engineering;2017-08-22T20:26:08.518005
Engineering;2017-08-22T20:26:08.518005
Signal Processing;2017-08-22T20:26:08.518005
Operational Research;2017-08-11T06:06:59.550452
Operations Research, Systems Engineering and Industrial Engineering;2017-08-11T06:06:59.550452
Engineering;2017-08-11T06:06:59.550452
Electrical and Computer Engineering;2017-08-11T06:06:59.550452
Civil and Environmental Engineering;2017-08-08T16:07:40.100019
Engineering;2017-08-08T16:07:40.100019
Geotechnical Engineering;2017-08-08T16:07:40.100019
Civil and Environmental Engineering;2017-08-07T20:23:29.753688
Engineering;2017-08-07T20:23:29.753688
Geotechnical Engineering;2017-08-07T20:23:29.753688
Engineering;2017-08-03T19:33:38.384330
Applied Mechanics;2017-08-03T19:33:38.384330
Mechanical Engineering;2017-08-03T19:33:38.384330
Engineering;2017-08-03T19:26:44.496192
Applied Mechanics;2017-08-03T19:26:44.496192
Mechanical Engineering;2017-08-03T19:26:44.496192
Biomedical Engineering and Bioengineering;2017-07-31T01:56:04.812476
Computer Engineering;2017-07-31T01:56:04.812476
Mechanical Engineering;2017-07-31T01:56:04.812476
Biomedical Devices and Instrumentation;2017-07-31T01:56:04.812476
Design Engineering;2017-07-31T01:56:04.812476
Engineering;2017-07-31T01:56:04.812476
Robotics;2017-07-31T01:56:04.812476
Applied Mechanics;2017-07-29T05:26:53.495711
Engineering;2017-07-29T05:26:53.495711
Aviation Safety and Security;2017-07-29T05:26:53.495711
Civil and Environmental Engineering;2017-07-29T05:26:53.495711
Structural Engineering;2017-07-29T05:26:53.495711
Mechanical Engineering;2017-07-29T05:26:53.495711
Computational Engineering;2017-07-29T05:26:53.495711
Aviation;2017-07-29T05:26:53.495711
Engineering;2017-07-25T12:46:30.853727
Biomedical Engineering and Bioengineering;2017-07-21T19:41:31.566704
Bioimaging and Biomedical Optics;2017-07-21T19:41:31.566704
Biomechanical Engineering;2017-07-21T19:41:31.566704
Mechanical Engineering;2017-07-21T19:41:31.566704
Engineering;2017-07-21T19:41:31.566704
Biomechanics and Biotransport;2017-07-21T19:41:31.566704
Biomechanical Engineering;2017-07-21T19:34:28.904807
Engineering;2017-07-21T19:34:28.904807
Mechanical Engineering;2017-07-21T19:34:28.904807
Biomechanical Engineering;2017-07-21T19:02:42.591003
Engineering;2017-07-21T19:02:42.591003
Mechanical Engineering;2017-07-21T19:02:42.591003
Biomedical Engineering and Bioengineering;2017-07-21T18:58:57.529110
Biomechanical Engineering;2017-07-21T18:58:57.529110
Mechanical Engineering;2017-07-21T18:58:57.529110
Engineering;2017-07-21T18:58:57.529110
Biomechanics and Biotransport;2017-07-21T18:58:57.529110
Biomedical Engineering and Bioengineering;2017-07-21T18:50:24.561189
Biomechanical Engineering;2017-07-21T18:50:24.561189
Mechanical Engineering;2017-07-21T18:50:24.561189
Engineering;2017-07-21T18:50:24.561189
Biomechanics and Biotransport;2017-07-21T18:50:24.561189
Computer-Aided Engineering and Design;2017-07-19T21:28:05.687921
Engineering;2017-07-19T21:28:05.687921
Manufacturing Engineering;2017-07-19T21:28:05.687921
Mechanical Engineering;2017-07-19T21:28:05.687921
Biomedical Engineering and Bioengineering;2017-07-17T13:30:50.516728
Bioimaging and Biomedical Optics;2017-07-17T13:30:50.516728
Engineering;2017-07-17T13:30:50.516728
Biomechanics and Biotransport;2017-07-17T13:30:50.516728
Engineering;2017-07-17T09:50:00.617658
Civil and Environmental Engineering;2017-07-08T04:48:22.522838
Engineering;2017-07-08T04:48:22.522838
Structural Engineering;2017-07-08T04:48:22.522838
Nuclear Engineering;2017-06-25T12:50:30.275408
Engineering;2017-06-25T12:50:30.275408
Engineering;2017-06-20T16:49:04.080698
Energy Systems;2017-06-20T16:49:04.080698
Mechanical Engineering;2017-06-20T16:49:04.080698
Computer and Systems Architecture;2017-06-19T14:27:45.314939
Computer Engineering;2017-06-19T14:27:45.314939
Engineering;2017-06-19T14:27:45.314939
Materials Science and Engineering;2017-05-30T21:25:13.826873
Other Mechanical Engineering;2017-05-30T21:25:13.826873
Mechanical Engineering;2017-05-30T21:25:13.826873
Engineering;2017-05-30T21:25:13.826873
Other Materials Science and Engineering;2017-05-30T21:25:13.826873
Materials Science and Engineering;2017-05-28T03:05:42.593728
Engineering;2017-05-28T03:05:42.593728
Metallurgy;2017-05-28T03:05:42.593728
Engineering Science and Materials;2017-05-28T03:05:42.593728
Materials Science and Engineering;2017-05-26T02:17:07.896116
Engineering;2017-05-26T02:17:07.896116
Metallurgy;2017-05-26T02:17:07.896116
Materials Science and Engineering;2017-05-26T02:11:02.787570
Engineering;2017-05-26T02:11:02.787570
Metallurgy;2017-05-26T02:11:02.787570
Materials Science and Engineering;2017-05-26T02:10:45.053818
Engineering;2017-05-26T02:10:45.053818
Ceramic Materials;2017-05-26T02:10:45.053818
Materials Science and Engineering;2017-05-25T15:03:25.733387
Engineering;2017-05-25T15:03:25.733387
Metallurgy;2017-05-25T15:03:25.733387
Heat Transfer;2017-05-24T18:58:15.979870
Combustion;2017-05-24T18:58:15.979870
Engineering;2017-05-24T18:58:15.979870
Mechanical Engineering;2017-05-24T18:58:15.979870
Heat Transfer;2017-05-23T15:51:07.523619
Combustion;2017-05-23T15:51:07.523619
Engineering;2017-05-23T15:51:07.523619
Mechanical Engineering;2017-05-23T15:51:07.523619
Heat Transfer;2017-05-18T17:59:07.909545
Combustion;2017-05-18T17:59:07.909545
Engineering;2017-05-18T17:59:07.909545
Mechanical Engineering;2017-05-18T17:59:07.909545
Engineering;2017-05-18T17:19:22.369310
Other Mechanical Engineering;2017-05-18T17:19:22.369310
Mechanical Engineering;2017-05-18T17:19:22.369310
Heat Transfer;2017-05-17T20:27:59.944289
Combustion;2017-05-17T20:27:59.944289
Engineering;2017-05-17T20:27:59.944289
Mechanical Engineering;2017-05-17T20:27:59.944289
Industrial Engineering;2017-05-16T11:20:24.618879
Process Control and Systems;2017-05-16T11:20:24.618879
Operations Research, Systems Engineering and Industrial Engineering;2017-05-16T11:20:24.618879
Other Engineering;2017-05-16T11:20:24.618879
Engineering;2017-05-16T11:20:24.618879
Chemical Engineering;2017-05-16T11:20:24.618879
Computer Engineering;2017-05-12T04:08:03.436071
Other Computer Engineering;2017-05-12T04:08:03.436071
Engineering;2017-05-12T04:08:03.436071
Design Engineering;2017-05-10T18:30:25.620071
Engineering;2017-05-10T18:30:25.620071
Mechanical Engineering;2017-05-10T18:30:25.620071
Electro-Mechanical Systems;2017-05-10T17:54:18.729215
Engineering;2017-05-10T17:54:18.729215
Mechanical Engineering;2017-05-10T17:54:18.729215
Electro-Mechanical Systems;2017-05-10T14:46:22.896226
Bioresource and Agricultural Engineering;2017-05-10T14:46:22.896226
Engineering;2017-05-10T14:46:22.896226
Mechanical Engineering;2017-05-10T14:46:22.896226
Electro-Mechanical Systems;2017-05-10T14:44:05.378109
Engineering;2017-05-10T14:44:05.378109
Mechanical Engineering;2017-05-10T14:44:05.378109
Electro-Mechanical Systems;2017-05-10T14:14:57.106861
Engineering;2017-05-10T14:14:57.106861
Energy Systems;2017-05-10T14:14:57.106861
Mechanical Engineering;2017-05-10T14:14:57.106861
Engineering;2017-05-10T14:11:20.578975
Design Engineering;2017-05-10T14:06:00.405399
Engineering;2017-05-10T14:06:00.405399
Mechanical Engineering;2017-05-10T14:06:00.405399
Design Engineering;2017-05-10T14:06:11.265090
Engineering;2017-05-10T14:06:11.265090
Mechanical Engineering;2017-05-10T14:06:11.265090
Engineering;2017-05-09T01:34:13.632765
Engineering;2017-05-09T00:31:25.542720
Other Mechanical Engineering;2017-05-09T00:31:25.542720
Mechanical Engineering;2017-05-09T00:31:25.542720
Engineering;2017-05-08T17:10:51.804316
Engineering Education;2017-05-08T17:10:51.804316
Electrical and Computer Engineering;2017-05-08T13:26:02.378811
Engineering;2017-05-08T13:26:02.378811
Signal Processing;2017-05-08T13:26:02.378811
Other Engineering;2017-05-08T13:09:59.210249
Engineering;2017-05-08T13:09:59.210249
Engineering;2017-05-08T03:01:12.625125
Other Mechanical Engineering;2017-05-08T03:01:12.625125
Mechanical Engineering;2017-05-08T03:01:12.625125
Design Engineering;2017-05-08T01:40:17.770853
Engineering;2017-05-08T01:40:17.770853
Mechanical Engineering;2017-05-08T01:40:17.770853
Materials Science and Engineering;2017-05-05T11:55:29.195865
Engineering;2017-05-05T11:55:29.195865
Metallurgy;2017-05-05T11:55:29.195865
Other Engineering;2017-05-04T21:11:03.067629
Engineering;2017-05-04T21:11:03.067629
Electrical and Computer Engineering;2017-05-04T00:37:51.104480
Engineering;2017-05-04T00:37:51.104480
Electrical and Electronics;2017-05-04T00:37:51.104480
Computer-Aided Engineering and Design;2017-05-03T20:42:15.774652
Engineering;2017-05-03T20:42:15.774652
Other Mechanical Engineering;2017-05-03T20:42:15.774652
Mechanical Engineering;2017-05-03T20:42:15.774652
Design Engineering;2017-05-03T13:24:15.192466
Engineering;2017-05-03T13:24:15.192466
Mechanical Engineering;2017-05-03T13:24:15.192466
Computer-Aided Engineering and Design;2017-05-03T13:25:15.202833
Engineering;2017-05-03T13:25:15.202833
Mechanical Engineering;2017-05-03T13:25:15.202833
Computer-Aided Engineering and Design;2017-05-03T04:47:38.929138
Engineering;2017-05-03T04:47:38.929138
Mechanical Engineering;2017-05-03T04:47:38.929138
Engineering;2017-05-02T14:58:20.147722
Biomedical Engineering and Bioengineering;2017-05-02T03:46:42.914588
Engineering;2017-05-02T03:46:42.914588
Other Biomedical Engineering and Bioengineering;2017-05-02T03:46:42.914588
Engineering;2017-05-01T22:41:09.178677
Materials Science and Engineering;2017-04-28T17:35:48.977222
Engineering;2017-04-28T17:35:48.977222
Metallurgy;2017-04-28T17:35:48.977222
Other Materials Science and Engineering;2017-04-28T17:35:48.977222
Materials Science and Engineering;2017-04-26T19:15:33.550287
Biology and Biomimetic Materials;2017-04-26T19:15:33.550287
Engineering;2017-04-26T19:15:33.550287
Electrical and Computer Engineering;2017-04-17T08:23:09.219669
Engineering;2017-04-17T08:23:09.219669
Systems and Communications;2017-04-17T08:23:09.219669
Computational Engineering;2017-04-09T19:24:41.726429
Engineering;2017-04-09T19:24:41.726429
Materials Science and Engineering;2017-04-07T14:15:56.250645
Polymer and Organic Materials;2017-04-07T14:15:56.250645
Engineering;2017-04-07T14:15:56.250645
Electrical and Electronics;2017-04-06T19:29:56.949048
Aeronautical Vehicles;2017-04-06T19:29:56.949048
Propulsion and Power;2017-04-06T19:29:56.949048
Systems Engineering and Multidisciplinary Design Optimization;2017-04-06T19:29:56.949048
Aerospace Engineering;2017-04-06T19:29:56.949048
Power and Energy;2017-04-06T19:29:56.949048
Electrical and Computer Engineering;2017-04-06T19:29:56.949048
Engineering;2017-04-06T19:29:56.949048
Transport Phenomena;2017-04-03T22:39:06.953248
Environmental Engineering;2017-04-03T22:39:06.953248
Civil and Environmental Engineering;2017-04-03T22:39:06.953248
Membrane Science;2017-04-03T22:39:06.953248
Engineering;2017-04-03T22:39:06.953248
Chemical Engineering;2017-04-03T22:39:06.953248
Engineering;2017-03-02T22:04:13.699000
Automotive Engineering;2017-02-28T15:53:27.533000
Energy Systems;2017-02-28T15:53:27.533000
Heat Transfer;2017-02-28T15:53:27.533000
Combustion;2017-02-28T15:53:27.533000
Mechanical Engineering;2017-02-28T15:53:27.533000
Engineering;2017-02-28T15:53:27.533000
Other Engineering;2017-02-08T17:43:06.306000
Engineering Education;2017-02-08T17:43:06.306000
Mechanical Engineering;2017-02-08T17:43:06.306000
Design Engineering;2017-02-08T17:43:06.306000
Engineering;2017-02-08T17:43:06.306000
Engineering;2017-02-08T17:32:17.856000
Engineering Education;2017-02-08T17:32:17.856000
Fluid Mechanics;2017-02-07T06:59:36.414000
Heat Transfer;2017-02-07T06:59:36.414000
Engineering;2017-02-07T06:59:36.414000
Engineering Physics;2017-02-07T06:59:36.414000
Mechanical Engineering;2017-02-07T06:59:36.414000
Combustion;2017-02-07T06:59:36.414000
Computational Engineering;2017-02-07T06:59:36.414000
Engineering;2017-02-03T18:07:53.385000
Civil and Environmental Engineering;2017-01-27T20:59:07.512000
Engineering;2017-01-27T20:59:07.512000
Engineering Education;2017-01-27T20:59:07.512000
Manufacturing Engineering;2017-01-27T20:59:07.512000
Computer and Systems Architecture;2016-12-31T23:32:41.125000
Computer Engineering;2016-12-31T23:32:41.125000
Engineering;2016-12-31T23:32:41.125000
Biomedical Engineering and Bioengineering;2016-12-20T02:26:36.430000
Biomechanical Engineering;2016-12-20T02:26:36.430000
Engineering;2016-12-20T02:26:36.430000
Mechanical Engineering;2016-12-20T02:26:36.430000
Engineering;2016-12-17T05:49:42.008000
Other Engineering;2016-12-13T08:37:24.747000
Engineering;2016-12-13T08:37:24.747000
Petroleum Engineering;2016-12-13T08:37:24.747000
Chemical Engineering;2016-12-13T08:37:24.747000
Other Engineering;2016-12-06T18:07:22.155000
Engineering;2016-12-06T18:07:22.155000
Engineering;2016-12-05T03:41:17.271000
Engineering;2016-11-09T19:51:05.145000
Engineering;2016-10-03T08:18:25.145000
Engineering;2016-09-30T19:04:14.424000
Engineering;2016-09-19T18:52:28.378000
Engineering;2016-09-17T13:31:00.495000
Engineering;2016-09-16T06:52:01.511000
Automotive Engineering;2016-08-30T14:09:18.007000
Engineering;2016-08-30T14:09:18.007000
Engineering;2016-08-29T05:14:22.249000
Engineering;2016-08-29T05:13:32.247000
Engineering;2016-08-28T06:16:17.985000
Engineering;2016-08-27T11:14:35.963000
Engineering;2016-08-23T22:28:04.653000
Engineering;2016-08-15T15:53:44.247000
Engineering;2016-08-14T02:11:06.581000
Engineering;2016-08-12T19:02:12.449000
Engineering;2016-08-02T14:15:56.274000
Materials Science and Engineering;2016-07-31T08:00:42.364000
Engineering;2016-07-31T08:00:42.364000
Metallurgy;2016-07-31T08:00:42.364000
Manufacturing Engineering;2016-07-31T08:00:42.364000
Computational Engineering;2016-07-31T08:00:42.364000
Engineering Science and Materials;2016-07-31T08:00:42.364000
Engineering;2016-07-29T21:03:26.270000
Engineering;2016-07-29T19:23:29.631000
Engineering;2016-07-29T18:29:07.681000
Engineering;2016-07-29T18:26:08.186000
Engineering;2016-07-27T19:43:46.236000
Engineering;2016-07-27T19:42:56.894000
Engineering;2016-07-27T19:41:47.048000
Engineering;2016-07-27T19:40:53.720000
Engineering;2016-07-27T19:35:57.464000
Engineering;2016-07-27T19:29:53.231000
Engineering;2016-07-27T19:27:52.678000
Engineering;2016-07-27T19:27:19.331000
