g3djq;engrxiv;https://doi.org/10.1016/j.fluid.2017.10.034;2018-02;;;{Maximilian Kohns and Martin Horsch and Hans Hasse};{Elsevier {BV}};{https://doi.org/10.1016%2Fj.fluid.2017.10.034}
752jh;engrxiv;https://doi.org/10.1016/j.desal.2018.04.002;2018-08;;;{Omar Labban and Tzyy Haur Chong and John H. Lienhard};{Elsevier {BV}};{https://doi.org/10.1016%2Fj.desal.2018.04.002}
pnkru;engrxiv;https://doi.org/10.1016/j.memsci.2018.02.053;2018-05;;;{Omar Labban and Chang Liu and Tzyy Haur Chong and John H. Lienhard};{Elsevier {BV}};{https://doi.org/10.1016%2Fj.memsci.2018.02.053}
j6v2c;engrxiv;https://doi.org/10.5281/zenodo.2076033;-;;;;;
9hvdp;engrxiv;https://doi.org/10.5281/zenodo.2074793;-;;;;;
bqg48;engrxiv;https://doi.org/10.1016/j.energy.2018.10.182;2019-01;;;{Aizam Shahroni Mohd Arshad and Yuzuru Nada and Yoshiyuki Kidoguchi and Daisuke Asao and Shinichiro Yoshimura};{Elsevier {BV}};{https://doi.org/10.1016%2Fj.energy.2018.10.182}
bjhwd;engrxiv;https://doi.org/10.1016/j.compfluid.2018.11.019;2019-01;;;{Mohsen H. Moghimi and Nathan J. Quinlan};{Elsevier {BV}};{https://doi.org/10.1016%2Fj.compfluid.2018.11.019}
rv2tz;engrxiv;https://doi.org/10.1016/j.compfluid.2018.09.019;2018-11;;;{Nathan J. Quinlan};{Elsevier {BV}};{https://doi.org/10.1016%2Fj.compfluid.2018.09.019}
ne8fv;engrxiv;https://doi.org/10.1115/ICEF2018-9691;-;;;;;
da7gf;engrxiv;https://doi.org/10.1115/ICEF2018-9618;-;;;;;
j94a8;engrxiv;https://doi.org/10.1016/j.apor.2018.09.010;2018-11;;;{Chee Meng Low and Eddie Yin-Kwee Ng and Srikanth Narasimalu and Frank Lin and Youngkook Kim};{Elsevier {BV}};{https://doi.org/10.1016%2Fj.apor.2018.09.010}
s5j7u;engrxiv;https://doi.org/10.1016/j.jobe.2018.10.029;2019-01;;;{Iole Nardi and Stefano Perilli and Tullio de Rubeis and Stefano Sfarra and Dario Ambrosini};{Elsevier {BV}};{https://doi.org/10.1016%2Fj.jobe.2018.10.029}
298d4;engrxiv;https://doi.org/10.1016/j.jclepro.2017.09.234;2018-01;;;{Jeremi W{\'{o}}jcicki and Marco Leonesio and Giacomo Bianchi};{Elsevier {BV}};{https://doi.org/10.1016%2Fj.jclepro.2017.09.234}
9hqs7;engrxiv;https://doi.org/10.1061/(ASCE)UP.1943-5444.0000488;2018-12;;;{Corey D. Harper and Chris T. Hendrickson and Constantine Samaras};{American Society of Civil Engineers ({ASCE})};{https://doi.org/10.1061%2F%28asce%29up.1943-5444.0000488}
bnupe;engrxiv;https://doi.org/10.1016/j.applthermaleng.2017.06.129;2017-09;;;{Javier Bonilla and Alberto de la Calle and Margarita M. Rodr{\'{\i}}guez-Garc{\'{\i}}a and Lidia Roca and Loreto Valenzuela};{Elsevier {BV}};{https://doi.org/10.1016%2Fj.applthermaleng.2017.06.129}
msbrf;engrxiv;https://doi.org/10.1016/j.energy.2017.11.017;2018-06;;;{Javier Bonilla and Margarita M. Rodr{\'{\i}}guez-Garc{\'{\i}}a and Lidia Roca and Alberto de la Calle and Loreto Valenzuela};{Elsevier {BV}};{https://doi.org/10.1016%2Fj.energy.2017.11.017}
6zps9;engrxiv;https://doi.org/10.1016/j.applthermaleng.2018.04.028;2018-06;;;{Ahad Mohammadi and Javier Bonilla and Reza Zarghami and Shahab Golshan};{Elsevier {BV}};{https://doi.org/10.1016%2Fj.applthermaleng.2018.04.028}
c4qr9;engrxiv;https://doi.org/10.3390/technologies6040118;2018-12;;;{Francesco Caravelli and Juan Carbajal};{{MDPI} {AG}};{https://doi.org/10.3390%2Ftechnologies6040118}
mkbwv;engrxiv;https://doi.org/10.1016/j.atmosenv.2009.11.036;2010-03;;;{Z. Gerald Liu and Devin R. Berg and Victoria N. Vasys and Melissa E. Dettmann and Barbara Zielinska and James J. Schauer};{Elsevier {BV}};{https://doi.org/10.1016%2Fj.atmosenv.2009.11.036}
5hz2v;engrxiv;https://doi.org/10.3233/978-1-60750-706-2-57;{2011}-;;;{Berg Devin R. and Carlson Andrew and Durfee William K. and Sweet Robert M. and Reihsen Troy};{IOS Press};{http://doi.org/10.3233/978-1-60750-706-2-57}
an6cm;engrxiv;https://doi.org/10.1115/1.3590369;2011-;;;{Devin R. Berg and Timothy P. Kinney and Perry Y. Li and Arthur G. Erdman};{{ASME} International};{https://doi.org/10.1115%2F1.3590369}
dqg7m;engrxiv;https://doi.org/10.1115/DSCC2012-MOVIC2012-8685;2012-10;;;{Devin R. Berg and Perry Y. Li and Arthur G. Erdman};{{ASME}};{https://doi.org/10.1115%2Fdscc2012-movic2012-8685}
b87pf;engrxiv;https://doi.org/10.14419/ijet.v7i2.13.16915;-;;;;;
38ub9;engrxiv;https://doi.org/10.3390/app8091422;2018-08;;;{Saman Naghieh and M. Sarker and Mohammad Karamooz-Ravari and Adam McInnes and Xiongbiao Chen};{{MDPI} {AG}};{https://doi.org/10.3390%2Fapp8091422}
m6d2j;engrxiv;https://doi.org/10.5004/dwt.2017.20205;2017-;;;{Azadeh Ebrahimian Pirbazari and Pejman  Monazzam and Behnam Fakhari  Kisomi};{Desalination Publications};{https://doi.org/10.5004%2Fdwt.2017.20205}
3wnbv;engrxiv;https://doi.org/10.1007/s35146-017-0139-3;2017-11;;;{Hannes Allmaier and David E. Sander and Slavitsa Damjanovic and Philippe Mallet};{Springer Nature};{https://doi.org/10.1007%2Fs35146-017-0139-3}
4rqxc;engrxiv;https://doi.org/10.1016/j.jeurceramsoc.2018.11.007;2018-11;;;{Norbert Ackerl and Maximilian Warhanek and Johannes Gysel and Konrad Wegener};{Elsevier {BV}};{https://doi.org/10.1016%2Fj.jeurceramsoc.2018.11.007}
w9fcm;engrxiv;https://doi.org/10.5121/ijwmn.2018.10305;2018-06;;;{Abhishek Kumar};{Academy and Industry Research Collaboration Center ({AIRCC})};{https://doi.org/10.5121%2Fijwmn.2018.10305}
puw4q;engrxiv;https://doi.org/10.13140/RG.2.2.36643.35367/1;-;;;;;
etgc8;engrxiv;https://doi.org/10.1002/cite.201600104/full;-;;;;;
8b73v;engrxiv;https://doi.org/10.1115/DETC2018-85800;2018-08;;;{Jessica Menold and Catherine Berdanier and Christopher McComb and Emma Hocker and Lisa Gardner};{{ASME}};{https://doi.org/10.1115%2Fdetc2018-85800}
q75n6;engrxiv;https://doi.org/10.1016/j.dib.2017.08.050;2017-10;;;{Christopher McComb and Jonathan Cagan and Kenneth Kotovsky};{Elsevier {BV}};{https://doi.org/10.1016%2Fj.dib.2017.08.050}
847je;engrxiv;https://doi.org/10.1115/DETC2018-85648;2018-08;;;{Lucas Puentes and Christopher McComb and Jonathan Cagan};{{ASME}};{https://doi.org/10.1115%2Fdetc2018-85648}
jbw7y;engrxiv;https://doi.org/10.1115/DETC2018-85599;2018-08;;;{Ayush Raina and Christopher McComb and Jonathan Cagan};{{ASME}};{https://doi.org/10.1115%2Fdetc2018-85599}
2qey3;engrxiv;https://doi.org/10.1002/adhm.201800104;2018-05;;;{Elizabeth A. Phillips and Anna K. Young and Nikolas Albarran and Jonah Butler and Kaira Lujan and Kimberly Hamad-Schifferli and Jose Gomez-Marquez};{Wiley};{https://doi.org/10.1002%2Fadhm.201800104}
g4qz5;engrxiv;https://doi.org/10.1007/s11367-018-1479-z;2018-05;;;{Miguel F. Astudillo and Hessam AzariJafari};{Springer Nature};{https://doi.org/10.1007%2Fs11367-018-1479-z}
zqcf3;engrxiv;https://doi.org/10.1115/DETC2015-46545;2015-08;;;{Christopher McComb and Jonathan Cagan and Kenneth Kotovsky};{{ASME}};{https://doi.org/10.1115%2Fdetc2015-46545}
wqut5;engrxiv;https://doi.org/10.1115/DETC2014-34653;2014-08;;;{Christopher McComb and Jonathan Cagan and Kenneth Kotovsky};{{ASME}};{https://doi.org/10.1115%2Fdetc2014-34653}
ap3wq;engrxiv;https://doi.org/10.1115/DETC2014-35463;2014-08;;;{Pablo S. Santaeufemia and Nathan G. Johnson and Christopher McComb and Kenji Shimada};{{ASME}};{https://doi.org/10.1115%2Fdetc2014-35463}
kpx6n;engrxiv;https://doi.org/10.1115/DETC2018-85457;2018-08;;;{Christopher McComb and Torsten Maier};{{ASME}};{https://doi.org/10.1115%2Fdetc2018-85457}
3aynr;engrxiv;https://doi.org/10.1016/j.vlsi.2015.08.001;2016-01;;;{P. Balasubramanian};{Elsevier {BV}};{https://doi.org/10.1016%2Fj.vlsi.2015.08.001}
kmequ;engrxiv;https://doi.org/10.1016/j.proeng.2015.11.045;2015-;;;{Erniati and M. Wihadi Tjaronge and  Zulharnah and Ulva Ria Irfan};{Elsevier {BV}};{https://doi.org/10.1016%2Fj.proeng.2015.11.045}
ksfbu;engrxiv;https://doi.org/10.1017/dsj.2017.1;2017-;;;{Christopher McComb and Kosa Goucher-Lambert and Jonathan Cagan};{Cambridge University Press ({CUP})};{https://doi.org/10.1017%2Fdsj.2017.1}
c7pg6;engrxiv;https://doi.org/10.1115/1.4037308;2017-10;;;{Christopher McComb and Jonathan Cagan and Kenneth Kotovsky};{{ASME} International};{https://doi.org/10.1115%2F1.4037308}
zetj9;engrxiv;https://doi.org/10.1115/1.4037185;2017-07;;;{Christopher McComb and Jonathan Cagan and Kenneth Kotovsky};{{ASME} International};{https://doi.org/10.1115%2F1.4037185}
d4peq;engrxiv;https://doi.org/10.1115/1.4035793;2017-02;;;{Christopher McComb and Jonathan Cagan and Kenneth Kotovsky};{{ASME} International};{https://doi.org/10.1115%2F1.4035793}
pmbfh;engrxiv;https://doi.org/10.1115/1.4032810;2016-03;;;{Christopher McComb and Jonathan Cagan and Kenneth Kotovsky};{{ASME} International};{https://doi.org/10.1115%2F1.4032810}
nw4pj;engrxiv;https://doi.org/10.1016/j.biteb.2018.04.011;2018-06;;;{Imtiaz Ali};{Elsevier {BV}};{https://doi.org/10.1016%2Fj.biteb.2018.04.011}
tdk4s;engrxiv;https://doi.org/10.1016/j.triboint.2018.02.026;2018-07;;;{S.J. Eder and C. Ielchici and S. Krenn and D. Brandtner};{Elsevier {BV}};{https://doi.org/10.1016%2Fj.triboint.2018.02.026}
fv47e;engrxiv;https://doi.org/10.1109/ACCESS.2018.2843725;2018-;;;{Dana Solav and Kevin M. Moerman and Aaron M. Jaeger and Katia Genovese and Hugh M. Herr};{Institute of Electrical and Electronics Engineers ({IEEE})};{https://doi.org/10.1109%2Faccess.2018.2843725}
dytsv;engrxiv;https://doi.org/10.1063/1.5022231;2018-03;;;{K. Langenbach and M. Heilig and M. Horsch and H. Hasse};{{AIP} Publishing};{https://doi.org/10.1063%2F1.5022231}
8s59e;engrxiv;https://doi.org/10.1504/IJVP.2017.081276;2017-;;;{J.P. Hambleton and S.A. Stanier};{Inderscience Publishers};{https://doi.org/10.1504%2Fijvp.2017.081276}
54gxe;engrxiv;https://doi.org/10.1007/s35146-016-0100-x;2016-09;;;{Hannes Allmaier and Christoph Knauder and David Sanders and Franz Reich};{Springer Nature};{https://doi.org/10.1007%2Fs35146-016-0100-x}
5q394;engrxiv;https://doi.org/10.4271/2016-01-1856;2016-06;;;{Hannes Allmaier and Günter Offner};{{SAE} International};{https://doi.org/10.4271%2F2016-01-1856}
n2hm3;engrxiv;https://doi.org/10.1016/j.dib.2018.02.078;2018-06;;;{Christopher McComb and Jonathan Cagan and Kenneth Kotovsky};{Elsevier {BV}};{https://doi.org/10.1016%2Fj.dib.2018.02.078}
a3vyh;engrxiv;https://doi.org/10.3155/1047-3289.58.10.1258;2008-10;;;{Z. Gerald Liu and Devin R. Berg and James J. Schauer};{Informa {UK} Limited};{https://doi.org/10.3155%2F1047-3289.58.10.1258}
8hznu;engrxiv;https://doi.org/10.1021/es8004046;2008-08;;;{Z. Gerald Liu and Devin R. Berg and Thaddeus A. Swor and James J. Schauer};{American Chemical Society ({ACS})};{https://doi.org/10.1021%2Fes8004046}
8p4zj;engrxiv;https://doi.org/10.4271/2008-01-1748;2008-06;;;{Z. Gerald Liu and Devin R. Berg and James J. Schauer};{{SAE} International};{https://doi.org/10.4271%2F2008-01-1748}
sx7jc;engrxiv;https://doi.org/10.1016/j.destud.2015.06.005;2015-09;;;{Christopher McComb and Jonathan Cagan and Kenneth Kotovsky};{Elsevier {BV}};{https://doi.org/10.1016%2Fj.destud.2015.06.005}
qducz;engrxiv;https://doi.org/10.1016/j.destud.2014.10.001;2015-01;;;{Christopher McComb and Jonathan Cagan and Kenneth Kotovsky};{Elsevier {BV}};{https://doi.org/10.1016%2Fj.destud.2014.10.001}
rsxad;engrxiv;https://doi.org/10.1016/j.engstruct.2015.01.046;2015-04;;;{Christopher McComb and Fariborz M. Tehrani};{Elsevier {BV}};{https://doi.org/10.1016%2Fj.engstruct.2015.01.046}
34e9h;engrxiv;https://doi.org/10.1016/j.jmbbm.2018.01.034;2018-04;;;{Saman Naghieh and Mohammad Reza Karamooz-Ravari and MD Sarker and Eva Karki and Xiongbiao Chen};{Elsevier {BV}};{https://doi.org/10.1016%2Fj.jmbbm.2018.01.034}
vfwme;engrxiv;https://doi.org/10.1016/j.deveng.2018.01.001;2018-;;;{Christopher McComb and Nathan G. Johnson and Pablo S. Santaeufemia and Brandon T. Gorman and Brent Kolste and Alexander Mobley and Kenji Shimada};{Elsevier {BV}};{https://doi.org/10.1016%2Fj.deveng.2018.01.001}
87n39;engrxiv;https://doi.org/10.1109/ICSIPA.2017.8120602;2017-09;;;{Maisam Jalilian and Moslem Nouri and Arash Ahmadi and Nabeeh Kandalaft};{{IEEE}};{https://doi.org/10.1109%2Ficsipa.2017.8120602}
vn72w;engrxiv;https://doi.org/10.1016/j.jmbbm.2016.01.031;2016-06;;;{S. Naghieh and M.R. Karamooz Ravari and M. Badrossamay and E. Foroozmehr and M. Kadkhodaei};{Elsevier {BV}};{https://doi.org/10.1016%2Fj.jmbbm.2016.01.031}
yt6w7;engrxiv;https://doi.org/10.1016/j.matdes.2017.07.051;2017-11;;;{Saman Naghieh and Ehsan Foroozmehr and Mohsen Badrossamay and Mahshid Kharaziha};{Elsevier {BV}};{https://doi.org/10.1016%2Fj.matdes.2017.07.051}
7wmha;engrxiv;https://doi.org/10.1115/ICEF2017-3614;2017-10;;;{Travis Kessler and Gregory Dorian and J. Hunter Mack};{{ASME}};{https://doi.org/10.1115%2Ficef2017-3614}
zuav2;engrxiv;https://doi.org/10.1016/j.jmbbm.2017.11.037;2018-02;;;{Saman Naghieh and Md. Sarker and Mohammad Izadifar and Xiongbiao Chen};{Elsevier {BV}};{https://doi.org/10.1016%2Fj.jmbbm.2017.11.037}
kdhb7;engrxiv;https://doi.org/10.1061/(ASCE)IS.1943-555X.0000382;2017-12;;;{Lauren M. Cook and Christopher J. Anderson and Constantine Samaras};{American Society of Civil Engineers ({ASCE})};{https://doi.org/10.1061%2F%28asce%29is.1943-555x.0000382}
n7dgs;engrxiv;https://doi.org/10.1785/0220160225;2017-03;;;{Brendon A. Bradley and Hoby N. T. Razafindrakoto and Viktor Polak};{Seismological Society of America ({SSA})};{https://doi.org/10.1785%2F0220160225}
wfcds;engrxiv;https://doi.org/10.1139/cjce-2017-0214;2017-11;;;{Gurvinder S. Mundi and Richard G. Zytner and Keith Warriner};{Canadian Science Publishing};{https://doi.org/10.1139%2Fcjce-2017-0214}
sa8k3;engrxiv;https://doi.org/10.1080/10889868.2017.1312265;2017-04;;;{Michael J. Mosco and Richard G. Zytner};{Informa {UK} Limited};{https://doi.org/10.1080%2F10889868.2017.1312265}
dwuyr;engrxiv;https://doi.org/10.1115/1.4035985;2017-03;;;{Hessein Ali and Andrew P. Murray and David H. Myszka};{{ASME} International};{https://doi.org/10.1115%2F1.4035985}
umkz8;engrxiv;https://doi.org/10.1007/s10439-017-1840-6;2017-04;;;{Dana Solav and Henri Meric and M. B. Rubin and Didier Pradon and Fr{\'{e}}d{\'{e}}ric Lofaso and Alon Wolf};{Springer Nature};{https://doi.org/10.1007%2Fs10439-017-1840-6}
yfqxr;engrxiv;https://doi.org/10.1016/j.jbiomech.2017.01.026;2017-09;;;{Dana Solav and Valentina Camomilla and Andrea Cereatti and Arnaud Barr{\'{e}} and Kamiar Aminian and Alon Wolf};{Elsevier {BV}};{https://doi.org/10.1016%2Fj.jbiomech.2017.01.026}
397zy;engrxiv;https://doi.org/10.1016/j.ijengsci.2016.02.001;2016-06;;;{M.B. Rubin and D. Solav};{Elsevier {BV}};{https://doi.org/10.1016%2Fj.ijengsci.2016.02.001}
b3az4;engrxiv;https://doi.org/10.1007/s10439-015-1384-6;2015-07;;;{Dana Solav and M. B. Rubin and Andrea Cereatti and Valentina Camomilla and Alon Wolf};{Springer Nature};{https://doi.org/10.1007%2Fs10439-015-1384-6}
spge4;engrxiv;https://doi.org/10.1016/j.ijengsci.2014.07.001;2014-12;;;{Dana Solav and M.B. Rubin and Alon Wolf};{Elsevier {BV}};{https://doi.org/10.1016%2Fj.ijengsci.2014.07.001}
wtxfc;engrxiv;https://doi.org/10.1016/j.medengphy.2012.06.014;2013-04;;;{Kevin M. Moerman and Andre M.J. Sprengers and Aart J. Nederveen and Ciaran K. Simms};{Elsevier {BV}};{https://doi.org/10.1016%2Fj.medengphy.2012.06.014}
g58pd;engrxiv;https://doi.org/10.4149/km_2010_3_185;-;;;;;
e6qdr;engrxiv;https://doi.org/10.1016/j.fuel.2013.10.024;2014-01;;;{J. Hunter Mack and Vi H. Rapp and Malte Broeckelmann and Taek Soon Lee and Robert W. Dibble};{Elsevier {BV}};{https://doi.org/10.1016%2Fj.fuel.2013.10.024}
5v7r9;engrxiv;https://doi.org/10.1115/ICEF2016-9383;2016-10;;;{Travis Kessler and Eric R. Sacia and Alexis T. Bell and J. Hunter Mack};{{ASME}};{https://doi.org/10.1115%2Ficef2016-9383}
53rke;engrxiv;https://doi.org/10.1007/s11192-016-2095-y;2016-08;;;{Masoud Shakiba and Azam Zavvari and Nader Aleebrahim and Mandeep Jit Singh};{Springer Nature};{https://doi.org/10.1007%2Fs11192-016-2095-y}
qj65n;engrxiv;https://doi.org/10.1038/s41529-017-0003-4;2017-07;;;{Mariano Iannuzzi and Afrooz Barnoush and Roy Johnsen};{Springer Nature};{https://doi.org/10.1038%2Fs41529-017-0003-4}
958tq;engrxiv;https://doi.org/10.1016/j.memsci.2016.08.062;2017-01;;;{Omar Labban and Chang Liu and Tzyy Haur Chong and John H. Lienhard V};{Elsevier {BV}};{https://doi.org/10.1016%2Fj.memsci.2016.08.062}
h5dru;engrxiv;https://doi.org/10.1016/j.jngse.2017.02.038;2017-05;;;{Shyam Menon and Himakar Ganti and Kyle E. Niemeyer and Christopher Hagen};{Elsevier {BV}};{https://doi.org/10.1016%2Fj.jngse.2017.02.038}
5uyac;engrxiv;https://doi.org/10.1007/978-3-319-24858-5_8;2015-;;;{Amr S. Abed and Charles Clancy and David S. Levy};{Springer International Publishing};{https://doi.org/10.1007%2F978-3-319-24858-5_8}
utnnu;engrxiv;https://doi.org/10.1109/TBME.2016.2626442;2017-12;;;;{Institute of Electrical and Electronics Engineers ({IEEE})};{https://doi.org/10.1109%2Ftbme.2016.2626442}
s47fh;engrxiv;https://doi.org/10.4271/2008-01-0333;2008-04;;;{Z. Gerald Liu and Devin R. Berg and James J. Schauer};{{SAE} International};{https://doi.org/10.4271%2F2008-01-0333}
mcr5x;engrxiv;https://doi.org/10.1504/IJECB.2009.022862;2009-;;;{Jill Schmidt and Devin R. Berg and Heidi Lynn Ploeg and Leone Ploeg};{Inderscience Publishers};{https://doi.org/10.1504%2Fijecb.2009.022862}
xjpcm;engrxiv;https://doi.org/10.18260/p.25664;-;;;{Devin Berg and Tina Lee};{{ASEE} Conferences};{https://doi.org/10.18260%2Fp.25664}
