Social and Behavioral Sciences;2018-12-16T22:40:09.687302
Library and Information Science;2018-12-16T22:40:09.687302
Information Literacy;2018-12-16T21:25:09.714669
Social and Behavioral Sciences;2018-12-16T21:25:09.714669
Library and Information Science;2018-12-16T21:25:09.714669
Social and Behavioral Sciences;2018-12-16T21:15:53.547794
Library and Information Science;2018-12-16T21:15:53.547794
Information Literacy;2018-12-16T21:01:03.740438
Social and Behavioral Sciences;2018-12-16T21:01:03.740438
Library and Information Science;2018-12-16T21:01:03.740438
Scholarly Communication;2018-12-11T19:59:34.599143
Social and Behavioral Sciences;2018-12-11T19:59:34.599143
Scholarly Publishing;2018-12-11T19:59:34.599143
Library and Information Science;2018-12-11T19:59:34.599143
Scholarly Communication;2018-11-28T21:41:12.304124
Social and Behavioral Sciences;2018-11-28T21:41:12.304124
Library and Information Science;2018-11-28T21:41:12.304124
Scholarly Communication;2018-11-21T15:58:17.181234
Social and Behavioral Sciences;2018-11-21T15:58:17.181234
Library and Information Science;2018-11-21T15:58:17.181234
Social and Behavioral Sciences;2018-11-19T00:46:29.676006
Social and Behavioral Sciences;2018-11-01T20:02:40.638818
Library and Information Science;2018-11-01T20:02:40.638818
Cataloging and Metadata;2018-11-01T20:02:40.638818
Information Literacy;2018-11-01T20:02:40.638818
Scholarly Communication;2018-11-01T20:02:40.638818
Social and Behavioral Sciences;2018-11-01T19:31:54.806098
Library and Information Science;2018-11-01T19:31:54.806098
Social and Behavioral Sciences;2018-10-29T17:53:36.371162
Library and Information Science;2018-10-29T17:53:36.371162
Social and Behavioral Sciences;2018-10-29T17:48:35.108046
Library and Information Science;2018-10-29T17:48:35.108046
Collection Development and Management;2018-10-29T14:43:41.954304
Social and Behavioral Sciences;2018-10-29T14:43:41.954304
Library and Information Science;2018-10-29T14:43:41.954304
Social and Behavioral Sciences;2018-10-22T17:49:17.578844
Library and Information Science;2018-10-22T17:49:17.578844
Social and Behavioral Sciences;2018-10-19T12:20:00.107710
Social and Behavioral Sciences;2018-10-19T12:10:11.079846
Social and Behavioral Sciences;2018-10-19T12:03:02.214791
Social and Behavioral Sciences;2018-09-26T03:06:04.853138
Social and Behavioral Sciences;2018-09-26T02:49:03.298294
Scholarly Communication;2018-09-04T15:44:11.940095
Social and Behavioral Sciences;2018-09-04T15:44:11.940095
Scholarly Publishing;2018-09-04T15:44:11.940095
Library and Information Science;2018-09-04T15:44:11.940095
Social and Behavioral Sciences;2018-08-24T13:39:39.893007
Library and Information Science;2018-08-24T13:39:39.893007
Information Literacy;2018-08-21T18:23:27.479343
Social and Behavioral Sciences;2018-08-21T18:23:27.479343
Library and Information Science;2018-08-21T18:23:27.479343
Scholarly Communication;2018-08-10T15:49:09.654384
Social and Behavioral Sciences;2018-08-10T15:49:09.654384
Library and Information Science;2018-08-10T15:49:09.654384
Scholarly Communication;2018-08-05T17:52:51.267944
Social and Behavioral Sciences;2018-08-05T17:52:51.267944
Scholarly Publishing;2018-08-05T17:52:51.267944
Library and Information Science;2018-08-05T17:52:51.267944
Archival Science;2018-08-01T22:43:17.353041
Social and Behavioral Sciences;2018-08-01T22:43:17.353041
Library and Information Science;2018-08-01T22:43:17.353041
Scholarly Communication;2018-07-29T21:12:00.390036
Social and Behavioral Sciences;2018-07-29T21:12:00.390036
Scholarly Publishing;2018-07-29T21:12:00.390036
Library and Information Science;2018-07-29T21:12:00.390036
Social and Behavioral Sciences;2018-07-19T20:18:35.146124
Social and Behavioral Sciences;2018-07-18T17:25:28.018462
Library and Information Science;2018-07-18T17:25:28.018462
Scholarly Communication;2018-07-12T21:25:41.783763
Social and Behavioral Sciences;2018-07-12T21:25:41.783763
Library and Information Science;2018-07-12T21:25:41.783763
Social and Behavioral Sciences;2018-07-10T00:22:01.520153
Library and Information Science;2018-07-10T00:22:01.520153
Social and Behavioral Sciences;2018-07-09T17:25:08.775059
Library and Information Science;2018-07-09T17:25:08.775059
Social and Behavioral Sciences;2018-07-09T17:21:41.551178
Library and Information Science;2018-07-09T17:21:41.551178
Information Literacy;2018-07-01T17:49:00.436485
Social and Behavioral Sciences;2018-07-01T17:49:00.436485
Library and Information Science;2018-07-01T17:49:00.436485
Information Literacy;2018-06-29T18:11:03.510102
Social and Behavioral Sciences;2018-06-29T18:11:03.510102
Library and Information Science;2018-06-29T18:11:03.510102
Social and Behavioral Sciences;2018-06-28T18:56:01.225877
Library and Information Science;2018-06-28T18:56:01.225877
Cataloging and Metadata;2018-06-28T18:56:01.225877
Information Literacy;2018-06-28T13:28:14.419522
Social and Behavioral Sciences;2018-06-28T13:28:14.419522
Library and Information Science;2018-06-28T13:28:14.419522
Social and Behavioral Sciences;2018-06-27T20:15:40.889669
Library and Information Science;2018-06-27T20:15:40.889669
Information Literacy;2018-06-27T20:15:40.889669
Cataloging and Metadata;2018-06-27T20:15:40.889669
Archival Science;2018-06-27T20:15:40.889669
Collection Development and Management;2018-06-27T20:15:40.889669
Collection Development and Management;2018-06-27T19:59:06.957082
Information Literacy;2018-06-27T19:59:06.957082
Social and Behavioral Sciences;2018-06-27T19:59:06.957082
Library and Information Science;2018-06-27T19:59:06.957082
Archival Science;2018-06-12T17:56:26.258917
Scholarly Communication;2018-06-12T17:56:26.258917
Social and Behavioral Sciences;2018-06-12T17:56:26.258917
Library and Information Science;2018-06-12T17:56:26.258917
Archival Science;2018-06-12T15:25:46.777956
Scholarly Communication;2018-06-12T15:25:46.777956
Social and Behavioral Sciences;2018-06-12T15:25:46.777956
Library and Information Science;2018-06-12T15:25:46.777956
Social and Behavioral Sciences;2018-06-08T14:06:32.407940
Library and Information Science;2018-06-08T14:06:32.407940
Social and Behavioral Sciences;2018-06-05T19:18:13.266851
Library and Information Science;2018-06-05T19:18:13.266851
Scholarly Publishing;2018-06-05T19:18:13.266851
Archival Science;2018-06-05T19:18:13.266851
Scholarly Communication;2018-06-05T19:18:13.266851
Social and Behavioral Sciences;2018-06-05T19:04:04.409702
Library and Information Science;2018-06-05T19:04:04.409702
Scholarly Publishing;2018-06-05T19:04:04.409702
Cataloging and Metadata;2018-06-05T19:04:04.409702
Scholarly Communication;2018-06-05T19:04:04.409702
Social and Behavioral Sciences;2018-06-05T18:19:34.518685
Library and Information Science;2018-06-05T18:19:34.518685
Cataloging and Metadata;2018-06-05T18:19:34.518685
Collection Development and Management;2018-06-02T17:08:06.365161
Social and Behavioral Sciences;2018-06-02T17:08:06.365161
Library and Information Science;2018-06-02T17:08:06.365161
Information Literacy;2018-06-02T17:06:06.212444
Social and Behavioral Sciences;2018-06-02T17:06:06.212444
Library and Information Science;2018-06-02T17:06:06.212444
Scholarly Communication;2018-05-30T00:02:03.725578
Social and Behavioral Sciences;2018-05-30T00:02:03.725578
Scholarly Publishing;2018-05-30T00:02:03.725578
Library and Information Science;2018-05-30T00:02:03.725578
Scholarly Communication;2018-05-26T23:37:25.035412
Social and Behavioral Sciences;2018-05-26T23:37:25.035412
Library and Information Science;2018-05-26T23:37:25.035412
Cataloging and Metadata;2018-05-26T23:37:25.035412
Scholarly Communication;2018-05-23T18:25:49.810408
Social and Behavioral Sciences;2018-05-23T18:25:49.810408
Library and Information Science;2018-05-23T18:25:49.810408
Information Literacy;2018-05-22T20:14:23.996914
Scholarly Communication;2018-05-22T20:14:23.996914
Social and Behavioral Sciences;2018-05-22T20:14:23.996914
Library and Information Science;2018-05-22T20:14:23.996914
Collection Development and Management;2018-05-14T22:39:02.217258
Scholarly Communication;2018-05-14T22:39:02.217258
Social and Behavioral Sciences;2018-05-14T22:39:02.217258
Library and Information Science;2018-05-14T22:39:02.217258
Archival Science;2018-05-08T17:42:41.177731
Social and Behavioral Sciences;2018-05-08T17:42:41.177731
Library and Information Science;2018-05-08T17:42:41.177731
Collection Development and Management;2018-04-30T18:38:25.555727
Social and Behavioral Sciences;2018-04-30T18:38:25.555727
Library and Information Science;2018-04-30T18:38:25.555727
Information Literacy;2018-04-30T12:16:15.884818
Social and Behavioral Sciences;2018-04-30T12:16:15.884818
Library and Information Science;2018-04-30T12:16:15.884818
Information Literacy;2018-04-27T21:16:32.752784
Social and Behavioral Sciences;2018-04-27T21:16:32.752784
Library and Information Science;2018-04-27T21:16:32.752784
Scholarly Communication;2018-04-26T16:38:49.750831
Social and Behavioral Sciences;2018-04-26T16:38:49.750831
Library and Information Science;2018-04-26T16:38:49.750831
Scholarly Communication;2018-04-26T13:17:01.594568
Social and Behavioral Sciences;2018-04-26T13:17:01.594568
Library and Information Science;2018-04-26T13:17:01.594568
Archival Science;2018-04-24T20:49:50.465107
Social and Behavioral Sciences;2018-04-24T20:49:50.465107
Library and Information Science;2018-04-24T20:49:50.465107
Collection Development and Management;2018-04-24T20:49:50.465107
Information Literacy;2018-04-24T03:08:05.379847
Social and Behavioral Sciences;2018-04-24T03:08:05.379847
Library and Information Science;2018-04-24T03:08:05.379847
Scholarly Communication;2018-04-12T14:09:07.288939
Social and Behavioral Sciences;2018-04-12T14:09:07.288939
Library and Information Science;2018-04-12T14:09:07.288939
Social and Behavioral Sciences;2018-04-07T01:06:33.416393
Library and Information Science;2018-04-07T01:06:33.416393
Collection Development and Management;2018-04-04T15:40:16.964364
Social and Behavioral Sciences;2018-04-04T15:40:16.964364
Library and Information Science;2018-04-04T15:40:16.964364
Information Literacy;2018-04-04T05:26:22.545393
Social and Behavioral Sciences;2018-04-04T05:26:22.545393
Library and Information Science;2018-04-04T05:26:22.545393
Social and Behavioral Sciences;2018-04-02T14:44:21.434879
Library and Information Science;2018-04-02T14:44:21.434879
Social and Behavioral Sciences;2018-03-28T15:09:03.878886
Library and Information Science;2018-03-28T15:09:03.878886
Archival Science;2018-03-26T23:15:56.323282
Social and Behavioral Sciences;2018-03-26T23:15:56.323282
Library and Information Science;2018-03-26T23:15:56.323282
Collection Development and Management;2018-03-26T23:15:56.323282
Scholarly Communication;2018-03-24T19:58:47.255889
Social and Behavioral Sciences;2018-03-24T19:58:47.255889
Scholarly Publishing;2018-03-24T19:58:47.255889
Library and Information Science;2018-03-24T19:58:47.255889
Scholarly Communication;2018-03-23T23:33:36.198823
Social and Behavioral Sciences;2018-03-23T23:33:36.198823
Library and Information Science;2018-03-23T23:33:36.198823
Scholarly Communication;2018-03-21T15:36:22.719350
Social and Behavioral Sciences;2018-03-21T15:36:22.719350
Scholarly Publishing;2018-03-21T15:36:22.719350
Library and Information Science;2018-03-21T15:36:22.719350
Scholarly Communication;2018-03-20T22:19:54.178421
Social and Behavioral Sciences;2018-03-20T22:19:54.178421
Library and Information Science;2018-03-20T22:19:54.178421
Social and Behavioral Sciences;2018-03-20T14:08:50.201976
Library and Information Science;2018-03-20T14:08:50.201976
Cataloging and Metadata;2018-03-20T14:08:50.201976
Information Literacy;2018-03-19T15:54:34.169966
Social and Behavioral Sciences;2018-03-19T15:54:34.169966
Library and Information Science;2018-03-19T15:54:34.169966
Information Literacy;2018-03-19T15:22:22.492164
Social and Behavioral Sciences;2018-03-19T15:22:22.492164
Library and Information Science;2018-03-19T15:22:22.492164
Social and Behavioral Sciences;2018-03-14T18:59:33.099091
Library and Information Science;2018-03-14T18:59:33.099091
Information Literacy;2018-03-14T18:59:33.099091
Scholarly Publishing;2018-03-14T18:59:33.099091
Collection Development and Management;2018-03-14T18:59:33.099091
Scholarly Communication;2018-03-14T18:59:33.099091
Social and Behavioral Sciences;2018-03-13T02:52:02.699029
Library and Information Science;2018-03-13T02:52:02.699029
Cataloging and Metadata;2018-03-13T02:52:02.699029
Social and Behavioral Sciences;2018-03-05T18:29:03.113942
Library and Information Science;2018-03-05T18:29:03.113942
Scholarly Communication;2018-03-02T05:44:30.775628
Social and Behavioral Sciences;2018-03-02T05:44:30.775628
Library and Information Science;2018-03-02T05:44:30.775628
Scholarly Communication;2018-03-02T05:27:56.416656
Social and Behavioral Sciences;2018-03-02T05:27:56.416656
Library and Information Science;2018-03-02T05:27:56.416656
Social and Behavioral Sciences;2018-02-28T20:10:13.050025
Library and Information Science;2018-02-28T20:10:13.050025
Scholarly Communication;2018-02-28T16:30:21.308494
Social and Behavioral Sciences;2018-02-28T16:30:21.308494
Library and Information Science;2018-02-28T16:30:21.308494
Scholarly Communication;2018-02-23T18:14:29.826506
Social and Behavioral Sciences;2018-02-23T18:14:29.826506
Scholarly Publishing;2018-02-23T18:14:29.826506
Library and Information Science;2018-02-23T18:14:29.826506
Scholarly Communication;2018-02-10T20:37:14.085431
Social and Behavioral Sciences;2018-02-10T20:37:14.085431
Library and Information Science;2018-02-10T20:37:14.085431
Information Literacy;2018-01-23T17:27:14.858973
Social and Behavioral Sciences;2018-01-23T17:27:14.858973
Library and Information Science;2018-01-23T17:27:14.858973
Scholarly Communication;2018-01-17T11:09:39.848027
Social and Behavioral Sciences;2018-01-17T11:09:39.848027
Library and Information Science;2018-01-17T11:09:39.848027
Social and Behavioral Sciences;2018-01-10T17:43:20.705423
Library and Information Science;2018-01-10T17:43:20.705423
Collection Development and Management;2018-01-05T21:01:36.009093
Scholarly Communication;2018-01-05T21:01:36.009093
Social and Behavioral Sciences;2018-01-05T21:01:36.009093
Library and Information Science;2018-01-05T21:01:36.009093
Scholarly Communication;2018-01-02T21:04:20.442638
Social and Behavioral Sciences;2018-01-02T21:04:20.442638
Scholarly Publishing;2018-01-02T21:04:20.442638
Library and Information Science;2018-01-02T21:04:20.442638
Scholarly Communication;2017-12-31T02:44:03.511208
Social and Behavioral Sciences;2017-12-31T02:44:03.511208
Library and Information Science;2017-12-31T02:44:03.511208
Information Literacy;2017-12-13T21:25:55.130346
Social and Behavioral Sciences;2017-12-13T21:25:55.130346
Library and Information Science;2017-12-13T21:25:55.130346
Scholarly Communication;2017-12-08T14:25:47.907350
Social and Behavioral Sciences;2017-12-08T14:25:47.907350
Scholarly Publishing;2017-12-08T14:25:47.907350
Library and Information Science;2017-12-08T14:25:47.907350
Social and Behavioral Sciences;2017-12-05T04:31:26.629427
Library and Information Science;2017-12-05T04:31:26.629427
Cataloging and Metadata;2017-12-05T04:31:26.629427
Social and Behavioral Sciences;2017-12-04T18:16:00.593004
Library and Information Science;2017-12-04T18:16:00.593004
Scholarly Publishing;2017-12-04T18:16:00.593004
Collection Development and Management;2017-12-04T18:16:00.593004
Scholarly Communication;2017-12-04T18:16:00.593004
Scholarly Communication;2017-11-22T23:19:49.561728
Social and Behavioral Sciences;2017-11-22T23:19:49.561728
Scholarly Publishing;2017-11-22T23:19:49.561728
Library and Information Science;2017-11-22T23:19:49.561728
Social and Behavioral Sciences;2017-11-14T01:11:24.307759
Library and Information Science;2017-11-14T01:11:24.307759
Social and Behavioral Sciences;2017-11-10T04:32:37.075316
Library and Information Science;2017-11-10T04:32:37.075316
Social and Behavioral Sciences;2017-11-03T20:01:30.676514
Library and Information Science;2017-11-03T20:01:30.676514
Social and Behavioral Sciences;2017-11-02T00:55:15.250914
Library and Information Science;2017-11-02T00:55:15.250914
Cataloging and Metadata;2017-11-02T00:55:15.250914
Archival Science;2017-11-02T00:55:15.250914
Collection Development and Management;2017-11-02T00:55:15.250914
Social and Behavioral Sciences;2017-10-30T20:58:55.635175
Library and Information Science;2017-10-30T20:58:55.635175
Cataloging and Metadata;2017-10-30T20:58:55.635175
Social and Behavioral Sciences;2017-10-30T12:44:28.067354
Library and Information Science;2017-10-30T12:44:28.067354
Social and Behavioral Sciences;2017-10-27T21:03:40.295043
Library and Information Science;2017-10-27T21:03:40.295043
Scholarly Communication;2017-10-25T23:15:56.401977
Social and Behavioral Sciences;2017-10-25T23:15:56.401977
Library and Information Science;2017-10-25T23:15:56.401977
Collection Development and Management;2017-10-25T16:44:26.908923
Social and Behavioral Sciences;2017-10-25T16:44:26.908923
Library and Information Science;2017-10-25T16:44:26.908923
Social and Behavioral Sciences;2017-10-25T13:26:38.294100
Library and Information Science;2017-10-25T13:26:38.294100
Social and Behavioral Sciences;2017-10-25T06:39:48.046861
Scholarly Publishing;2017-10-25T06:39:48.046861
Library and Information Science;2017-10-25T06:39:48.046861
Scholarly Communication;2017-10-25T06:23:27.974104
Social and Behavioral Sciences;2017-10-25T06:23:27.974104
Scholarly Publishing;2017-10-25T06:23:27.974104
Library and Information Science;2017-10-25T06:23:27.974104
Archival Science;2017-10-25T06:18:44.958239
Social and Behavioral Sciences;2017-10-25T06:18:44.958239
Library and Information Science;2017-10-25T06:18:44.958239
Scholarly Communication;2017-10-24T03:48:28.821855
Social and Behavioral Sciences;2017-10-24T03:48:28.821855
Library and Information Science;2017-10-24T03:48:28.821855
Scholarly Communication;2017-10-24T03:45:32.769747
Social and Behavioral Sciences;2017-10-24T03:45:32.769747
Library and Information Science;2017-10-24T03:45:32.769747
Scholarly Communication;2017-10-24T03:42:52.788231
Social and Behavioral Sciences;2017-10-24T03:42:52.788231
Library and Information Science;2017-10-24T03:42:52.788231
Scholarly Communication;2017-10-24T03:38:43.615919
Social and Behavioral Sciences;2017-10-24T03:38:43.615919
Scholarly Publishing;2017-10-24T03:38:43.615919
Library and Information Science;2017-10-24T03:38:43.615919
Scholarly Communication;2017-10-24T03:36:37.690899
Social and Behavioral Sciences;2017-10-24T03:36:37.690899
Library and Information Science;2017-10-24T03:36:37.690899
Scholarly Communication;2017-10-24T03:24:05.716887
Social and Behavioral Sciences;2017-10-24T03:24:05.716887
Library and Information Science;2017-10-24T03:24:05.716887
Scholarly Communication;2017-10-24T03:20:38.061283
Social and Behavioral Sciences;2017-10-24T03:20:38.061283
Scholarly Publishing;2017-10-24T03:20:38.061283
Library and Information Science;2017-10-24T03:20:38.061283
Social and Behavioral Sciences;2017-10-23T19:56:10.453512
Library and Information Science;2017-10-23T19:56:10.453512
Social and Behavioral Sciences;2017-10-13T20:55:17.445075
Library and Information Science;2017-10-13T20:55:17.445075
Social and Behavioral Sciences;2017-10-09T18:48:35.942169
Library and Information Science;2017-10-09T18:48:35.942169
Social and Behavioral Sciences;2017-10-02T12:56:34.587180
Library and Information Science;2017-10-02T12:56:34.587180
Scholarly Communication;2017-09-16T16:12:14.031062
Social and Behavioral Sciences;2017-09-16T16:12:14.031062
Library and Information Science;2017-09-16T16:12:14.031062
Scholarly Communication;2017-09-05T17:42:07.660939
Social and Behavioral Sciences;2017-09-05T17:42:07.660939
Library and Information Science;2017-09-05T17:42:07.660939
Social and Behavioral Sciences;2017-09-01T21:56:15.147898
Library and Information Science;2017-09-01T21:56:15.147898
Social and Behavioral Sciences;2017-09-01T19:07:59.889517
Library and Information Science;2017-09-01T19:07:59.889517
Scholarly Communication;2017-08-29T14:28:52.371620
Social and Behavioral Sciences;2017-08-29T14:28:52.371620
Scholarly Publishing;2017-08-29T14:28:52.371620
Library and Information Science;2017-08-29T14:28:52.371620
Scholarly Communication;2017-08-29T14:24:19.531095
Social and Behavioral Sciences;2017-08-29T14:24:19.531095
Scholarly Publishing;2017-08-29T14:24:19.531095
Library and Information Science;2017-08-29T14:24:19.531095
Social and Behavioral Sciences;2017-08-18T17:13:46.717280
Library and Information Science;2017-08-18T17:13:46.717280
Scholarly Publishing;2017-08-18T17:13:46.717280
Archival Science;2017-08-18T17:13:46.717280
Scholarly Communication;2017-08-18T17:13:46.717280
Scholarly Communication;2017-08-11T16:36:25.493930
Social and Behavioral Sciences;2017-08-11T16:36:25.493930
Scholarly Publishing;2017-08-11T16:36:25.493930
Library and Information Science;2017-08-11T16:36:25.493930
Scholarly Communication;2017-08-07T15:26:57.917107
Social and Behavioral Sciences;2017-08-07T15:26:57.917107
Scholarly Publishing;2017-08-07T15:26:57.917107
Library and Information Science;2017-08-07T15:26:57.917107
Social and Behavioral Sciences;2017-08-02T17:46:18.695366
Library and Information Science;2017-08-02T17:46:18.695366
Scholarly Communication;2017-08-02T14:42:35.085073
Social and Behavioral Sciences;2017-08-02T14:42:35.085073
Library and Information Science;2017-08-02T14:42:35.085073
Cataloging and Metadata;2017-08-02T14:42:35.085073
Social and Behavioral Sciences;2017-08-01T13:19:10.893291
Library and Information Science;2017-08-01T13:19:10.893291
Information Literacy;2017-07-31T16:04:29.967220
Social and Behavioral Sciences;2017-07-31T16:04:29.967220
Library and Information Science;2017-07-31T16:04:29.967220
Scholarly Communication;2017-07-28T20:08:10.808027
Social and Behavioral Sciences;2017-07-28T20:08:10.808027
Scholarly Publishing;2017-07-28T20:08:10.808027
Library and Information Science;2017-07-28T20:08:10.808027
Scholarly Communication;2017-07-24T16:23:04.704859
Social and Behavioral Sciences;2017-07-24T16:23:04.704859
Library and Information Science;2017-07-24T16:23:04.704859
Information Literacy;2017-07-20T20:46:51.639023
Social and Behavioral Sciences;2017-07-20T20:46:51.639023
Library and Information Science;2017-07-20T20:46:51.639023
Social and Behavioral Sciences;2017-07-20T16:40:25.472818
Scholarly Communication;2017-07-20T01:46:22.977147
Social and Behavioral Sciences;2017-07-20T01:46:22.977147
Library and Information Science;2017-07-20T01:46:22.977147
Archival Science;2017-07-15T18:38:47.626374
Social and Behavioral Sciences;2017-07-15T18:38:47.626374
Library and Information Science;2017-07-15T18:38:47.626374
Scholarly Communication;2017-07-14T19:00:32.752974
Social and Behavioral Sciences;2017-07-14T19:00:32.752974
Library and Information Science;2017-07-14T19:00:32.752974
Social and Behavioral Sciences;2017-07-14T16:05:10.747764
Library and Information Science;2017-07-14T16:05:10.747764
Scholarly Communication;2017-07-12T10:51:11.434558
Social and Behavioral Sciences;2017-07-12T10:51:11.434558
Library and Information Science;2017-07-12T10:51:11.434558
