gd8r3;lissa;https://doi.org/10.5281/zenodo.1482969;-;;;;;
a69qk;lissa;https://doi.org/10.3138/jelis.60.1.2018-0032;-;;;;;
6aqv7;lissa;https://doi.org/10.3138/jelis.60.1.2018-0032;-;;;;;
ayjq9;lissa;https://doi.org/10.17605/OSF.IO/YX3VE;-;;;;;
ny5gu;lissa;https://doi.org/10.17605/OSF.IO/ZSFBH;-;;;;;
upt8j;lissa;https://doi.org/10.17605/OSF.IO/963E5;-;;;;;
qrmks;lissa;https://doi.org/10.17605/OSF.IO/RD6UJ;-;;;;;
kqamh;lissa;https://doi.org/10.17605/OSF.IO/6ZMR7;-;;;;;
7a6y9;lissa;https://doi.org/10.7710/2162-3309.2223;2018-08;;;{Dave S. Ghamandi};{Pacific University Library};{https://doi.org/10.7710%2F2162-3309.2223}
hym8b;lissa;https://doi.org/10.5860/rusq.56n2.108;2017-01;;;{J. Lindsay O{\textquotesingle}Neil};{American Library Association};{https://doi.org/10.5860%2Frusq.56n2.108}
2myvr;lissa;https://doi.org/10.1108/RSR-10-2016-0059;2017-02;;;{J. Lindsay O'Neill};{Emerald};{https://doi.org/10.1108%2Frsr-10-2016-0059}
67mwz;lissa;https://doi.org/10.1080/01462679.2018.1451794;2018-04;;;{Geoffrey P. Timms};{Informa {UK} Limited};{https://doi.org/10.1080%2F01462679.2018.1451794}
r3dw9;lissa;https://doi.org/10.1353/pla.2018.0019;2018-;;;{Rachel W. Gammons and Alexander J. Carroll and Lindsay Inge Carpenter};{Johns Hopkins University Press};{https://doi.org/10.1353%2Fpla.2018.0019}
j6r3s;lissa;https://doi.org/10.1007/s11192-018-2758-y;2018-04;;;{Olga Moskaleva and Vladimir Pislyakov and Ivan Sterligov and Mark Akoev and Svetlana Shabanova};{Springer Nature};{https://doi.org/10.1007%2Fs11192-018-2758-y}
e6uq9;lissa;https://doi.org/10.1080/15228959.2017.1338543;2017-07;;;{Stephen Krueger and Miriam Matteson};{Informa {UK} Limited};{https://doi.org/10.1080%2F15228959.2017.1338543}
5a7df;lissa;https://doi.org/10.1515/opis-2018-0003;2018-03;;;{Jaclyn McLean and Robin Canham};{Walter de Gruyter {GmbH}};{https://doi.org/10.1515%2Fopis-2018-0003}
fn5st;lissa;https://doi.org/10.1007/978-3-319-92270-6_26;2018-;;;{Maurice Schleu{\ss}inger and Maria Henkel};{Springer International Publishing};{https://doi.org/10.1007%2F978-3-319-92270-6_26}
kp5r6;lissa;https://doi.org/10.1080/19386389.2018.1443414;2017-10;;;{Andrew Battista and Karen Majewicz and Stephen Balogh and Darren Hardy};{Informa {UK} Limited};{https://doi.org/10.1080%2F19386389.2018.1443414}
6ah4x;lissa;https://doi.org/10.5260/chara.19.3.35;2018-01;;;{Amy Riegelman};{The Charleston Co.};{https://doi.org/10.5260%2Fchara.19.3.35}
rfm6k;lissa;https://doi.org/10.1080/0270319X.2015.1081006;2015-07;;;{Elizabeth Outler};{Informa {UK} Limited};{https://doi.org/10.1080%2F0270319x.2015.1081006}
qeaw8;lissa;https://doi.org/10.1017/alj.2016.12;2016-04;;;{Sumitra Duncan and Karl-Rainer Blumenthal};{Cambridge University Press ({CUP})};{https://doi.org/10.1017%2Falj.2016.12}
k2gmu;lissa;https://doi.org/10.15845/noril.v6i1.214;2014-06;;;{Andrew Walsh};{Universtity of Bergen Library};{https://doi.org/10.15845%2Fnoril.v6i1.214}
8bzav;lissa;https://doi.org/10.3138/jsp.49.1.26;2017-10;;;{Martin Paul Eve};{University of Toronto Press Inc. ({UTPress})};{https://doi.org/10.3138%2Fjsp.49.1.26}
d79yu;lissa;https://doi.org/10.1017/CBO9781316161012;2014-;;;{Martin Paul Eve};{Cambridge University Press};{https://doi.org/10.1017%2Fcbo9781316161012}
ktcbv;lissa;https://doi.org/10.7710/2162-3309.2178;2017-;;;{Martin Paul Eve};{Pacific University Library};{https://doi.org/10.7710%2F2162-3309.2178}
8tjnv;lissa;https://doi.org/10.5860/crl.77.2.140;2016-03;;;{Kara J. Malenfant and Lisa Janicke Hinchliffe and Debra Gilchrist};{American Library Association};{https://doi.org/10.5860%2Fcrl.77.2.140}
t6mj9;lissa;https://doi.org/10.3163/1536-5050.97.1.008;2009-01;;;{Dean Hendrix and Deborah Chiarella and Linda Hasman and Sharon Murphy and Michelle L. Zafron};{University Library System;{https://doi.org/10.3163%2F1536-5050.97.1.008}
vf5dm;lissa;https://doi.org/10.3163/1536-5050.96.4.007;2008-10;;;{Dean Hendrix};{University Library System;{https://doi.org/10.3163%2F1536-5050.96.4.007}
896zc;lissa;https://doi.org/10.1007/s11192-008-2160-2;2009-04;;;{Dean Hendrix};{Springer Nature};{https://doi.org/10.1007%2Fs11192-008-2160-2}
5tm8d;lissa;https://doi.org/10.29173/iq18;2017-12;;;{Vicky Steeves and R{\'{e}}mi Rampin and Fernando Chirigati};{University of Alberta Libraries};{https://doi.org/10.29173%2Fiq18}
kf29s;lissa;https://doi.org/10.5860/crl.71.1.32;2010-01;;;{D. Hendrix};{American Library Association};{https://doi.org/10.5860%2Fcrl.71.1.32}
bv67u;lissa;https://doi.org/10.5860/crln.74.10.9023;2013-11;;;{Kyle K. Courtney};{American Library Association};{https://doi.org/10.5860%2Fcrln.74.10.9023}
