-63
0
-353
-45
-3
-339
-338
-66
-329
-140
-107
-135
-131
-149
-1789
-185
-150
-693
-323
42
-2423
-318
-316
-1533
-33
-2
-311
-595
-71
-3533
-304
-1
-1
-12
-867
-729
-3575
-1065
-3880
-2539
-286
-1173
-622
-355
-292
-1767
-557
-132
29
-282
-11
-21
-208
24
57
-974
-92
-6
-23
-22
-319
-203
-49
-1325
-625
-1747
-17
-4
-4
-105
-277
-2448
58
-2
-82
-1018
-555
67
-1862
-709
-611
-32
29
-109
-123
4
-827
65
0
-823
-822
-6
-6
-6
-6
-6
-6
-6
-6
-6
-820
-231
-817
-666
-491
-659
-2
-439
-527
83
-615
-645
-20
-20
-20
-20
-20
-20
-20
-20
-20
-20
-20
-20
-20
-20
-20
-20
-20
-20
-20
-20
-611
-591
-213
-1298
-529
-643
-1729
-483
-1993
-139
-385
-1221
-568
-200
-928
-445
-565
-200
-200
-200
-200
-197
-330
-193
-751
-558
-193
-804
22
-190
-66
-783
-2
-548
-26
-12
-206
-387
-8
-8
-8
-8
-8
-8
-8
-8
-8
-8
-8
-8
-8
-8
-8
-8
-8
-8
-8
-8
-8
-8
-8
-8
-8
-8
-8
-8
-1
-160
-169
-13
-529
-168
153
57
67
163
-155
-21
-23
-21
-22
-20
-20
-20
-20
-20
-20
-20
-20
-23
-20
-20
22
-151
-396
-151
-180
0
-117
-148
-1242
-26
0
-137
-137
-135
-134
-499
-488
-134
-28
-28
-28
-130
-586
88
-129
-247
-112
-1863
-373
-1
-1127
-13
21
-201
-264
62
0
-1250
-324
-50
-332
-628
-107
-179
-403
-103
-1685
-101
-315
-3328
21
-9
17
-9
-130
-3
58
-93
-3743
-2313
-2282
-1673
-1765
-1673
-426
-637
0
-14
-14
-14
-14
-14
-14
-14
-14
-14
-14
-14
-14
-14
-14
-14
-14
-14
-14
-14
-14
-14
-14
-14
-14
-14
-14
-14
-14
-14
-14
-14
-14
-1488
-1379
-3
-1668
-2610
4
-3728
-8
-365
-104
-115
-988
-590
-817
-1078
260
-1
267
-1118
-11751
-87
-3
122
-2
-1
-56
-273
45
-178
-785
-5
-5
-5
-5
-5
-5
-5
-5
-5
-5
-5
-5
-5
-5
-63
-44
-834
20
-403
-35
-35
-34
0
-30
-48
-381
-643
-24
58
22
-146
-2203
-5
-4
-125
-393
-1980
-367
-824
-917
-229
-1315
-14
-14
-14
-14
-14
-14
-14
-14
-14
-14
-14
-14
-14
-14
-14
-14
-14
-14
-14
-14
-14
-14
-14
-14
-14
-14
-14
-14
-14
-14
-14
71
55
-3064
-1571
-3
-3
-691
-537
-1
-1181
-178
-766
-1071
-3452
-1442
-786
-28
-438
8
-957
-344
-338
-1921
-61
-305
-246
-1069
-1161
-1556
-1648
-2196
-2622
-2926
254
-292
146
-89
-684
98
-28
-28
-28
-28
-28
-28
-28
-28
-28
-28
-28
-28
-28
-28
-38
-232
-396
-1101
-17
-40
-309
-673
-91
-7
-174
-111
-303
-71
-183
-302
-745
-1730
-1306
-300
-697
-7727
24
-2977
7
-1423
-1027
-7
49
9
-71
14
-183
-165
-197
-31
-31
-31
-31
-31
-31
-31
-31
-31
-31
-31
-31
-31
-31
-30
-30
-30
-30
-30
-30
-30
-30
-30
-30
-30
-30
-30
193
-2476
388
143
-451
-1
77
-277
-276
-6
121
-3224
-4
-44
-303
-104
-254
-841
-1119
-654
-2
-245
-19
-19
-19
-19
-19
-19
-19
-19
-19
-19
-19
-19
-19
-19
-19
-217
-1096
-16
156
13
-71
189
-507
487
-3
-404
-740
-219
-175
146
191
-2
22
-211
-4
287
-284
-2153
-37
-37
-37
-37
-37
-37
-37
-37
-37
-37
-37
-37
-37
-37
-37
-37
-37
-37
-37
-37
-37
-36
-1291
-977
-1453
169
-3144
-1049
-4701
-4245
-1053
-768
-714
-319
-105
-379
230
204
-13
-6
44
-52
-78
187
-11
-963
-173
-172
-172
-171
-7
-1236
-289
-532
-166
-1688
-392
408
-316
-1109
-738
-569
-617
-68
-677
-6
-20
-863
-614
63
-1334
-140
-500
-2128
-667
-511
-545
-158
-46
-480
351
169
-12
-4
-1
527
-20
-1727
-473
105
-698
-1136
-26
-26
-26
-9
-22
-22
-22
-22
-22
-22
-22
-22
-22
-22
-22
-22
-22
-22
-22
-22
-22
-22
-22
-22
-22
-22
-22
-22
-27
272
-268
144
381
497
-447
34
-8
158
-465
161
-131
-213
522
-812
-30
-30
-30
-30
-30
-30
-30
-30
-30
-30
-30
-30
-30
-30
91
-313
-374
-238
-67
-1469
-49
-807
-1415
-400
-3992
-3901
-3444
-2986
-2733
-2348
-2214
-2237
-826
-430
-174
-153
100
-63
183
-60
-2207
-58
266
-2328
-127
-788
-391
402
-52
-50
-50
186
-1923
-488
-414
-779
-779
-1568
-1356
-45
-2388
-647
-107
-337
-972
-31
-1123
-513
-422
-51
-390
-1485
-1242
312
-974
-613
-1350
-921
-2291
-820
-1516
272
265
-2139
-629
80
-1093
-1143
-76
-347
-36
81
-9
-344
-163
-342
-253
-737
45
-680
112
18
426
132
-291
209
209
86
200
-252
-250
-147
-705
-1141
-1506
-14
332
-6
-293
-415
76
-297
-87
519
-2385
-296
-338
