1,Applied Statistics
1,Atmospheric Sciences
1,Biodiversity
1,Biology
1,Environmental Chemistry
1,Environmental Microbiology and Microbial Ecology Life Sciences
1,Glaciology
1,Longitudinal Data Analysis and Time Series
1,Microbiology
1,Paleobiology
1,Paleontology
1,Probability
1,Volcanology
1,Water Resource Management
2,Biogeochemistry
2,Categorical Data Analysis
2,Chemistry
2,Computer Sciences
2,Environmental Indicators and Impact Assessment
2,Geomorphology
2,Numerical Analysis and Scientific Computing
2,Other Physical Sciences and Mathematics
3,Geochemistry
3,Geographic Information Sciences
3,Geography
3,Geophysics and Seismology
3,Life Sciences
3,Social and Behavioral Sciences
3,Spatial Science
3,Statistics and Probability
4,Hydrology
4,Sedimentology
4,Tectonics and Structure
5,Climate
6,Geology
6,Oceanography and Atmospheric Sciences and Meteorology
7,Environmental Sciences
24,Earth Sciences
30,Physical Sciences and Mathematics
