1,Applied Mathematics
1,Astrophysics and Astronomy
1,Categorical Data Analysis
1,Dynamic Systems
1,Ecology and Evolutionary Biology
1,Engineering
1,Environmental Monitoring
1,Geographic Information Sciences
1,Geography
1,Graphics and Human Computer Interfaces
1,Mathematics
1,Mineral Physics
1,Natural Resources Management and Policy
1,Non-linear Dynamics
1,Numerical Analysis and Scientific Computing
1,Oceanography
1,Oil, Gas, and Energy
1,Other Ecology and Evolutionary Biology
1,Other Life Sciences
1,Physics
1,Social and Behavioral Sciences
1,Statistical, Nonlinear, and Soft Matter Physics
1,Statistics and Probability
1,The Sun and the Solar System
1,Theory and Algorithms
1,Volcanology
2,Atmospheric Sciences
2,Computer Sciences
2,Meteorology
2,Other Earth Sciences
2,Sedimentology
2,Stratigraphy
3,Geochemistry
3,Hydrology
3,Oceanography and Atmospheric Sciences and Meteorology
4,Environmental Sciences
4,Geomorphology
4,Life Sciences
7,Geophysics and Seismology
7,Tectonics and Structure
10,Geology
27,Earth Sciences
31,Physical Sciences and Mathematics
