1,Analysis
1,Applied Mathematics
1,Atmospheric Sciences
1,Chemistry
1,Ecology and Evolutionary Biology
1,Engineering
1,Environmental Indicators and Impact Assessment
1,Environmental Studies
1,Fresh Water Studies
1,Library and Information Science
1,Life Sciences
1,Meteorology
1,Numerical Analysis and Scientific Computing
1,Oceanography
1,Other Mathematics
1,Paleobiology
1,Physical and Environmental Geography
1,Physics
1,Physiology
1,Plant Sciences
1,Risk Analysis
1,Soil Science
1,Spatial Science
2,Biogeochemistry
2,Climate
2,Environmental Monitoring
2,Geography
2,Hydrology
2,Mathematics
2,Natural Resources and Conservation
3,Computer Sciences
3,Geochemistry
3,Geophysics and Seismology
3,Other Earth Sciences
3,Volcanology
4,Social and Behavioral Sciences
5,Environmental Sciences
5,Tectonics and Structure
6,Oceanography and Atmospheric Sciences and Meteorology
11,Stratigraphy
14,Geomorphology
15,Sedimentology
18,Geology
32,Earth Sciences
37,Physical Sciences and Mathematics
