1,Applied Mathematics
1,Applied Statistics
1,Artificial Intelligence and Robotics
1,Biogeochemistry
1,Civil Engineering
1,Education
1,Electrical and Computer Engineering
1,Environmental Microbiology and Microbial Ecology Life Sciences
1,Environmental Monitoring
1,Environmental Public Health
1,Environmental Studies
1,Geochemistry
1,Glaciology
1,Medicine and Health Sciences
1,Microbiology
1,Multivariate Analysis
1,Natural Resources Management and Policy
1,Natural Resources and Conservation
1,Numerical Analysis and Scientific Computing
1,Oceanography
1,Other Engineering
1,Planetary Geomorphology
1,Planetary Sciences
1,Planetary Sedimentology
1,Public Health
1,Social and Behavioral Sciences
1,Theory and Algorithms
2,Biology
2,Climate
2,Computer Sciences
2,Mineral Physics
2,Statistics and Probability
2,Sustainability
2,Volcanology
2,Water Resource Management
3,Environmental Engineering
3,Geophysics and Seismology
3,Oceanography and Atmospheric Sciences and Meteorology
3,Other Civil and Environmental Engineering
3,Tectonics and Structure
4,Life Sciences
5,Environmental Sciences
5,Hydrology
6,Civil and Environmental Engineering
6,Stratigraphy
7,Engineering
8,Geomorphology
8,Sedimentology
10,Geology
23,Earth Sciences
25,Physical Sciences and Mathematics
