1,Atmospheric Sciences
1,Biology
1,Civil and Environmental Engineering
1,Climate
1,Computer Sciences
1,Condensed Matter Physics
1,Environmental Microbiology and Microbial Ecology Life Sciences
1,Geochemistry
1,Microbiology
1,Mineral Physics
1,Multivariate Analysis
1,Natural Resources Management and Policy
1,Oceanography
1,Oceanography and Atmospheric Sciences and Meteorology
1,Other Oceanography and Atmospheric Sciences and Meteorology
1,Other Physical Sciences and Mathematics
1,Paleobiology
1,Physiology
1,Plant Sciences
1,Programming Languages and Compilers
1,Sedimentology
1,Software Engineering
1,Soil Science
1,Statistics and Probability
1,Stratigraphy
1,Terrestrial and Aquatic Ecology
1,Water Resource Management
2,Ecology and Evolutionary Biology
2,Physics
2,Sustainability
3,Engineering
3,Geology
3,Other Applied Mathematics
4,Applied Mathematics
4,Environmental Sciences
4,Geomorphology
4,Life Sciences
5,Hydrology
5,Tectonics and Structure
9,Geophysics and Seismology
22,Earth Sciences
22,Physical Sciences and Mathematics
