1,Applied Statistics
1,Atmospheric Sciences
1,Computer Sciences
1,Education
1,Engineering
1,Environmental Indicators and Impact Assessment
1,Environmental Studies
1,Geochemistry
1,Higher Education
1,Language and Literacy Education
1,Liberal Studies
1,Library and Information Science
1,Medicine and Health Sciences
1,Oceanography
1,Other Physical Sciences and Mathematics
1,Physics
1,Probability
1,Public Health
1,Science and Mathematics Education
1,Social and Behavioral Sciences
1,Speleology
1,Statistical Models
1,Statistics and Probability
2,Hydrology
2,Life Sciences
2,Planetary Sciences
3,Environmental Monitoring
3,Stratigraphy
3,Volcanology
4,Climate
4,Sedimentology
5,Geomorphology
6,Geophysics and Seismology
6,Oceanography and Atmospheric Sciences and Meteorology
7,Environmental Sciences
7,Geology
7,Tectonics and Structure
25,Earth Sciences
29,Physical Sciences and Mathematics
