1,Agronomy and Crop Sciences Life Sciences
1,Applied Mathematics
1,Civil and Environmental Engineering
1,Education
1,Environmental Monitoring
1,Environmental Studies
1,Geochemistry
1,Geography
1,International and Area Studies
1,Library and Information Science
1,Medicine and Health Sciences
1,Ordinary Differential Equations and Applied Dynamics
1,Other Applied Mathematics
1,Other Earth Sciences
1,Other Environmental Sciences
1,Paleobiology
1,Paleontology
1,Planetary Geomorphology
1,Planetary Geophysics and Seismology
1,Planetary Sciences
1,Plant Sciences
1,Risk Analysis
1,Social and Behavioral Sciences
1,Soil Science
1,Sustainability
1,Water Resource Management
2,Atmospheric Sciences
2,Engineering
3,Climate
3,Hydrology
3,Life Sciences
3,Volcanology
4,Stratigraphy
4,Tectonics and Structure
5,Environmental Sciences
5,Geophysics and Seismology
5,Oceanography and Atmospheric Sciences and Meteorology
7,Sedimentology
8,Geology
8,Geomorphology
28,Earth Sciences
33,Physical Sciences and Mathematics
