1,Applied Mathematics
1,Biochemistry, Biophysics, and Structural Biology
1,Civil Engineering
1,Environmental Engineering
1,Fluid Dynamics
1,Glaciology
1,Hydraulic Engineering
1,Mathematics
1,Natural Resources and Conservation
1,Numerical Analysis and Scientific Computing
1,Oil, Gas, and Energy
1,Other Physical Sciences and Mathematics
1,Paleontology
1,Partial Differential Equations
1,Physics
1,Probability
1,Risk Analysis
1,Statistics and Probability
2,Environmental Sciences
2,Hydrology
2,Remote Sensing
2,Stratigraphy
2,Theory and Algorithms
3,Civil and Environmental Engineering
3,Engineering
3,Life Sciences
3,Oceanography
3,Oceanography and Atmospheric Sciences and Meteorology
4,Biogeochemistry
4,Computer Sciences
5,Volcanology
6,Geochemistry
7,Other Earth Sciences
10,Geographic Information Sciences
10,Geography
10,Social and Behavioral Sciences
10,Spatial Science
12,Sedimentology
13,Geophysics and Seismology
16,Geomorphology
16,Tectonics and Structure
19,Geology
51,Earth Sciences
53,Physical Sciences and Mathematics
