1,Artificial Intelligence and Robotics
1,Biogeochemistry
1,Civil Engineering
1,Civil and Environmental Engineering
1,Computational Engineering
1,Computer Sciences
1,Ecology and Evolutionary Biology
1,Electrical and Computer Engineering
1,Environmental Chemistry
1,Environmental Studies
1,Geochemistry
1,Glaciology
1,Hydraulic Engineering
1,Life Sciences
1,Natural Resource Economics
1,Oceanography
1,Oil, Gas, and Energy
1,Organic Chemistry
1,Other Earth Sciences
1,Other Engineering
1,Power and Energy
1,Social and Behavioral Sciences
1,Statistical Models
1,Statistics and Probability
1,Sustainability
1,Terrestrial and Aquatic Ecology
1,Water Resource Management
2,Chemistry
2,Climate
2,Natural Resources Management and Policy
2,Volcanology
3,Geomorphology
3,Oceanography and Atmospheric Sciences and Meteorology
3,Stratigraphy
4,Engineering
4,Geophysics and Seismology
4,Hydrology
5,Environmental Sciences
5,Sedimentology
5,Tectonics and Structure
6,Geology
27,Earth Sciences
30,Physical Sciences and Mathematics
