1,Aerospace Engineering
1,Agriculture
1,Applied Mathematics
1,Astrophysics and Astronomy
1,Biogeochemistry
1,Chemistry
1,Civil and Environmental Engineering
1,Computer and Systems Architecture
1,Databases and Information Systems
1,Environmental Chemistry
1,Environmental Indicators and Impact Assessment
1,Environmental Studies
1,Hydraulic Engineering
1,Mathematics
1,Oil, Gas, and Energy
1,Other Applied Mathematics
1,Other Earth Sciences
1,Other Environmental Sciences
1,Other Geography
1,Other Statistics and Probability
1,Paleobiology
1,Paleontology
1,Physical and Environmental Geography
1,Planetary Geology
1,Planetary Sciences
1,Science and Mathematics Education
1,Stratigraphy
1,Sustainability
1,Systems Biology
2,Climate
2,Computational Engineering
2,Computer Engineering
2,Computer Sciences
2,Environmental Monitoring
2,Geography
2,Hydrology
2,Numerical Analysis and Scientific Computing
2,Oceanography and Atmospheric Sciences and Meteorology
2,Social and Behavioral Sciences
2,Soil Science
2,Statistics and Probability
2,Volcanology
3,Education
3,Geochemistry
3,Life Sciences
3,Water Resource Management
4,Engineering
4,Geomorphology
5,Sedimentology
7,Geophysics and Seismology
7,Tectonics and Structure
8,Geology
9,Environmental Sciences
28,Earth Sciences
34,Physical Sciences and Mathematics
