1,Aerospace Engineering
1,Applied Mathematics
1,Biogeochemistry
1,Computer Sciences
1,Construction Engineering and Management
1,Environmental Engineering
1,Environmental Monitoring
1,Fresh Water Studies
1,Meteorology
1,Mineral Physics
1,Natural Resources Management and Policy
1,Numerical Analysis and Scientific Computing
1,Oceanography
1,Risk Analysis
1,Soil Science
1,Statistical Models
1,Statistics and Probability
1,Tectonics and Structure
2,Biodiversity
2,Civil and Environmental Engineering
2,Climate
2,Geophysics and Seismology
2,Life Sciences
2,Other Earth Sciences
2,Sedimentology
2,Stratigraphy
2,Volcanology
3,Sustainability
4,Engineering
4,Environmental Sciences
4,Geomorphology
4,Oceanography and Atmospheric Sciences and Meteorology
5,Hydrology
7,Geochemistry
7,Geology
21,Earth Sciences
26,Physical Sciences and Mathematics
