1,Applied Statistics
1,Atmospheric Sciences
1,Biogeochemistry
1,Computational Engineering
1,Dynamic Systems
1,Electrical and Computer Engineering
1,Environmental Engineering
1,Environmental Indicators and Impact Assessment
1,Fluid Dynamics
1,Geotechnical Engineering
1,Life Sciences
1,Meteorology
1,Natural Resources Management and Policy
1,Oceanography
1,Physics
1,Power and Energy
1,Statistical Models
1,Structural Engineering
2,Chemistry
2,Computer Sciences
2,Construction Engineering and Management
2,Cosmochemistry
2,Environmental Studies
2,Inorganic Chemistry
2,Numerical Analysis and Scientific Computing
2,Statistics and Probability
2,Water Resource Management
3,Geographic Information Sciences
3,Geography
3,Hydraulic Engineering
3,Numerical Analysis and Computation
3,Other Oceanography and Atmospheric Sciences and Meteorology
3,Paleontology
3,Remote Sensing
3,Spatial Science
4,Applied Mathematics
5,Civil Engineering
5,Climate
5,Social and Behavioral Sciences
5,Volcanology
6,Glaciology
6,Hydrology
7,Other Civil and Environmental Engineering
8,Other Physical Sciences and Mathematics
9,Oceanography and Atmospheric Sciences and Meteorology
9,Other Environmental Sciences
9,Sedimentology
10,Civil and Environmental Engineering
10,Engineering
10,Environmental Monitoring
12,Geochemistry
13,Stratigraphy
14,Geomorphology
14,Tectonics and Structure
16,Environmental Sciences
18,Other Earth Sciences
27,Geology
46,Geophysics and Seismology
101,Earth Sciences
104,Physical Sciences and Mathematics
