1,Animal Sciences
1,Aquaculture and Fisheries Life Sciences
1,Computer Sciences
1,Environmental Engineering
1,Geomorphology
1,Natural Resources and Conservation
1,Other Environmental Sciences
1,Other Life Sciences
1,Software Engineering
1,Soil Science
1,Water Resource Management
2,Civil and Environmental Engineering
2,Climate
2,Engineering
2,Environmental Indicators and Impact Assessment
2,Environmental Monitoring
2,Glaciology
2,Hydrology
2,Life Sciences
2,Oceanography
2,Stratigraphy
3,Atmospheric Sciences
3,Geochemistry
3,Tectonics and Structure
4,Biogeochemistry
4,Other Earth Sciences
4,Volcanology
5,Geology
5,Sedimentology
6,Environmental Sciences
6,Oceanography and Atmospheric Sciences and Meteorology
8,Geophysics and Seismology
29,Earth Sciences
35,Physical Sciences and Mathematics
