Physical Sciences and Mathematics;2018-12-19T02:38:47.856999
Environmental Sciences;2018-12-19T02:38:47.856999
Physical Sciences and Mathematics;2018-12-18T22:08:00.422424
Environmental Sciences;2018-12-18T22:08:00.422424
Biology;2018-12-15T00:38:47.531051
Life Sciences;2018-12-15T00:38:47.531051
Marine Biology;2018-12-14T19:42:26.687828
Life Sciences;2018-12-14T19:42:26.687828
Biology;2018-12-14T19:07:06.301861
Life Sciences;2018-12-14T19:07:06.301861
Biology;2018-12-13T21:49:17.631954
Life Sciences;2018-12-13T21:49:17.631954
Environmental Studies;2018-12-05T22:53:43.773293
Social and Behavioral Sciences;2018-12-05T22:53:43.773293
Marine Biology;2018-12-04T19:01:22.742419
Life Sciences;2018-12-04T19:01:22.742419
Environmental Studies;2018-12-03T18:29:37.177142
Social and Behavioral Sciences;2018-12-03T18:29:37.177142
Marine Biology;2018-12-03T18:07:36.126723
Environmental Studies;2018-12-03T18:07:36.126723
Life Sciences;2018-12-03T18:07:36.126723
Social and Behavioral Sciences;2018-12-03T18:07:36.126723
Environmental Studies;2018-11-27T21:14:24.271324
Social and Behavioral Sciences;2018-11-27T21:14:24.271324
Law;2018-11-22T20:10:24.019596
Environmental Law;2018-11-22T20:10:24.019596
Environmental Studies;2018-11-15T18:17:44.276886
Social and Behavioral Sciences;2018-11-15T18:17:44.276886
Environmental Studies;2018-11-13T17:25:11.085280
Social and Behavioral Sciences;2018-11-13T17:25:11.085280
Ecology and Evolutionary Biology;2018-11-13T10:14:50.362067
Marine Biology;2018-11-13T10:14:50.362067
Life Sciences;2018-11-13T10:14:50.362067
Biology;2018-11-13T10:14:50.362067
Marine Biology;2018-11-12T20:53:59.859726
Environmental Studies;2018-11-12T20:53:59.859726
Life Sciences;2018-11-12T20:53:59.859726
Social and Behavioral Sciences;2018-11-12T20:53:59.859726
Environmental Studies;2018-11-12T20:45:43.649304
Social and Behavioral Sciences;2018-11-12T20:45:43.649304
Environmental Studies;2018-10-26T20:26:49.113896
Social and Behavioral Sciences;2018-10-26T20:26:49.113896
Marine Biology;2018-10-24T17:12:01.244215
Physical Sciences and Mathematics;2018-10-24T17:12:01.244215
Environmental Sciences;2018-10-24T17:12:01.244215
Life Sciences;2018-10-24T17:12:01.244215
Marine Biology;2018-10-23T16:33:46.980914
Life Sciences;2018-10-23T16:33:46.980914
Marine Biology;2018-10-16T18:27:14.707571
Life Sciences;2018-10-16T18:27:14.707571
Marine Biology;2018-10-10T16:10:14.093344
Life Sciences;2018-10-10T16:10:14.093344
Environmental Studies;2018-10-05T19:17:48.839544
Social and Behavioral Sciences;2018-10-05T19:17:48.839544
Marine Biology;2018-10-05T18:52:42.020972
Life Sciences;2018-10-05T18:52:42.020972
Sociology;2018-10-05T18:35:11.443877
Place and Environment;2018-10-05T18:35:11.443877
Environmental Studies;2018-10-05T18:35:11.443877
Social and Behavioral Sciences;2018-10-05T18:35:11.443877
Environmental Studies;2018-10-03T16:09:38.540858
Social and Behavioral Sciences;2018-10-03T16:09:38.540858
Environmental Studies;2018-10-03T08:55:15.529793
Life Sciences;2018-10-03T08:55:15.529793
Social and Behavioral Sciences;2018-10-03T08:55:15.529793
Environmental Studies;2018-10-02T19:10:18.983602
Social and Behavioral Sciences;2018-10-02T19:10:18.983602
Environmental Studies;2018-09-28T22:13:05.041793
Social and Behavioral Sciences;2018-09-28T22:13:05.041793
Environmental Studies;2018-09-28T16:53:17.452526
Social and Behavioral Sciences;2018-09-28T16:53:17.452526
Environmental Studies;2018-09-28T16:01:06.139902
Social and Behavioral Sciences;2018-09-28T16:01:06.139902
Environmental Studies;2018-09-27T19:13:40.092472
Social and Behavioral Sciences;2018-09-27T19:13:40.092472
Physical Sciences and Mathematics;2018-09-25T16:55:00.043042
Environmental Studies;2018-09-25T16:55:00.043042
Environmental Sciences;2018-09-25T16:55:00.043042
Social and Behavioral Sciences;2018-09-25T16:55:00.043042
Physical Sciences and Mathematics;2018-09-24T22:46:33.803769
Environmental Studies;2018-09-24T22:46:33.803769
Environmental Sciences;2018-09-24T22:46:33.803769
Social and Behavioral Sciences;2018-09-24T22:46:33.803769
Environmental Studies;2018-09-21T20:06:12.616148
Social and Behavioral Sciences;2018-09-21T20:06:12.616148
Environmental Studies;2018-09-21T17:34:35.493061
Social and Behavioral Sciences;2018-09-21T17:34:35.493061
Public Affairs, Public Policy and Public Administration;2018-09-21T10:54:02.718727
Environmental Policy;2018-09-21T10:54:02.718727
Environmental Studies;2018-09-21T10:54:02.718727
Social and Behavioral Sciences;2018-09-21T10:54:02.718727
Marine Biology;2018-09-21T06:43:36.388169
Life Sciences;2018-09-21T06:43:36.388169
Environmental Studies;2018-09-21T00:01:50.477736
Social and Behavioral Sciences;2018-09-21T00:01:50.477736
Environmental Studies;2018-09-20T23:18:03.211142
Social and Behavioral Sciences;2018-09-20T23:18:03.211142
Marine Biology;2018-09-20T23:17:01.433675
Life Sciences;2018-09-20T23:17:01.433675
Marine Biology;2018-09-20T20:35:52.872848
Environmental Studies;2018-09-20T20:35:52.872848
Life Sciences;2018-09-20T20:35:52.872848
Social and Behavioral Sciences;2018-09-20T20:35:52.872848
Marine Biology;2018-09-20T20:27:25.081228
Environmental Studies;2018-09-20T20:27:25.081228
Life Sciences;2018-09-20T20:27:25.081228
Social and Behavioral Sciences;2018-09-20T20:27:25.081228
Environmental Studies;2018-09-20T20:09:05.606356
Social and Behavioral Sciences;2018-09-20T20:09:05.606356
Environmental Studies;2018-09-20T19:18:20.832670
Social and Behavioral Sciences;2018-09-20T19:18:20.832670
Environmental Studies;2018-09-20T18:56:05.214982
Social and Behavioral Sciences;2018-09-20T18:56:05.214982
Oceanography and Atmospheric Sciences and Meteorology;2018-09-20T09:52:31.881194
Physical Sciences and Mathematics;2018-09-20T09:52:31.881194
Environmental Studies;2018-09-19T22:28:29.190140
Social and Behavioral Sciences;2018-09-19T22:28:29.190140
Environmental Studies;2018-09-19T22:07:18.385305
Social and Behavioral Sciences;2018-09-19T22:07:18.385305
Public Affairs, Public Policy and Public Administration;2018-09-19T21:40:50.898734
Environmental Policy;2018-09-19T21:40:50.898734
Environmental Studies;2018-09-19T21:40:50.898734
Social and Behavioral Sciences;2018-09-19T21:40:50.898734
Environmental Studies;2018-09-19T00:37:53.826108
Social and Behavioral Sciences;2018-09-19T00:37:53.826108
Environmental Policy;2018-09-17T07:41:34.828712
Environmental Law;2018-09-17T07:41:34.828712
Law;2018-09-17T07:41:34.828712
Social and Behavioral Sciences;2018-09-17T07:41:34.828712
Public Affairs, Public Policy and Public Administration;2018-09-17T07:41:34.828712
Life Sciences;2018-09-15T06:18:58.784622
Social and Behavioral Sciences;2018-09-15T06:18:58.784622
Environmental Studies;2018-09-15T06:18:58.784622
Environmental Sciences;2018-09-15T06:18:58.784622
Physical Sciences and Mathematics;2018-09-15T06:18:58.784622
Marine Biology;2018-09-15T06:18:58.784622
Environmental Studies;2018-09-14T11:11:47.487991
Social and Behavioral Sciences;2018-09-14T11:11:47.487991
Environmental Studies;2018-09-17T17:09:54.963088
Social and Behavioral Sciences;2018-09-17T17:09:54.963088
Terrestrial and Aquatic Ecology;2018-09-13T03:51:15.629991
Biology;2018-09-13T03:51:15.629991
Life Sciences;2018-09-13T03:51:15.629991
Ecology and Evolutionary Biology;2018-09-13T03:51:15.629991
Marine Biology;2018-09-13T03:51:15.629991
Environmental Studies;2018-09-12T23:27:00.674678
Social and Behavioral Sciences;2018-09-12T23:27:00.674678
Environmental Studies;2018-09-12T23:04:27.175526
Social and Behavioral Sciences;2018-09-12T23:04:27.175526
Environmental Studies;2018-09-12T22:10:19.536968
Social and Behavioral Sciences;2018-09-12T22:10:19.536968
Environmental Studies;2018-09-12T20:40:54.761891
Social and Behavioral Sciences;2018-09-12T20:40:54.761891
Environmental Studies;2018-09-12T17:07:07.540633
Social and Behavioral Sciences;2018-09-12T17:07:07.540633
Environmental Studies;2018-09-12T16:58:24.923546
Social and Behavioral Sciences;2018-09-12T16:58:24.923546
Environmental Studies;2018-09-11T18:01:38.061554
Social and Behavioral Sciences;2018-09-11T18:01:38.061554
Environmental Studies;2018-09-11T17:49:17.372328
Social and Behavioral Sciences;2018-09-11T17:49:17.372328
Marine Biology;2018-09-03T03:51:05.363940
Physical Sciences and Mathematics;2018-09-03T03:51:05.363940
Oceanography and Atmospheric Sciences and Meteorology;2018-09-03T03:51:05.363940
Life Sciences;2018-09-03T03:51:05.363940
Environmental Studies;2018-08-31T22:40:08.764708
Social and Behavioral Sciences;2018-08-31T22:40:08.764708
Environmental Studies;2018-08-31T20:56:24.205459
Social and Behavioral Sciences;2018-08-31T20:56:24.205459
Environmental Studies;2018-08-31T20:11:27.338826
Social and Behavioral Sciences;2018-08-31T20:11:27.338826
Environmental Studies;2018-08-31T18:13:37.198777
Social and Behavioral Sciences;2018-08-31T18:13:37.198777
Marine Biology;2018-08-31T15:47:35.197900
Physical Sciences and Mathematics;2018-08-31T15:47:35.197900
Environmental Sciences;2018-08-31T15:47:35.197900
Life Sciences;2018-08-31T15:47:35.197900
Public Affairs, Public Policy and Public Administration;2018-08-24T17:38:17.507706
Environmental Policy;2018-08-24T17:38:17.507706
Environmental Studies;2018-08-24T17:38:17.507706
Social and Behavioral Sciences;2018-08-24T17:38:17.507706
Environmental Studies;2018-08-24T09:37:10.901029
Social and Behavioral Sciences;2018-08-24T09:37:10.901029
Sociology;2018-08-24T00:24:49.340299
Place and Environment;2018-08-24T00:24:49.340299
Environmental Studies;2018-08-24T00:24:49.340299
Social and Behavioral Sciences;2018-08-24T00:24:49.340299
Environmental Studies;2018-08-23T22:28:35.524295
Social and Behavioral Sciences;2018-08-23T22:28:35.524295
Environmental Studies;2018-08-23T21:46:57.177919
Social and Behavioral Sciences;2018-08-23T21:46:57.177919
Environmental Studies;2018-08-23T20:22:25.367362
Social and Behavioral Sciences;2018-08-23T20:22:25.367362
Environmental Studies;2018-08-23T18:10:50.751716
Social and Behavioral Sciences;2018-08-23T18:10:50.751716
Environmental Studies;2018-08-23T00:10:19.336064
Social and Behavioral Sciences;2018-08-23T00:10:19.336064
Marine Biology;2018-08-23T07:19:47.986509
Life Sciences;2018-08-23T07:19:47.986509
Environmental Studies;2018-08-20T17:06:29.951655
Social and Behavioral Sciences;2018-08-20T17:06:29.951655
Environmental Studies;2018-08-17T16:39:10.314905
Social and Behavioral Sciences;2018-08-17T16:39:10.314905
Environmental Studies;2018-08-14T17:36:04.085910
Social and Behavioral Sciences;2018-08-14T17:36:04.085910
Marine Biology;2018-08-14T10:53:35.373933
Life Sciences;2018-08-14T10:53:35.373933
Environmental Policy;2018-08-11T15:42:40.920704
Environmental Law;2018-08-11T15:42:40.920704
Life Sciences;2018-08-11T15:42:40.920704
Law;2018-08-11T15:42:40.920704
Social and Behavioral Sciences;2018-08-11T15:42:40.920704
Ecology and Evolutionary Biology;2018-08-11T15:42:40.920704
Oceanography and Atmospheric Sciences and Meteorology;2018-08-11T15:42:40.920704
Environmental Studies;2018-08-11T15:42:40.920704
Environmental Sciences;2018-08-11T15:42:40.920704
Public Affairs, Public Policy and Public Administration;2018-08-11T15:42:40.920704
Physical Sciences and Mathematics;2018-08-11T15:42:40.920704
Other Ecology and Evolutionary Biology;2018-08-11T15:42:40.920704
Life Sciences;2018-08-10T02:45:15.192515
Life Sciences;2018-08-10T02:25:05.692053
Ecology and Evolutionary Biology;2018-08-10T01:18:27.266353
Other Ecology and Evolutionary Biology;2018-08-10T01:18:27.266353
Life Sciences;2018-08-10T01:18:27.266353
Ecology and Evolutionary Biology;2018-08-10T01:09:13.342431
Other Ecology and Evolutionary Biology;2018-08-10T01:09:13.342431
Life Sciences;2018-08-10T01:09:13.342431
Environmental Studies;2018-08-09T16:44:20.661396
Social and Behavioral Sciences;2018-08-09T16:44:20.661396
Environmental Studies;2018-08-09T16:28:19.308893
Social and Behavioral Sciences;2018-08-09T16:28:19.308893
Environmental Studies;2018-08-08T23:23:50.089551
Social and Behavioral Sciences;2018-08-08T23:23:50.089551
Environmental Studies;2018-08-08T18:14:46.101590
Social and Behavioral Sciences;2018-08-08T18:14:46.101590
Ecology and Evolutionary Biology;2018-08-08T16:22:50.109222
Other Ecology and Evolutionary Biology;2018-08-08T16:22:50.109222
Life Sciences;2018-08-08T16:22:50.109222
Ecology and Evolutionary Biology;2018-08-08T15:22:46.388249
Other Ecology and Evolutionary Biology;2018-08-08T15:22:46.388249
Life Sciences;2018-08-08T15:22:46.388249
Ecology and Evolutionary Biology;2018-08-08T15:00:01.729474
Other Ecology and Evolutionary Biology;2018-08-08T15:00:01.729474
Life Sciences;2018-08-08T15:00:01.729474
Ecology and Evolutionary Biology;2018-08-08T14:26:39.424462
Other Ecology and Evolutionary Biology;2018-08-08T14:26:39.424462
Life Sciences;2018-08-08T14:26:39.424462
Ecology and Evolutionary Biology;2018-08-08T14:09:29.457587
Physical Sciences and Mathematics;2018-08-08T14:09:29.457587
Other Ecology and Evolutionary Biology;2018-08-08T14:09:29.457587
Life Sciences;2018-08-08T14:09:29.457587
Biology;2018-08-08T13:56:42.693912
Life Sciences;2018-08-08T13:56:42.693912
Marine Biology;2018-08-08T07:48:22.091008
Physical Sciences and Mathematics;2018-08-08T07:48:22.091008
Environmental Sciences;2018-08-08T07:48:22.091008
Life Sciences;2018-08-08T07:48:22.091008
Ecology and Evolutionary Biology;2018-08-08T13:12:55.137932
Marine Biology;2018-08-08T13:12:55.137932
Life Sciences;2018-08-08T13:12:55.137932
Population Biology;2018-08-08T13:12:55.137932
Marine Biology;2018-08-08T01:28:01.982824
Life Sciences;2018-08-08T01:28:01.982824
Marine Biology;2018-08-07T19:22:21.960876
Life Sciences;2018-08-07T19:22:21.960876
Public Affairs, Public Policy and Public Administration;2018-08-07T18:24:39.971793
Environmental Policy;2018-08-07T18:24:39.971793
Environmental Studies;2018-08-07T18:24:39.971793
Social and Behavioral Sciences;2018-08-07T18:24:39.971793
Environmental Studies;2018-08-03T17:55:39.522749
Social and Behavioral Sciences;2018-08-03T17:55:39.522749
Oceanography and Atmospheric Sciences and Meteorology;2018-08-03T16:29:14.989836
Physical Sciences and Mathematics;2018-08-03T16:29:14.989836
Sociology;2018-08-02T16:24:11.188605
Place and Environment;2018-08-02T16:24:11.188605
Environmental Studies;2018-08-02T16:24:11.188605
Social and Behavioral Sciences;2018-08-02T16:24:11.188605
Public Affairs, Public Policy and Public Administration;2018-08-02T16:16:45.354071
Environmental Policy;2018-08-02T16:16:45.354071
Social and Behavioral Sciences;2018-08-02T16:16:45.354071
Life Sciences;2018-08-01T21:59:34.418754
Other Ecology and Evolutionary Biology;2018-08-01T21:59:34.418754
Ecology and Evolutionary Biology;2018-08-01T21:59:34.418754
Marine Biology;2018-08-01T21:59:34.418754
Population Biology;2018-08-01T21:59:34.418754
Law;2018-08-01T20:22:46.650130
Environmental Law;2018-08-01T20:22:46.650130
Life Sciences;2018-08-01T20:22:46.650130
Marine Biology;2018-08-01T20:22:46.650130
Life Sciences;2018-08-01T18:27:52.836229
Social and Behavioral Sciences;2018-08-01T18:27:52.836229
Environmental Studies;2018-08-01T18:27:52.836229
Environmental Sciences;2018-08-01T18:27:52.836229
Physical Sciences and Mathematics;2018-08-01T18:27:52.836229
Marine Biology;2018-08-01T18:27:52.836229
Social and Behavioral Sciences;2018-08-01T00:01:28.017195
Environmental Studies;2018-07-30T22:34:56.936061
Social and Behavioral Sciences;2018-07-30T22:34:56.936061
Environmental Studies;2018-07-30T22:01:33.336920
Social and Behavioral Sciences;2018-07-30T22:01:33.336920
Environmental Studies;2018-07-30T20:20:12.859295
Social and Behavioral Sciences;2018-07-30T20:20:12.859295
Law;2018-07-27T20:05:11.526432
Environmental Studies;2018-07-27T20:05:11.526432
Environmental Law;2018-07-27T20:05:11.526432
Social and Behavioral Sciences;2018-07-27T20:05:11.526432
Environmental Studies;2018-07-27T16:38:59.683094
Social and Behavioral Sciences;2018-07-27T16:38:59.683094
Environmental Studies;2018-07-24T21:48:40.146700
Social and Behavioral Sciences;2018-07-24T21:48:40.146700
Marine Biology;2018-07-24T20:30:28.897974
Life Sciences;2018-07-24T20:30:28.897974
Physical Sciences and Mathematics;2018-07-13T15:18:06.859703
Environmental Sciences;2018-07-13T15:18:06.859703
Environmental Studies;2018-07-11T20:33:20.777800
Social and Behavioral Sciences;2018-07-11T20:33:20.777800
Environmental Studies;2018-07-11T20:25:05.549270
Social and Behavioral Sciences;2018-07-11T20:25:05.549270
Environmental Studies;2018-07-11T20:16:50.089658
Social and Behavioral Sciences;2018-07-11T20:16:50.089658
Environmental Studies;2018-07-11T20:10:59.262721
Social and Behavioral Sciences;2018-07-11T20:10:59.262721
Environmental Studies;2018-07-11T19:11:58.005240
Social and Behavioral Sciences;2018-07-11T19:11:58.005240
Terrestrial and Aquatic Ecology;2018-07-11T17:03:10.981800
Life Sciences;2018-07-11T17:03:10.981800
Other Ecology and Evolutionary Biology;2018-07-11T17:03:10.981800
Ecology and Evolutionary Biology;2018-07-11T17:03:10.981800
Marine Biology;2018-07-11T17:03:10.981800
Environmental Studies;2018-07-10T23:52:48.271527
Social and Behavioral Sciences;2018-07-10T23:52:48.271527
Biology;2018-07-10T23:12:04.780780
Life Sciences;2018-07-10T23:12:04.780780
Other Ecology and Evolutionary Biology;2018-07-10T23:12:04.780780
Ecology and Evolutionary Biology;2018-07-10T23:12:04.780780
Marine Biology;2018-07-10T23:12:04.780780
Public Affairs, Public Policy and Public Administration;2018-07-10T22:59:15.882054
Environmental Policy;2018-07-10T22:59:15.882054
Environmental Studies;2018-07-10T22:59:15.882054
Social and Behavioral Sciences;2018-07-10T22:59:15.882054
Environmental Studies;2018-07-10T22:53:04.614087
Social and Behavioral Sciences;2018-07-10T22:53:04.614087
Public Affairs, Public Policy and Public Administration;2018-07-10T22:40:45.810563
Environmental Policy;2018-07-10T22:40:45.810563
Social and Behavioral Sciences;2018-07-10T22:40:45.810563
Sociology;2018-07-10T22:34:28.803228
Social and Behavioral Sciences;2018-07-10T22:34:28.803228
Sociology;2018-07-10T22:11:23.980381
Place and Environment;2018-07-10T22:11:23.980381
Environmental Studies;2018-07-10T22:11:23.980381
Social and Behavioral Sciences;2018-07-10T22:11:23.980381
Environmental Studies;2018-07-10T21:58:49.977711
Social and Behavioral Sciences;2018-07-10T21:58:49.977711
Sociology;2018-07-10T21:31:22.577770
Place and Environment;2018-07-10T21:31:22.577770
Environmental Studies;2018-07-10T21:31:22.577770
Social and Behavioral Sciences;2018-07-10T21:31:22.577770
Environmental Studies;2018-07-10T20:55:01.945569
Social and Behavioral Sciences;2018-07-10T20:55:01.945569
Public Affairs, Public Policy and Public Administration;2018-07-10T20:39:54.183009
Environmental Policy;2018-07-10T20:39:54.183009
Environmental Studies;2018-07-10T20:39:54.183009
Social and Behavioral Sciences;2018-07-10T20:39:54.183009
Environmental Studies;2018-07-10T20:34:05.274029
Social and Behavioral Sciences;2018-07-10T20:34:05.274029
Environmental Studies;2018-07-10T20:21:46.367895
Social and Behavioral Sciences;2018-07-10T20:21:46.367895
Environmental Studies;2018-07-09T17:38:06.440235
Social and Behavioral Sciences;2018-07-09T17:38:06.440235
Environmental Studies;2018-07-06T17:59:39.506026
Social and Behavioral Sciences;2018-07-06T17:59:39.506026
Oceanography and Atmospheric Sciences and Meteorology;2018-07-06T17:02:59.384827
Physical Sciences and Mathematics;2018-07-06T17:02:59.384827
Life Sciences;2018-07-06T07:39:02.155663
Social and Behavioral Sciences;2018-07-06T07:39:02.155663
Environmental Studies;2018-07-06T07:39:02.155663
Environmental Sciences;2018-07-06T07:39:02.155663
Ecology and Evolutionary Biology;2018-07-06T07:39:02.155663
Physical Sciences and Mathematics;2018-07-06T07:39:02.155663
Environmental Policy;2018-07-05T17:51:40.332507
Environmental Law;2018-07-05T17:51:40.332507
Life Sciences;2018-07-05T17:51:40.332507
Law;2018-07-05T17:51:40.332507
Social and Behavioral Sciences;2018-07-05T17:51:40.332507
Ecology and Evolutionary Biology;2018-07-05T17:51:40.332507
Public Affairs, Public Policy and Public Administration;2018-07-05T17:51:40.332507
Other Ecology and Evolutionary Biology;2018-07-05T17:51:40.332507
Place and Environment;2018-07-05T17:28:25.956511
Environmental Policy;2018-07-05T17:28:25.956511
Social and Behavioral Sciences;2018-07-05T17:28:25.956511
Environmental Studies;2018-07-05T17:28:25.956511
Public Affairs, Public Policy and Public Administration;2018-07-05T17:28:25.956511
Sociology;2018-07-05T17:28:25.956511
Environmental Studies;2018-06-28T18:37:42.475867
Social and Behavioral Sciences;2018-06-28T18:37:42.475867
Environmental Studies;2018-06-28T16:23:59.836553
Social and Behavioral Sciences;2018-06-28T16:23:59.836553
Environmental Studies;2018-06-28T00:28:53.074625
Social and Behavioral Sciences;2018-06-28T00:28:53.074625
Environmental Studies;2018-06-27T16:20:53.561197
Social and Behavioral Sciences;2018-06-27T16:20:53.561197
Public Affairs, Public Policy and Public Administration;2018-06-25T19:23:53.789574
Social and Behavioral Sciences;2018-06-25T19:23:53.789574
Environmental Studies;2018-06-25T18:54:55.557127
Social and Behavioral Sciences;2018-06-25T18:54:55.557127
Environmental Studies;2018-06-25T18:23:04.788972
Social and Behavioral Sciences;2018-06-25T18:23:04.788972
Environmental Studies;2018-06-25T17:26:45.361613
Social and Behavioral Sciences;2018-06-25T17:26:45.361613
Environmental Studies;2018-06-25T17:14:31.150274
Social and Behavioral Sciences;2018-06-25T17:14:31.150274
Environmental Studies;2018-06-25T17:01:46.368632
Social and Behavioral Sciences;2018-06-25T17:01:46.368632
Environmental Studies;2018-06-25T16:48:02.387029
Social and Behavioral Sciences;2018-06-25T16:48:02.387029
Environmental Studies;2018-06-25T16:32:33.918929
Social and Behavioral Sciences;2018-06-25T16:32:33.918929
Marine Biology;2018-06-22T23:18:41.474554
Life Sciences;2018-06-22T23:18:41.474554
Environmental Studies;2018-06-22T22:43:10.440197
Social and Behavioral Sciences;2018-06-22T22:43:10.440197
Environmental Studies;2018-06-22T18:30:50.030323
Social and Behavioral Sciences;2018-06-22T18:30:50.030323
Life Sciences;2018-06-22T10:27:19.454780
Law;2018-06-22T10:27:19.454780
Social and Behavioral Sciences;2018-06-22T10:27:19.454780
Environmental Studies;2018-06-22T10:27:19.454780
Environmental Sciences;2018-06-22T10:27:19.454780
Physical Sciences and Mathematics;2018-06-22T10:27:19.454780
Marine Biology;2018-06-21T20:06:21.712634
Physical Sciences and Mathematics;2018-06-21T20:06:21.712634
Environmental Sciences;2018-06-21T20:06:21.712634
Life Sciences;2018-06-21T20:06:21.712634
Environmental Studies;2018-06-21T16:14:53.046725
Social and Behavioral Sciences;2018-06-21T16:14:53.046725
Environmental Studies;2018-06-21T15:52:24.352313
Social and Behavioral Sciences;2018-06-21T15:52:24.352313
Physical Sciences and Mathematics;2018-06-20T22:48:34.244171
Environmental Sciences;2018-06-20T22:48:34.244171
Marine Biology;2018-06-19T20:40:14.259640
Physical Sciences and Mathematics;2018-06-19T20:40:14.259640
Environmental Sciences;2018-06-19T20:40:14.259640
Life Sciences;2018-06-19T20:40:14.259640
Marine Biology;2018-06-19T20:33:26.469139
Life Sciences;2018-06-19T20:33:26.469139
Environmental Studies;2018-06-19T20:14:30.393003
Social and Behavioral Sciences;2018-06-19T20:14:30.393003
Physical Sciences and Mathematics;2018-06-19T17:44:40.791655
Environmental Sciences;2018-06-19T17:44:40.791655
Environmental Studies;2018-06-18T17:33:33.725306
Social and Behavioral Sciences;2018-06-18T17:33:33.725306
Environmental Studies;2018-06-16T00:37:29.251483
Social and Behavioral Sciences;2018-06-16T00:37:29.251483
Environmental Studies;2018-06-15T20:45:36.500127
Social and Behavioral Sciences;2018-06-15T20:45:36.500127
Environmental Studies;2018-06-14T22:05:49.840638
Social and Behavioral Sciences;2018-06-14T22:05:49.840638
Sociology;2018-06-13T20:47:31.557384
Place and Environment;2018-06-13T20:47:31.557384
Environmental Studies;2018-06-13T20:47:31.557384
Social and Behavioral Sciences;2018-06-13T20:47:31.557384
Environmental Studies;2018-06-12T22:01:40.983458
Social and Behavioral Sciences;2018-06-12T22:01:40.983458
Environmental Studies;2018-06-12T21:47:34.144439
Social and Behavioral Sciences;2018-06-12T21:47:34.144439
Life Sciences;2018-06-09T06:02:15.877666
Oceanography and Atmospheric Sciences and Meteorology;2018-06-09T06:02:15.877666
Environmental Sciences;2018-06-09T06:02:15.877666
Physical Sciences and Mathematics;2018-06-09T06:02:15.877666
Marine Biology;2018-06-09T06:02:15.877666
Environmental Studies;2018-06-08T17:42:42.766297
Social and Behavioral Sciences;2018-06-08T17:42:42.766297
Environmental Studies;2018-06-08T17:32:46.171214
Social and Behavioral Sciences;2018-06-08T17:32:46.171214
Environmental Studies;2018-06-07T16:44:57.474191
Social and Behavioral Sciences;2018-06-07T16:44:57.474191
Ecology and Evolutionary Biology;2018-06-07T09:23:47.178160
Life Sciences;2018-06-07T09:23:47.178160
Population Biology;2018-06-07T09:23:47.178160
Marine Biology;2018-06-06T22:17:01.758585
Life Sciences;2018-06-06T22:17:01.758585
Oceanography and Atmospheric Sciences and Meteorology;2018-06-06T08:48:54.605812
Physical Sciences and Mathematics;2018-06-06T08:48:54.605812
Environmental Sciences;2018-06-06T08:48:54.605812
Environmental Studies;2018-06-05T18:33:16.035046
Social and Behavioral Sciences;2018-06-05T18:33:16.035046
Marine Biology;2018-06-05T16:49:10.920025
Life Sciences;2018-06-05T16:49:10.920025
Marine Biology;2018-06-01T20:55:47.160385
Environmental Studies;2018-06-01T20:55:47.160385
Life Sciences;2018-06-01T20:55:47.160385
Social and Behavioral Sciences;2018-06-01T20:55:47.160385
Environmental Studies;2018-05-29T20:38:34.687031
Social and Behavioral Sciences;2018-05-29T20:38:34.687031
Marine Biology;2018-05-29T20:14:13.342444
Life Sciences;2018-05-29T20:14:13.342444
Marine Biology;2018-05-27T17:34:14.538428
Life Sciences;2018-05-27T17:34:14.538428
Life Sciences;2018-05-26T22:06:01.911356
Physical Sciences and Mathematics;2018-05-25T18:39:40.813349
Environmental Studies;2018-05-25T18:39:40.813349
Environmental Sciences;2018-05-25T18:39:40.813349
Social and Behavioral Sciences;2018-05-25T18:39:40.813349
Marine Biology;2018-05-24T08:29:11.085678
Life Sciences;2018-05-24T08:29:11.085678
Public Affairs, Public Policy and Public Administration;2018-05-22T21:42:42.848252
Environmental Policy;2018-05-22T21:42:42.848252
Environmental Studies;2018-05-22T21:42:42.848252
Social and Behavioral Sciences;2018-05-22T21:42:42.848252
Environmental Studies;2018-05-22T02:48:29.825500
Social and Behavioral Sciences;2018-05-22T02:48:29.825500
Physical Sciences and Mathematics;2018-05-21T17:05:26.898157
Environmental Sciences;2018-05-21T17:05:26.898157
Social and Behavioral Sciences;2018-05-21T10:48:43.045205
Environmental Studies;2018-05-21T10:48:43.045205
Environmental Sciences;2018-05-21T10:48:43.045205
Public Affairs, Public Policy and Public Administration;2018-05-21T10:48:43.045205
Physical Sciences and Mathematics;2018-05-21T10:48:43.045205
Marine Biology;2018-05-18T22:44:42.463956
Life Sciences;2018-05-18T22:44:42.463956
Social and Behavioral Sciences;2018-05-18T22:44:42.463956
Environmental Studies;2018-05-17T13:48:03.618133
Social and Behavioral Sciences;2018-05-17T13:48:03.618133
Physical Sciences and Mathematics;2018-05-16T09:13:37.458777
Environmental Sciences;2018-05-16T09:13:37.458777
Environmental Studies;2018-05-15T23:51:55.651451
Social and Behavioral Sciences;2018-05-15T23:51:55.651451
Social and Behavioral Sciences;2018-05-15T20:17:32.110324
Marine Biology;2018-05-14T18:21:23.426318
Physical Sciences and Mathematics;2018-05-14T18:21:23.426318
Environmental Sciences;2018-05-14T18:21:23.426318
Life Sciences;2018-05-14T18:21:23.426318
Environmental Policy;2018-05-10T18:08:09.547564
Environmental Law;2018-05-10T18:08:09.547564
Law;2018-05-10T18:08:09.547564
Social and Behavioral Sciences;2018-05-10T18:08:09.547564
Environmental Studies;2018-05-10T18:08:09.547564
Environmental Sciences;2018-05-10T18:08:09.547564
Public Affairs, Public Policy and Public Administration;2018-05-10T18:08:09.547564
Sociology;2018-05-10T18:08:09.547564
Physical Sciences and Mathematics;2018-05-10T18:08:09.547564
Environmental Studies;2018-05-10T01:08:21.697086
Social and Behavioral Sciences;2018-05-10T01:08:21.697086
Environmental Studies;2018-05-10T00:06:49.726719
Social and Behavioral Sciences;2018-05-10T00:06:49.726719
Public Affairs, Public Policy and Public Administration;2018-05-09T23:25:56.061431
Environmental Policy;2018-05-09T23:25:56.061431
Environmental Studies;2018-05-09T23:25:56.061431
Social and Behavioral Sciences;2018-05-09T23:25:56.061431
Social and Behavioral Sciences;2018-05-09T23:05:50.217422
Environmental Studies;2018-05-09T23:05:50.217422
Environmental Sciences;2018-05-09T23:05:50.217422
Public Affairs, Public Policy and Public Administration;2018-05-09T23:05:50.217422
Physical Sciences and Mathematics;2018-05-09T23:05:50.217422
Life Sciences;2018-05-09T16:50:17.519510
Environmental Sciences;2018-05-09T16:50:17.519510
Ecology and Evolutionary Biology;2018-05-09T16:50:17.519510
Physical Sciences and Mathematics;2018-05-09T16:50:17.519510
Marine Biology;2018-05-09T16:50:17.519510
Population Biology;2018-05-09T16:50:17.519510
Ecology and Evolutionary Biology;2018-05-09T00:29:00.927881
Marine Biology;2018-05-09T00:29:00.927881
Life Sciences;2018-05-09T00:29:00.927881
Life Sciences;2018-05-08T22:54:54.863016
Sustainability;2018-05-08T22:54:54.863016
Other Life Sciences;2018-05-08T22:54:54.863016
Natural Resources and Conservation;2018-05-08T22:54:54.863016
Environmental Sciences;2018-05-08T22:54:54.863016
Other Environmental Sciences;2018-05-08T22:54:54.863016
Physical Sciences and Mathematics;2018-05-08T22:54:54.863016
Marine Biology;2018-05-08T22:54:54.863016
Environmental Studies;2018-05-07T16:19:37.379202
Social and Behavioral Sciences;2018-05-07T16:19:37.379202
Terrestrial and Aquatic Ecology;2018-05-05T14:54:26.291763
Biology;2018-05-05T14:54:26.291763
Life Sciences;2018-05-05T14:54:26.291763
Other Ecology and Evolutionary Biology;2018-05-05T14:54:26.291763
Ecology and Evolutionary Biology;2018-05-05T14:54:26.291763
Marine Biology;2018-05-05T14:54:26.291763
Public Affairs, Public Policy and Public Administration;2018-05-03T23:31:01.161403
Environmental Policy;2018-05-03T23:31:01.161403
Environmental Studies;2018-05-03T23:31:01.161403
Social and Behavioral Sciences;2018-05-03T23:31:01.161403
Environmental Studies;2018-05-02T17:14:51.027178
Social and Behavioral Sciences;2018-05-02T17:14:51.027178
Marine Biology;2018-04-28T17:34:48.601749
Life Sciences;2018-04-28T17:34:48.601749
Life Sciences;2018-04-26T18:38:34.371387
Social and Behavioral Sciences;2018-04-26T18:38:34.371387
Public Affairs, Public Policy and Public Administration;2018-04-26T17:14:21.224625
Environmental Policy;2018-04-26T17:14:21.224625
Environmental Studies;2018-04-26T17:14:21.224625
Social and Behavioral Sciences;2018-04-26T17:14:21.224625
Environmental Studies;2018-04-26T09:46:33.241137
Social and Behavioral Sciences;2018-04-26T09:46:33.241137
Environmental Studies;2018-04-26T09:37:21.593962
Social and Behavioral Sciences;2018-04-26T09:37:21.593962
Marine Biology;2018-04-26T03:30:25.164654
Life Sciences;2018-04-26T03:30:25.164654
Place and Environment;2018-04-23T23:29:09.736679
Environmental Policy;2018-04-23T23:29:09.736679
Environmental Law;2018-04-23T23:29:09.736679
Law;2018-04-23T23:29:09.736679
Social and Behavioral Sciences;2018-04-23T23:29:09.736679
Oceanography and Atmospheric Sciences and Meteorology;2018-04-23T23:29:09.736679
Environmental Studies;2018-04-23T23:29:09.736679
Environmental Sciences;2018-04-23T23:29:09.736679
Public Affairs, Public Policy and Public Administration;2018-04-23T23:29:09.736679
Sociology;2018-04-23T23:29:09.736679
Physical Sciences and Mathematics;2018-04-23T23:29:09.736679
Law;2018-04-23T20:32:16.180641
Environmental Law;2018-04-23T20:32:16.180641
Marine Biology;2018-04-23T15:53:02.565243
Life Sciences;2018-04-23T15:53:02.565243
Environmental Studies;2018-04-19T18:07:26.179831
Social and Behavioral Sciences;2018-04-19T18:07:26.179831
Environmental Studies;2018-04-19T17:58:26.243933
Social and Behavioral Sciences;2018-04-19T17:58:26.243933
Marine Biology;2018-04-18T17:33:55.990870
Environmental Studies;2018-04-18T17:33:55.990870
Life Sciences;2018-04-18T17:33:55.990870
Social and Behavioral Sciences;2018-04-18T17:33:55.990870
Biology;2018-04-18T01:01:43.684566
Life Sciences;2018-04-18T01:01:43.684566
Marine Biology;2018-04-17T21:59:25.389670
Life Sciences;2018-04-17T21:59:25.389670
Environmental Studies;2018-04-17T20:07:11.789857
Social and Behavioral Sciences;2018-04-17T20:07:11.789857
Environmental Studies;2018-04-17T19:56:42.793653
Social and Behavioral Sciences;2018-04-17T19:56:42.793653
Environmental Studies;2018-04-17T19:51:33.225585
Social and Behavioral Sciences;2018-04-17T19:51:33.225585
Marine Biology;2018-04-17T15:33:14.258061
Life Sciences;2018-04-17T15:33:14.258061
Biology;2018-04-17T15:33:14.258061
Marine Biology;2018-04-17T15:28:32.704453
Life Sciences;2018-04-17T15:28:32.704453
Biology;2018-04-17T15:28:32.704453
Public Affairs, Public Policy and Public Administration;2018-04-17T13:50:14.753497
Environmental Policy;2018-04-17T13:50:14.753497
Social and Behavioral Sciences;2018-04-17T13:50:14.753497
Environmental Law;2018-04-16T22:12:30.264406
Life Sciences;2018-04-16T22:12:30.264406
Law;2018-04-16T22:12:30.264406
Social and Behavioral Sciences;2018-04-16T22:12:30.264406
Public Affairs, Public Policy and Public Administration;2018-04-16T22:12:30.264406
Marine Biology;2018-04-16T22:12:30.264406
Ecology and Evolutionary Biology;2018-04-16T05:56:15.615208
Marine Biology;2018-04-16T05:56:15.615208
Life Sciences;2018-04-16T05:56:15.615208
Biology;2018-04-16T05:56:15.615208
Oceanography and Atmospheric Sciences and Meteorology;2018-04-13T19:20:11.042234
Physical Sciences and Mathematics;2018-04-13T19:20:11.042234
Environmental Studies;2018-04-13T18:14:03.843387
Social and Behavioral Sciences;2018-04-13T18:14:03.843387
Environmental Studies;2018-04-13T17:56:38.593755
Social and Behavioral Sciences;2018-04-13T17:56:38.593755
Law;2018-04-13T17:17:12.983169
Environmental Studies;2018-04-13T17:17:12.983169
Environmental Law;2018-04-13T17:17:12.983169
Social and Behavioral Sciences;2018-04-13T17:17:12.983169
Marine Biology;2018-04-13T13:36:16.942750
Life Sciences;2018-04-13T13:36:16.942750
Law;2018-04-12T21:23:43.147775
Environmental Studies;2018-04-12T21:23:43.147775
Environmental Law;2018-04-12T21:23:43.147775
Social and Behavioral Sciences;2018-04-12T21:23:43.147775
Public Affairs, Public Policy and Public Administration;2018-04-12T13:16:12.648524
Social and Behavioral Sciences;2018-04-12T13:16:12.648524
Public Affairs, Public Policy and Public Administration;2018-04-12T09:24:57.074928
Environmental Studies;2018-04-12T09:24:57.074928
Social and Behavioral Sciences;2018-04-12T09:24:57.074928
Environmental Studies;2018-04-11T19:02:18.170045
Social and Behavioral Sciences;2018-04-11T19:02:18.170045
Marine Biology;2018-04-11T17:57:58.355859
Life Sciences;2018-04-11T17:57:58.355859
Sociology;2018-04-08T16:24:19.649040
Environmental Studies;2018-04-08T16:24:19.649040
Social and Behavioral Sciences;2018-04-08T16:24:19.649040
Environmental Studies;2018-04-06T16:06:36.457672
Social and Behavioral Sciences;2018-04-06T16:06:36.457672
Terrestrial and Aquatic Ecology;2018-04-06T08:51:28.198344
Ecology and Evolutionary Biology;2018-04-06T08:51:28.198344
Life Sciences;2018-04-06T08:51:28.198344
Terrestrial and Aquatic Ecology;2018-04-06T08:36:29.718912
Life Sciences;2018-04-06T08:36:29.718912
Other Ecology and Evolutionary Biology;2018-04-06T08:36:29.718912
Ecology and Evolutionary Biology;2018-04-06T08:36:29.718912
Marine Biology;2018-04-06T08:36:29.718912
Public Affairs, Public Policy and Public Administration;2018-04-04T18:38:33.487080
Environmental Policy;2018-04-04T18:38:33.487080
Social and Behavioral Sciences;2018-04-04T18:38:33.487080
Public Affairs, Public Policy and Public Administration;2018-04-04T17:44:43.470287
Environmental Policy;2018-04-04T17:44:43.470287
Environmental Studies;2018-04-04T17:44:43.470287
Social and Behavioral Sciences;2018-04-04T17:44:43.470287
Law;2018-04-03T14:00:09.723802
Environmental Law;2018-04-03T14:00:09.723802
Behavior and Ethology;2018-03-29T16:10:17.300620
Life Sciences;2018-03-29T16:10:17.300620
Other Ecology and Evolutionary Biology;2018-03-29T16:10:17.300620
Ecology and Evolutionary Biology;2018-03-29T16:10:17.300620
Marine Biology;2018-03-29T16:10:17.300620
Ecology and Evolutionary Biology;2018-03-30T21:03:50.338460
Marine Biology;2018-03-30T21:03:50.338460
Life Sciences;2018-03-30T21:03:50.338460
Biology;2018-03-30T21:03:50.338460
Marine Biology;2018-03-29T06:59:36.082346
Life Sciences;2018-03-29T06:59:36.082346
Place and Environment;2018-03-28T22:47:45.732802
Tourism;2018-03-28T22:47:45.732802
Social and Behavioral Sciences;2018-03-28T22:47:45.732802
Environmental Studies;2018-03-28T22:47:45.732802
Sociology;2018-03-28T22:47:45.732802
Marine Biology;2018-03-27T01:53:35.323097
Life Sciences;2018-03-27T01:53:35.323097
Life Sciences;2018-03-23T00:15:08.576643
Social and Behavioral Sciences;2018-03-23T00:15:08.576643
Life Sciences;2018-03-23T00:12:17.698090
Social and Behavioral Sciences;2018-03-23T00:12:17.698090
Life Sciences;2018-03-23T00:08:54.311842
Social and Behavioral Sciences;2018-03-23T00:08:54.311842
Life Sciences;2018-03-23T00:06:25.119073
Social and Behavioral Sciences;2018-03-23T00:06:25.119073
Life Sciences;2018-03-23T00:03:59.583603
Social and Behavioral Sciences;2018-03-23T00:03:59.583603
Life Sciences;2018-03-23T00:00:08.259978
Social and Behavioral Sciences;2018-03-23T00:00:08.259978
Life Sciences;2018-03-22T23:55:59.703470
Life Sciences;2018-03-22T23:51:36.323010
Social and Behavioral Sciences;2018-03-22T23:51:36.323010
Life Sciences;2018-03-22T23:47:26.092062
Social and Behavioral Sciences;2018-03-22T23:47:26.092062
Life Sciences;2018-03-22T23:33:52.387550
Social and Behavioral Sciences;2018-03-22T23:26:07.902931
Social and Behavioral Sciences;2018-03-22T23:22:58.030052
Social and Behavioral Sciences;2018-03-22T23:18:32.022429
Social and Behavioral Sciences;2018-03-22T23:14:14.059134
Social and Behavioral Sciences;2018-03-22T23:10:20.884892
Social and Behavioral Sciences;2018-03-22T23:07:04.081013
Social and Behavioral Sciences;2018-03-22T23:03:39.817814
Social and Behavioral Sciences;2018-03-22T22:58:12.253140
Life Sciences;2018-03-22T22:53:08.053202
Social and Behavioral Sciences;2018-03-22T22:53:08.053202
Social and Behavioral Sciences;2018-03-22T22:49:23.362293
Physical Sciences and Mathematics;2018-03-22T20:26:37.873777
Environmental Sciences;2018-03-22T20:26:37.873777
Social and Behavioral Sciences;2018-03-22T20:20:17.959284
Social and Behavioral Sciences;2018-03-22T20:06:47.621749
Social and Behavioral Sciences;2018-03-22T20:02:51.795506
Public Affairs, Public Policy and Public Administration;2018-03-22T19:52:16.179580
Social and Behavioral Sciences;2018-03-22T19:52:16.179580
Public Affairs, Public Policy and Public Administration;2018-03-22T19:47:23.753699
Environmental Studies;2018-03-22T19:47:23.753699
Social and Behavioral Sciences;2018-03-22T19:47:23.753699
Social and Behavioral Sciences;2018-03-15T23:32:12.218632
Marine Biology;2018-03-08T16:51:55.605280
Life Sciences;2018-03-08T16:51:55.605280
Marine Biology;2018-03-08T16:32:07.084159
Life Sciences;2018-03-08T16:32:07.084159
Environmental Studies;2018-03-05T18:32:56.860152
Social and Behavioral Sciences;2018-03-05T18:32:56.860152
Oceanography and Atmospheric Sciences and Meteorology;2018-02-28T16:18:27.149364
Physical Sciences and Mathematics;2018-02-28T16:18:27.149364
Environmental Studies;2018-02-28T16:18:27.149364
Social and Behavioral Sciences;2018-02-28T16:18:27.149364
Environmental Studies;2018-02-26T18:42:06.916802
Social and Behavioral Sciences;2018-02-26T18:42:06.916802
Environmental Studies;2018-02-26T18:28:58.442008
Social and Behavioral Sciences;2018-02-26T18:28:58.442008
Marine Biology;2018-02-22T18:37:01.161135
Life Sciences;2018-02-22T18:37:01.161135
Physical Sciences and Mathematics;2018-02-21T20:09:02.648826
Environmental Sciences;2018-02-21T20:09:02.648826
Environmental Studies;2018-02-21T19:10:41.179440
Social and Behavioral Sciences;2018-02-21T19:10:41.179440
Life Sciences;2018-02-16T08:30:20.432775
Oceanography and Atmospheric Sciences and Meteorology;2018-02-16T08:30:20.432775
Environmental Sciences;2018-02-16T08:30:20.432775
Physical Sciences and Mathematics;2018-02-16T08:30:20.432775
Marine Biology;2018-02-16T08:30:20.432775
Environmental Studies;2018-02-07T23:07:36.004582
Social and Behavioral Sciences;2018-02-07T23:07:36.004582
Environmental Studies;2018-02-06T23:04:06.278661
Social and Behavioral Sciences;2018-02-06T23:04:06.278661
Marine Biology;2018-02-06T13:01:09.078102
Life Sciences;2018-02-06T13:01:09.078102
Biology;2018-02-06T13:01:09.078102
Physical Sciences and Mathematics;2018-02-01T00:14:09.873082
Environmental Sciences;2018-02-01T00:14:09.873082
Marine Biology;2018-01-26T18:41:17.991071
Physical Sciences and Mathematics;2018-01-26T18:41:17.991071
Environmental Sciences;2018-01-26T18:41:17.991071
Life Sciences;2018-01-26T18:41:17.991071
Public Affairs, Public Policy and Public Administration;2018-01-25T19:41:20.372070
Social and Behavioral Sciences;2018-01-25T19:41:20.372070
Life Sciences;2018-01-31T18:19:39.037561
Social and Behavioral Sciences;2018-01-31T18:19:39.037561
Oceanography and Atmospheric Sciences and Meteorology;2018-01-31T18:19:39.037561
Environmental Sciences;2018-01-31T18:19:39.037561
Public Affairs, Public Policy and Public Administration;2018-01-31T18:19:39.037561
Physical Sciences and Mathematics;2018-01-31T18:19:39.037561
Marine Biology;2018-01-31T18:19:39.037561
Environmental Studies;2018-01-19T17:34:10.684406
Social and Behavioral Sciences;2018-01-19T17:34:10.684406
Public Affairs, Public Policy and Public Administration;2018-01-18T00:42:49.451155
Social and Behavioral Sciences;2018-01-18T00:42:49.451155
Public Affairs, Public Policy and Public Administration;2018-01-11T14:50:59.116137
Environmental Policy;2018-01-11T14:50:59.116137
Environmental Studies;2018-01-11T14:50:59.116137
Social and Behavioral Sciences;2018-01-11T14:50:59.116137
Physical Sciences and Mathematics;2018-01-07T08:31:20.402129
Environmental Sciences;2018-01-07T08:31:20.402129
Environmental Studies;2018-01-02T21:19:32.932865
Social and Behavioral Sciences;2018-01-02T21:19:32.932865
Public Affairs, Public Policy and Public Administration;2018-01-02T19:51:05.648563
Environmental Policy;2018-01-02T19:51:05.648563
Environmental Studies;2018-01-02T19:51:05.648563
Social and Behavioral Sciences;2018-01-02T19:51:05.648563
Public Affairs, Public Policy and Public Administration;2018-01-02T19:46:11.609101
Environmental Policy;2018-01-02T19:46:11.609101
Environmental Studies;2018-01-02T19:46:11.609101
Social and Behavioral Sciences;2018-01-02T19:46:11.609101
Public Affairs, Public Policy and Public Administration;2018-01-02T19:36:52.114568
Environmental Policy;2018-01-02T19:36:52.114568
Environmental Studies;2018-01-02T19:36:52.114568
Social and Behavioral Sciences;2018-01-02T19:36:52.114568
Environmental Studies;2017-12-07T02:46:14.597636
Social and Behavioral Sciences;2017-12-07T02:46:14.597636
Public Affairs, Public Policy and Public Administration;2017-12-05T21:28:52.832750
Environmental Policy;2017-12-05T21:28:52.832750
Environmental Studies;2017-12-05T21:28:52.832750
Social and Behavioral Sciences;2017-12-05T21:28:52.832750
Ecology and Evolutionary Biology;2017-12-03T08:13:11.742384
Marine Biology;2017-12-03T08:13:11.742384
Life Sciences;2017-12-03T08:13:11.742384
Population Biology;2017-12-03T08:13:11.742384
Ecology and Evolutionary Biology;2017-11-30T18:09:25.504063
Marine Biology;2017-11-30T18:09:25.504063
Terrestrial and Aquatic Ecology;2017-11-30T18:09:25.504063
Life Sciences;2017-11-30T18:09:25.504063
Marine Biology;2017-11-30T18:02:14.216421
Life Sciences;2017-11-30T18:02:14.216421
Marine Biology;2017-11-30T17:52:29.162945
Life Sciences;2017-11-30T17:52:29.162945
Public Affairs, Public Policy and Public Administration;2017-11-28T23:17:28.561506
Social and Behavioral Sciences;2017-11-28T23:17:28.561506
Physical Sciences and Mathematics;2017-11-22T20:37:24.890767
Environmental Sciences;2017-11-22T20:37:24.890767
Environmental Studies;2017-11-21T18:05:35.672524
Social and Behavioral Sciences;2017-11-21T18:05:35.672524
Public Affairs, Public Policy and Public Administration;2017-11-17T18:02:13.113099
Environmental Policy;2017-11-17T18:02:13.113099
Environmental Studies;2017-11-17T18:02:13.113099
Social and Behavioral Sciences;2017-11-17T18:02:13.113099
Terrestrial and Aquatic Ecology;2017-11-11T04:39:08.182625
Ecology and Evolutionary Biology;2017-11-11T04:39:08.182625
Life Sciences;2017-11-11T04:39:08.182625
Sociology;2017-11-10T10:43:05.903022
Place and Environment;2017-11-10T10:43:05.903022
Environmental Studies;2017-11-10T10:43:05.903022
Social and Behavioral Sciences;2017-11-10T10:43:05.903022
Environmental Studies;2017-11-10T02:24:17.673970
Social and Behavioral Sciences;2017-11-10T02:24:17.673970
Environmental Studies;2017-11-09T23:26:00.382600
Social and Behavioral Sciences;2017-11-09T23:26:00.382600
Environmental Studies;2017-11-09T17:30:39.356875
Social and Behavioral Sciences;2017-11-09T17:30:39.356875
