7tk3e;marxiv;https://doi.org/10.1016/j.biocon.2011.11.013;2012-11;;;{Steffen Oppel and Ana Meirinho and Iv{\'{a}}n Ram{\'{\i}}rez and Beth Gardner and Allan F. O'Connell and Peter I. Miller and Maite Louzao};{Elsevier {BV}};{https://doi.org/10.1016%2Fj.biocon.2011.11.013}
w5vf4;marxiv;https://doi.org/10.3354/meps12202;2017-07;;;{DR Haggarty and KE Lotterhos and JB Shurin};{Inter-Research Science Center};{https://doi.org/10.3354%2Fmeps12202}
wsmfp;marxiv;https://doi.org/10.1007/s00265-015-1903-3;2015-04;;;{Steffen Oppel and Annalea Beard and Derren Fox and Elizabeth Mackley and Eliza Leat and Leeann Henry and Elizabeth Clingham and Nathan Fowler and Jolene Sim and Julia Sommerfeld and Nicola Weber and Sam Weber and Mark Bolton};{Springer Nature};{https://doi.org/10.1007%2Fs00265-015-1903-3}
pv5ur;marxiv;https://doi.org/10.1016/j.marpol.2018.09.021;2018-12;;;{Aron Westholm};{Elsevier {BV}};{https://doi.org/10.1016%2Fj.marpol.2018.09.021}
vfcez;marxiv;https://doi.org/10.1002/fee.1934;2018-08;;;{Mirta Zupan and Eliza Fragkopoulou and Joachim Claudet and Karim Erzini and B{\'{a}}rbara Horta e Costa and Emanuel J Gon{\c{c}}alves};{Wiley};{https://doi.org/10.1002%2Ffee.1934}
k2qvy;marxiv;https://doi.org/10.1016/j.biocon.2017.10.010;2018-01;;;{Kye R. Adams and Lachlan C. Fetterplace and Andrew R. Davis and Matthew D. Taylor and Nathan A. Knott};{Elsevier {BV}};{https://doi.org/10.1016%2Fj.biocon.2017.10.010}
9avnt;marxiv;https://doi.org/10.1016/j.marpol.2018.08.024;2018-12;;;{Steffen Oppel and Mark Bolton and Ana P.B. Carneiro and Maria P. Dias and Jonathan A. Green and Juan F. Masello and Richard A. Phillips and Ellie Owen and Petra Quillfeldt and Annalea Beard and Sophie Bertrand and Jez Blackburn and P. Dee Boersma and Alder Borges and Annette C. Broderick and Paulo Catry and Ian Cleasby and Elizabeth Clingham and Jeroen Creuwels and Sarah Crofts and Richard J. Cuthbert and Hanneke Dallmeijer and Delia Davies and Rachel Davies and Ben J. Dilley and Herculano Andrade Dinis and Justine Dossa and Michael J. Dunn and Marcio A. Efe and Annette L. Fayet and Leila Figueiredo and Adelcides Pereira Frederico and Carina Gjerdrum and Brendan J. Godley and Jos{\'{e}} Pedro Granadeiro and Tim Guilford and Keith C. Hamer and Carolina Hazin and April Hedd and Leeann Henry and Marcos Hern{\'{a}}ndez-Montero and Jefferson Hinke and Nobuo Kokubun and Eliza Leat and Laura McFarlane Tranquilla and Benjamin Metzger and Teresa Milit{\~{a}}o and Gilson Montrond and Wim Mulli{\'{e}} and Oliver Padget and Elizabeth J. Pearmain and Ingrid L. Pollet and Klemens Pütz and Flavio Quintana and Norman Ratcliffe and Robert A. Ronconi and Peter G. Ryan and Sarah Saldanha and Akiko Shoji and Jolene Sim and Cleo Small and Louise Soanes and Akinori Takahashi and Phil Trathan and Wayne Trivelpiece and Jan Veen and Ewan Wakefield and Nicola Weber and Sam Weber and Laura Zango and Francis Daunt and Motohiro Ito and Michael P. Harris and Mark A. Newell and Sarah Wanless and Jacob Gonz{\'{a}}lez-Sol{\'{\i}}s and John Croxall};{Elsevier {BV}};{https://doi.org/10.1016%2Fj.marpol.2018.08.024}
ma7ku;marxiv;https://doi.org/10.1016/j.rser.2018.09.035;2019-01;;;{Nuno Bento and Margarida Fontes};{Elsevier {BV}};{https://doi.org/10.1016%2Fj.rser.2018.09.035}
crkvn;marxiv;https://doi.org/10.1016/j.envpol.2018.10.090;2019-01;;;{Winnie Courtene-Jones and Brian Quinn and Ciaran Ewins and Stefan F. Gary and Bhavani E. Narayanaswamy};{Elsevier {BV}};{https://doi.org/10.1016%2Fj.envpol.2018.10.090}
u29dt;marxiv;https://doi.org/10.1016/j.scitotenv.2018.10.121;2019-02;;;{Mita Drius and Lucia Bongiorni and Daniel Depellegrin and Stefano Menegon and Alessandra Pugnetti and Simon Stifter};{Elsevier {BV}};{https://doi.org/10.1016%2Fj.scitotenv.2018.10.121}
f3tk4;marxiv;https://doi.org/10.1016/j.ocecoaman.2018.08.015;2018-11;;;{Gabriela Thompson-Saud and Stefan Gelcich and Jos{\'{e}} Barraza};{Elsevier {BV}};{https://doi.org/10.1016%2Fj.ocecoaman.2018.08.015}
cg6k9;marxiv;https://doi.org/10.1139/cjfas-2015-0205;2016-10;;;{Dana R. Haggarty and Steve J.D. Martell and Jonathan B. Shurin};{Canadian Science Publishing};{https://doi.org/10.1139%2Fcjfas-2015-0205}
kudq5;marxiv;https://doi.org/10.1016/j.jembe.2018.07.003;2018-10;;;{James G. Douglass and Richard Paperno and Eric A. Reyier and Anson H. Hines};{Elsevier {BV}};{https://doi.org/10.1016%2Fj.jembe.2018.07.003}
x82r5;marxiv;https://doi.org/10.1016/j.fishres.2006.05.015;2006-10;;;{Dana R. Haggarty and Jacquelynne R. King};{Elsevier {BV}};{https://doi.org/10.1016%2Fj.fishres.2006.05.015}
mjkcu;marxiv;https://doi.org/10.1016/j.envsci.2018.09.015;2018-12;;;{Pedro J. Pinto and G. Mathias Kondolf and Pun Lok Raymond Wong};{Elsevier {BV}};{https://doi.org/10.1016%2Fj.envsci.2018.09.015}
jm4et;marxiv;https://doi.org/10.1016/j.fishres.2016.06.001;2016-11;;;{Dana R. Haggarty and Jonathan B. Shurin and K. Lynne Yamanaka};{Elsevier {BV}};{https://doi.org/10.1016%2Fj.fishres.2016.06.001}
f4h7y;marxiv;https://doi.org/10.1016/j.marpol.2018.06.017;2018-10;;;{Stefan Gehrig and Achim Schlüter and Narriman S. Jiddawi};{Elsevier {BV}};{https://doi.org/10.1016%2Fj.marpol.2018.06.017}
qf5tv;marxiv;https://doi.org/10.1016/j.marpol.2018.05.012;2018-08;;;{J. Nikitine and A.M.W. Wilson and T.P. Dawson};{Elsevier {BV}};{https://doi.org/10.1016%2Fj.marpol.2018.05.012}
2d6tg;marxiv;https://doi.org/10.1016/j.marpol.2018.05.007;2018-08;;;{Maria Hadjimichael};{Elsevier {BV}};{https://doi.org/10.1016%2Fj.marpol.2018.05.007}
ctmjb;marxiv;https://doi.org/10.1007/s13280-018-1067-2;2018-06;;;{Vanessa M. Adams and Morena Mills and Rebecca Weeks and Daniel B. Segan and Robert L. Pressey and Georgina G. Gurney and Craig Groves and Frank W. Davis and Jorge G. {\'{A}}lvarez-Romero};{Springer Nature};{https://doi.org/10.1007%2Fs13280-018-1067-2}
98ycd;marxiv;https://doi.org/10.1139/cjfas-2017-0529;2018-06;;;{Pierre Bourdaud and Morgane Travers-Trolet and Youen Vermard and Paul Marchal};{Canadian Science Publishing};{https://doi.org/10.1139%2Fcjfas-2017-0529}
25bvr;marxiv;https://doi.org/10.1002/fee.1937;2018-08;;;{Robert R Twilley and Andr{\'{e}} S Rovai and Pablo Riul};{Wiley};{https://doi.org/10.1002%2Ffee.1937}
ar43w;marxiv;https://doi.org/10.1016/j.marpolbul.2018.05.064;2018-10;;;{Alan M. Friedlander};{Elsevier {BV}};{https://doi.org/10.1016%2Fj.marpolbul.2018.05.064}
eh3vx;marxiv;https://doi.org/10.1016/j.fishres.2018.06.014;2018-12;;;{Kyle Antonelis and James Selleck and Joan Drinkwin and Annika Saltman and Dan Tonnes and Jeffrey June};{Elsevier {BV}};{https://doi.org/10.1016%2Fj.fishres.2018.06.014}
5jxdz;marxiv;https://doi.org/10.1002/fee.1822;2018-06;;;{Ray Hilborn and Jeannette Banobi and Stephen J Hall and Teresa Pucylowski and Timothy E Walsworth};{Wiley};{https://doi.org/10.1002%2Ffee.1822}
8qv3k;marxiv;https://doi.org/10.1016/j.ecss.2018.05.011;2018-08;;;{Dana Haggarty and Lynne Yamanaka};{Elsevier {BV}};{https://doi.org/10.1016%2Fj.ecss.2018.05.011}
a5t6f;marxiv;https://doi.org/10.1093/icesjms/fsx226;2017-12;;;{Shijie Zhou and Andr{\'{e}} E Punt and Anthony D M Smith and Yimin Ye and Malcolm Haddon and Cathy M Dichmont and David C Smith and};{Oxford University Press ({OUP})};{https://doi.org/10.1093%2Ficesjms%2Ffsx226}
5nxt7;marxiv;https://doi.org/10.1111/faf.12201;2017-03;;;{Shijie Zhou and Andr{\'{e}} E Punt and Yimin Ye and Nick Ellis and Cathy M Dichmont and Malcolm Haddon and David C Smith and Anthony DM Smith};{Wiley};{https://doi.org/10.1111%2Ffaf.12201}
hr6cu;marxiv;https://doi.org/10.3354/meps12402;2017-12;;;{S Zhou and ADM Smith};{Inter-Research Science Center};{https://doi.org/10.3354%2Fmeps12402}
927ej;marxiv;https://doi.org/10.1111/conl.12602;2018-09;;;{Patrick F. Smallhorn-West and Tom C. L. Bridge and Siola{\textquotesingle}a Malimali and Robert L. Pressey and Geoffrey P. Jones};{Wiley};{https://doi.org/10.1111%2Fconl.12602}
vyr82;marxiv;https://doi.org/10.1016/j.marpol.2018.05.031;2018-11;;;{Patrick Smallhorn-West and Hugh Govan};{Elsevier {BV}};{https://doi.org/10.1016%2Fj.marpol.2018.05.031}
rbqnt;marxiv;https://doi.org/10.1016/j.chemgeo.2018.09.004;2018-10;;;{Nicola Allison and Catherine Cole and Chris Hintz and Ken Hintz and James Rae and Adrian Finch};{Elsevier {BV}};{https://doi.org/10.1016%2Fj.chemgeo.2018.09.004}
dqmpn;marxiv;https://doi.org/10.1007/s11356-018-2678-7;2018-07;;;{Felipe Luis Palombini and Renan Demori and Mariana Kuhl Cidade and Wilson Kindlein and Jocelise Jacques de Jacques};{Springer Nature America;{https://doi.org/10.1007%2Fs11356-018-2678-7}
ksq6n;marxiv;https://doi.org/10.1080/1523908X.2018.1473153;2018-05;;;{Michelle Voyer and Genevieve Quirk and Alistair McIlgorm and Kamal Azmi};{Informa {UK} Limited};{https://doi.org/10.1080%2F1523908x.2018.1473153}
az589;marxiv;https://doi.org/10.1016/j.envsci.2018.06.007;2018-10;;;{Tomas M. Koontz and Craig W. Thomas};{Elsevier {BV}};{https://doi.org/10.1016%2Fj.envsci.2018.06.007}
tnqd3;marxiv;https://doi.org/10.1016/j.marpol.2018.08.018;2018-11;;;{Graham Epstein and Evan Andrews and Derek Armitage and Paul Foley and Jeremy Pittman and Rebecca Brushett};{Elsevier {BV}};{https://doi.org/10.1016%2Fj.marpol.2018.08.018}
h2jfv;marxiv;https://doi.org/10.1016/j.biocon.2018.06.027;2018-11;;;{Jorge G. {\'{A}}lvarez-Romero and Morena Mills and Vanessa M. Adams and Georgina G. Gurney and Robert L. Pressey and Rebecca Weeks and Natalie C. Ban and Jessica Cheok and Tammy E. Davies and Jon C. Day and M{\'{e}}lanie A. Hamel and Heather M. Leslie and Rafael A. Magris and Collin J. Storlie};{Elsevier {BV}};{https://doi.org/10.1016%2Fj.biocon.2018.06.027}
bpd3a;marxiv;https://doi.org/10.1111/raq.12277;2018-08;;;{Luke T. Barrett and Stephen E. Swearer and Tim Dempster};{Wiley};{https://doi.org/10.1111%2Fraq.12277}
t7rdj;marxiv;https://doi.org/10.1080/08920750701593428;2007-11;;;{Ruth Brennan};{Informa {UK} Limited};{https://doi.org/10.1080%2F08920750701593428}
e7rpj;marxiv;https://doi.org/10.1016/j.marpol.2008.03.007;2008-11;;;{Ruth E. Brennan and Lynda D. Rodwell};{Elsevier {BV}};{https://doi.org/10.1016%2Fj.marpol.2008.03.007}
azqhx;marxiv;https://doi.org/10.1111/cobi.12985;2017-10;;;{Maery Kaplan-Hallam and Nathan J. Bennett};{Wiley};{https://doi.org/10.1111%2Fcobi.12985}
4k9se;marxiv;https://doi.org/10.1016/j.gloenvcha.2017.05.003;2017-07;;;{Maery Kaplan-Hallam and Nathan J. Bennett and Terre Satterfield};{Elsevier {BV}};{https://doi.org/10.1016%2Fj.gloenvcha.2017.05.003}
c536p;marxiv;https://doi.org/10.1016/j.biocon.2018.07.023;2018-08;;;{Nathan J. Bennett and Robin Roth};{Elsevier {BV}};{https://doi.org/10.1016%2Fj.biocon.2018.07.023}
pyu2a;marxiv;https://doi.org/10.1016/j.marpol.2017.10.023;2018-01;;;{Nathan J. Bennett and Maery Kaplan-Hallam and Gerry Augustine and Natalie Ban and Dyhia Belhabib and Irene Brueckner-Irwin and Anthony Charles and John Couture and Sondra Eger and Lucia Fanning and Paul Foley and Anne Marie Goodfellow and Larry Greba and Edward Gregr and Don Hall and Sarah Harper and Brandon Maloney and Jim McIsaac and Wanli Ou and Evelyn Pinkerton and Darren Porter and Richard Sparrow and Robert Stephenson and Allison Stocks and U. Rashid Sumaila and Tasha Sutcliffe and Megan Bailey};{Elsevier {BV}};{https://doi.org/10.1016%2Fj.marpol.2017.10.023}
fxe8b;marxiv;https://doi.org/10.1016/j.marpol.2016.09.016;2016-12;;;{Elena Gissi and Juan Luis Suarez de Vivero};{Elsevier {BV}};{https://doi.org/10.1016%2Fj.marpol.2016.09.016}
sju6d;marxiv;https://doi.org/10.1016/j.marpol.2018.05.020;2018-08;;;{E. Gissi and M.E. Portman and A.-K. Hornidge};{Elsevier {BV}};{https://doi.org/10.1016%2Fj.marpol.2018.05.020}
nmvwz;marxiv;https://doi.org/10.1073/pnas.1801270115;2018-06;;;{Kylie L. Scales and Elliott L. Hazen and Michael G. Jacox and Frederic Castruccio and Sara M. Maxwell and Rebecca L. Lewison and Steven J. Bograd};{Proceedings of the National Academy of Sciences};{https://doi.org/10.1073%2Fpnas.1801270115}
7qrgd;marxiv;https://doi.org/10.1016/j.ocecoaman.2012.02.004;2012-06;;;{Ruth E. Brennan and Branka Valcic};{Elsevier {BV}};{https://doi.org/10.1016%2Fj.ocecoaman.2012.02.004}
95mnj;marxiv;https://doi.org/10.1016/j.ocecoaman.2012.08.016;2012-12;;;{Glen Smith and Ruth E. Brennan};{Elsevier {BV}};{https://doi.org/10.1016%2Fj.ocecoaman.2012.08.016}
gqbem;marxiv;https://doi.org/10.1016/j.marpolbul.2016.12.001;2017-02;;;{Ruth E. Brennan and Michelle E. Portman};{Elsevier {BV}};{https://doi.org/10.1016%2Fj.marpolbul.2016.12.001}
k27c3;marxiv;https://doi.org/10.1016/j.wasman.2017.07.040;2017-11;;;{Michelle E. Portman and Ruth E. Brennan};{Elsevier {BV}};{https://doi.org/10.1016%2Fj.wasman.2017.07.040}
2fyuc;marxiv;https://doi.org/10.1016/j.marpol.2018.05.026;2018-09;;;{M. Mackay and S. Jennings and E.I. van Putten and H. Sibly and S. Yamazaki};{Elsevier {BV}};{https://doi.org/10.1016%2Fj.marpol.2018.05.026}
jdyr2;marxiv;https://doi.org/10.1111/area.12420;2018-04;;;{Ruth E. Brennan};{Wiley};{https://doi.org/10.1111%2Farea.12420}
wmbzg;marxiv;https://doi.org/10.1016/j.ocecoaman.2018.01.036;2018-08;;;{Ruth E. Brennan};{Elsevier {BV}};{https://doi.org/10.1016%2Fj.ocecoaman.2018.01.036}
td4za;marxiv;https://doi.org/10.3390/h6040081;2017-11;;;{Suzannah-Lynn Billing and Paul Tett and Ruth Brennan and Raeanne Miller};{{MDPI} {AG}};{https://doi.org/10.3390%2Fh6040081}
468fu;marxiv;https://doi.org/10.1111/faf.12245;2017-09;;;{Elena M Finkbeiner and Nathan J Bennett and Timothy H Frawley and Julia G Mason and Dana K Briscoe and Cassandra M Brooks and Crystal A Ng and Rosana Ourens and Katherine Seto and Shannon Switzer Swanson and Jose Urteaga and Larry B Crowder};{Wiley};{https://doi.org/10.1111%2Ffaf.12245}
p9vz6;marxiv;https://doi.org/10.1126/science.aam9969;2017-06;;;{John N. Kittinger and Lydia C. L. Teh and Edward H. Allison and Nathan J. Bennett and Larry B. Crowder and Elena M. Finkbeiner and Christina Hicks and Cheryl G. Scarton and Katrina Nakamura and Yoshitaka Ota and Jhana Young and Aurora Alifano and Ashley Apel and Allison Arbib and Lori Bishop and Mariah Boyle and Andr{\'{e}}s M. Cisneros-Montemayor and Philip Hunter and Elodie Le Cornu and Max Levine and Richard S. Jones and J. Zachary Koehn and Melissa Marschke and Julia G. Mason and Fiorenza Micheli and Loren McClenachan and Charlotte Opal and Jonathan Peacey and S. Hoyt Peckham and Eva Schemmel and Vivienne Solis-Rivera and Wilf Swartz and T. {\textquotesingle}Aulani Wilhelm};{American Association for the Advancement of Science ({AAAS})};{https://doi.org/10.1126%2Fscience.aam9969}
3f86n;marxiv;https://doi.org/10.1016/j.marpol.2018.06.001;2018-11;;;{Nathan J. Bennett};{Elsevier {BV}};{https://doi.org/10.1016%2Fj.marpol.2018.06.001}
xy89z;marxiv;https://doi.org/10.1111/cobi.13202;2018-10;;;{Gary P. Griffith and Peter G. Strutton and Jayson M. Semmens and Elizabeth A. Fulton};{Wiley};{https://doi.org/10.1111%2Fcobi.13202}
nurca;marxiv;https://doi.org/10.1016/j.jenvman.2018.07.078;2018-11;;;{Guillermo Auad and Jonathan Blythe and Kim Coffman and Brian D. Fath};{Elsevier {BV}};{https://doi.org/10.1016%2Fj.jenvman.2018.07.078}
p6k9a;marxiv;https://doi.org/10.1016/j.biocon.2018.04.038;2018-07;;;{Scott Gende and A. Noble Hendrix and Joshua Schmidt};{Elsevier {BV}};{https://doi.org/10.1016%2Fj.biocon.2018.04.038}
neadb;marxiv;https://doi.org/10.1002/aqc.2885;2018-03;;;{Sian E. Rees and Simon J. Pittman and Nicola Foster and Olivia Langmead and Charly Griffiths and Steve Fletcher and David E. Johnson and Martin Attrill};{Wiley};{https://doi.org/10.1002%2Faqc.2885}
e8gf5;marxiv;https://doi.org/10.1007/s00338-007-0227-9;2007-04;;;{A. Moore and S. Ndobe};{Springer Nature};{https://doi.org/10.1007%2Fs00338-007-0227-9}
hcmzg;marxiv;https://doi.org/10.1002/eap.1765;2018-07;;;{Cody S. Clements and Mark E. Hay};{Wiley};{https://doi.org/10.1002%2Feap.1765}
5asug;marxiv;https://doi.org/10.1177/0162243918781269;2018-06;;;{Allain J. Barnett and Melanie G. Wiber};{{SAGE} Publications};{https://doi.org/10.1177%2F0162243918781269}
qnvjk;marxiv;https://doi.org/10.1016/j.ecss.2018.07.011;2018-11;;;{Randall W. Parkinson and Danielle E. Ogurcak};{Elsevier {BV}};{https://doi.org/10.1016%2Fj.ecss.2018.07.011}
m4xby;marxiv;https://doi.org/10.1111/phc3.12545;2018-07;;;{Chris Armstrong};{Wiley};{https://doi.org/10.1111%2Fphc3.12545}
x7grb;marxiv;https://doi.org/10.1016/j.scitotenv.2018.07.184;2018-12;;;{Thomas A. Okey};{Elsevier {BV}};{https://doi.org/10.1016%2Fj.scitotenv.2018.07.184}
w6qsn;marxiv;https://doi.org/10.1016/j.marpol.2018.07.002;2018-09;;;{Maryann S. Watson and Stephanie M. Hewson};{Elsevier {BV}};{https://doi.org/10.1016%2Fj.marpol.2018.07.002}
xvge9;marxiv;https://doi.org/10.1016/j.marpolbul.2018.07.031;2018-10;;;{Matthew K. Pine and David E. Hannay and Stephen J. Insley and William D. Halliday and Francis Juanes};{Elsevier {BV}};{https://doi.org/10.1016%2Fj.marpolbul.2018.07.031}
e7pd8;marxiv;https://doi.org/10.1016/j.fishres.2015.08.021;2016-10;;;{Yorgos Stratoudakis and Patrick McConney and John Duncan and Abdul Ghofar and Nancy Gitonga and Kolliyil S. Mohamed and Melita Samoilys and Keith Symington and Luis Bourillon};{Elsevier {BV}};{https://doi.org/10.1016%2Fj.fishres.2015.08.021}
azq53;marxiv;https://doi.org/10.1016/j.cub.2018.06.010;2018-08;;;{Kendall R. Jones and Carissa J. Klein and Benjamin S. Halpern and Oscar Venter and Hedley Grantham and Caitlin D. Kuempel and Nicole Shumway and Alan M. Friedlander and Hugh P. Possingham and James E.M. Watson};{Elsevier {BV}};{https://doi.org/10.1016%2Fj.cub.2018.06.010}
n2ahd;marxiv;https://doi.org/10.1111/conl.12600;2018-07;;;{Nathan J. Bennett and Terre Satterfield};{Wiley};{https://doi.org/10.1111%2Fconl.12600}
wcxqk;marxiv;https://doi.org/10.1007/s11625-018-0610-1;2018-07;;;{Yorgos Stratoudakis and Helena Farrall and Lia Vasconcelos};{Springer Nature};{https://doi.org/10.1007%2Fs11625-018-0610-1}
k45jv;marxiv;https://doi.org/10.5670/oceanog.2018.207;2018-06;;;{Rob Williams and Christine  Erbe and I Made Iwan  Dewantama  and I Gede  Hendrawan};{The Oceanography Society};{https://doi.org/10.5670%2Foceanog.2018.207}
49qet;marxiv;https://doi.org/10.1016/j.marpolbul.2018.05.015;2018-07;;;{Rob Williams and Scott Veirs and Val Veirs and Erin Ashe and Natalie Mastick};{Elsevier {BV}};{https://doi.org/10.1016%2Fj.marpolbul.2018.05.015}
b3749;marxiv;https://doi.org/10.1111/cobi.12458;2015-01;;;{Nathan J. Bennett};{Wiley};{https://doi.org/10.1111%2Fcobi.12458}
27jpw;marxiv;https://doi.org/10.1080/17565529.2014.886993;2014-02;;;{Nathan James Bennett and Philip Dearden and Ana Mar{\'{\i}}a Peredo};{Informa {UK} Limited};{https://doi.org/10.1080%2F17565529.2014.886993}
g8xdv;marxiv;https://doi.org/10.1111/cobi.12681;2016-03;;;{Nathan James Bennett};{Wiley};{https://doi.org/10.1111%2Fcobi.12681}
kmjcf;marxiv;https://doi.org/10.1002/aqc.2686;2016-09;;;{Mark D. Spalding and Imen Meliane and Nathan J. Bennett and Philip Dearden and Pawan G. Patil and Robert D. Brumbaugh};{Wiley};{https://doi.org/10.1002%2Faqc.2686}
pkdqx;marxiv;https://doi.org/10.1080/13549839.2012.748733;2013-10;;;{Nathan James Bennett and Philip Dearden};{Informa {UK} Limited};{https://doi.org/10.1080%2F13549839.2012.748733}
txd95;marxiv;https://doi.org/10.1016/j.ecss.2018.06.015;2018-11;;;{Renata Ferrari and Hamish Malcolm and Joe Neilson and Vanessa Lucieer and Alan Jordan and Tim Ingleton and Will Figueira and Nicola Johnstone and Nicole Hill};{Elsevier {BV}};{https://doi.org/10.1016%2Fj.ecss.2018.06.015}
y9mfc;marxiv;https://doi.org/10.1016/j.marpol.2014.05.005;2014-12;;;{Nathan James Bennett and Philip Dearden};{Elsevier {BV}};{https://doi.org/10.1016%2Fj.marpol.2014.05.005}
be7xq;marxiv;https://doi.org/10.1016/j.biocon.2016.10.006;2017-01;;;{Nathan J. Bennett and Robin Roth and Sarah C. Klain and Kai Chan and Patrick Christie and Douglas A. Clark and Georgina Cullman and Deborah Curran and Trevor J. Durbin and Graham Epstein and Alison Greenberg and Michael P Nelson and John Sandlos and Richard Stedman and Tara L Teel and Rebecca Thomas and Diogo Ver{\'{\i}}ssimo and Carina Wyborn};{Elsevier {BV}};{https://doi.org/10.1016%2Fj.biocon.2016.10.006}
bm6pf;marxiv;https://doi.org/10.1016/j.marpol.2015.03.026;2015-07;;;{Nathan James Bennett and Hugh Govan and Terre Satterfield};{Elsevier {BV}};{https://doi.org/10.1016%2Fj.marpol.2015.03.026}
zjusg;marxiv;https://doi.org/10.1016/j.marpol.2017.03.035;2017-07;;;{Nathan J. Bennett and Lydia Teh and Yoshitaka Ota and Patrick Christie and Adam Ayers and Jon C. Day and Phil Franks and David Gill and Rebecca L. Gruby and John N. Kittinger and J. Zachary Koehn and Nai`a. Lewis and John Parks and Marjo Vierros and Tara S. Whitty and Aulani Wilhelm and Kim Wright and Jaime A. Aburto and Elena M. Finkbeiner and Carlos F. Gaymer and Hugh Govan and Noella Gray and Rebecca M. Jarvis and Maery Kaplan-Hallam and Terre Satterfield};{Elsevier {BV}};{https://doi.org/10.1016%2Fj.marpol.2017.03.035}
2h8b4;marxiv;https://doi.org/10.1007/s10113-015-0839-5;2015-08;;;{Nathan James Bennett and Jessica Blythe and Stephen Tyler and Natalie C. Ban};{Springer Nature};{https://doi.org/10.1007%2Fs10113-015-0839-5}
f3v6a;marxiv;https://doi.org/10.1111/cobi.12788;2016-07;;;{Nathan J. Bennett and Robin Roth and Sarah C. Klain and Kai M. A. Chan and Douglas A. Clark and Georgina Cullman and Graham Epstein and Michael Paul Nelson and Richard Stedman and Tara L. Teel and Rebecca E. W. Thomas and Carina Wyborn and Deborah Curran and Alison Greenberg and John Sandlos and Diogo Ver{\'{\i}}ssimo};{Wiley};{https://doi.org/10.1111%2Fcobi.12788}
zkude;marxiv;https://doi.org/10.1016/j.marpol.2013.08.017;2014-02;;;{Nathan James Bennett and Philip Dearden};{Elsevier {BV}};{https://doi.org/10.1016%2Fj.marpol.2013.08.017}
tb85n;marxiv;https://doi.org/10.1007/s00267-017-0993-2;2018-01;;;{Nathan J. Bennett and Tara S. Whitty and Elena Finkbeiner and Jeremy Pittman and Hannah Bassett and Stefan Gelcich and Edward H. Allison};{Springer Nature};{https://doi.org/10.1007%2Fs00267-017-0993-2}
5dyce;marxiv;https://doi.org/10.5751/ES-07123-190452;2014-;;;{Sarah C. Klain and Rachelle Beveridge and Nathan J. Bennett};{Resilience Alliance;{https://doi.org/10.5751%2Fes-07123-190452}
kjfz2;marxiv;https://doi.org/10.5751/ES-06315-190205;2014-;;;{Nathan J. Bennett and Philip Dearden and Grant Murray and Alin Kadfak};{Resilience Alliance;{https://doi.org/10.5751%2Fes-06315-190205}
sxcb9;marxiv;https://doi.org/10.5751/ES-09325-220222;2017-;;;{Charlotte K. Whitney and Nathan J. Bennett and Natalie C. Ban and Edward H. Allison and Derek Armitage and Jessica L. Blythe and Jenn M. Burt and William Cheung and Elena M. Finkbeiner and Maery Kaplan-Hallam and Ian Perry and Nancy J. Turner and Lilia Yumagulova};{Resilience Alliance;{https://doi.org/10.5751%2Fes-09325-220222}
s2czq;marxiv;https://doi.org/10.1111/cobi.13134;2018-08;;;{Elena Gissi and Jennifer McGowan and Chiara Venier and Davide Di Carlo and Francesco Musco and Stefano Menegon and Peter Mackelworth and Tundi Agardy and Hugh Possingham};{Wiley};{https://doi.org/10.1111%2Fcobi.13134}
649en;marxiv;https://doi.org/10.1016/j.marpol.2018.06.023;2018-09;;;{Christina Kelly and Geraint Ellis and Wesley Flannery};{Elsevier {BV}};{https://doi.org/10.1016%2Fj.marpol.2018.06.023}
c5xqb;marxiv;https://doi.org/10.1016/j.marpol.2017.08.002;2017-10;;;{Patrick Christie and Nathan J. Bennett and Noella J. Gray and T. `Aulani Wilhelm and Nai`a Lewis and John Parks and Natalie C. Ban and Rebecca L. Gruby and Lindsay Gordon and Jon Day and Sue Taei and Alan M. Friedlander};{Elsevier {BV}};{https://doi.org/10.1016%2Fj.marpol.2017.08.002}
k2gdz;marxiv;https://doi.org/10.1016/j.fishres.2018.03.025;2018-09;;;{Gerry Kristianson};{Elsevier {BV}};{https://doi.org/10.1016%2Fj.fishres.2018.03.025}
8ntzw;marxiv;https://doi.org/10.1016/j.ocecoaman.2018.05.020;2018-09;;;{Patrick Christie and David Fluharty and Haley Kennard and Richard Pollnac and Brad Warren and Terry Williams};{Elsevier {BV}};{https://doi.org/10.1016%2Fj.ocecoaman.2018.05.020}
fxnqj;marxiv;https://doi.org/10.1016/j.marpol.2017.12.016;2018-04;;;{Jeremy Phillipson and David Symes};{Elsevier {BV}};{https://doi.org/10.1016%2Fj.marpol.2017.12.016}
74cfx;marxiv;https://doi.org/10.1016/j.fishres.2015.01.008;2015-07;;;{Nadine Heck and Richard C. Stedman and Marc Gaden};{Elsevier {BV}};{https://doi.org/10.1016%2Fj.fishres.2015.01.008}
qywm8;marxiv;https://doi.org/10.1016/j.jglr.2016.01.003;2016-04;;;{Nadine Heck and Richard C. Stedman and Marc Gaden};{Elsevier {BV}};{https://doi.org/10.1016%2Fj.jglr.2016.01.003}
zc4tq;marxiv;https://doi.org/10.1080/02755947.2016.1141126;2016-05;;;{Nadine Heck and Richard C. Stedman and Marc Gaden};{Wiley};{https://doi.org/10.1080%2F02755947.2016.1141126}
jgazf;marxiv;https://doi.org/10.1016/j.ocecoaman.2016.08.007;2016-11;;;{Nadine Heck and T. Bruce Lauber and Richard C. Stedman};{Elsevier {BV}};{https://doi.org/10.1016%2Fj.ocecoaman.2016.08.007}
xasgz;marxiv;https://doi.org/10.1016/j.envsci.2016.08.009;2016-12;;;{Nadine Heck and Adina Paytan and Donald C. Potts and Brent Haddad};{Elsevier {BV}};{https://doi.org/10.1016%2Fj.envsci.2016.08.009}
5dua6;marxiv;https://doi.org/10.1016/j.scitotenv.2018.04.052;2018-10;;;{Tammy L. Elwell and Stefan Gelcich and Steven D. Gaines and David L{\'{o}}pez-Carr};{Elsevier {BV}};{https://doi.org/10.1016%2Fj.scitotenv.2018.04.052}
x4fb7;marxiv;https://doi.org/10.1016/j.marpol.2018.04.009;2018-04;;;{Mar{\'{\i}}a Semitiel-Garc{\'{\i}}a and Pedro Noguera-M{\'{e}}ndez};{Elsevier {BV}};{https://doi.org/10.1016%2Fj.marpol.2018.04.009}
cm68n;marxiv;https://doi.org/10.5380/dma.v36i0.43858;2016-04;;;{Briana Bombana and Daniel Conde and Marcus Polette};{Universidade Federal do Parana};{https://doi.org/10.5380%2Fdma.v36i0.43858}
x2jft;marxiv;https://doi.org/10.1016/j.envint.2018.03.007;2018-06;;;{Maddison Carbery and Wayne O{\textquotesingle}Connor and Thavamani Palanisami};{Elsevier {BV}};{https://doi.org/10.1016%2Fj.envint.2018.03.007}
2rctj;marxiv;https://doi.org/10.1016/j.fishres.2018.05.006;2018-10;;;{James H. Florisson and James R. Tweedley and Tim H.E. Walker and Jennifer A. Chaplin};{Elsevier {BV}};{https://doi.org/10.1016%2Fj.fishres.2018.05.006}
n6wjd;marxiv;https://doi.org/10.1016/j.marpol.2018.04.025;2018-08;;;{Lida T. Teneva and Eva Schemmel and John N. Kittinger};{Elsevier {BV}};{https://doi.org/10.1016%2Fj.marpol.2018.04.025}
8c2ks;marxiv;https://doi.org/10.1016/j.envpol.2018.04.016;2018-08;;;{Yonglong Lu and Jingjing Yuan and Xiaotian Lu and Chao Su and Yueqing Zhang and Chenchen Wang and Xianghui Cao and Qifeng Li and Jilan Su and Venugopalan Ittekkot and Richard Angus Garbutt and Simon Bush and Stephen Fletcher and Tonny Wagey and Anatolii Kachur and Neville Sweijd};{Elsevier {BV}};{https://doi.org/10.1016%2Fj.envpol.2018.04.016}
yz97p;marxiv;https://doi.org/10.1016/j.ecss.2017.10.018;2018-01;;;{Darren G. Rumbold and Ted R. Lange and Doug Richard and Gina DelPizzo and Nicole Hass};{Elsevier {BV}};{https://doi.org/10.1016%2Fj.ecss.2017.10.018}
947ae;marxiv;https://doi.org/10.1007/s00244-018-0523-0;2018-04;;;{Darren G. Rumbold and Christopher T. Lienhardt and Michael L. Parsons};{Springer Nature};{https://doi.org/10.1007%2Fs00244-018-0523-0}
bzywv;marxiv;https://doi.org/10.3354/cr01501;2018-04;;;{B Panikkar and B Lemmond and B Else and M Murray};{Inter-Research Science Center};{https://doi.org/10.3354%2Fcr01501}
ewb68;marxiv;https://doi.org/10.1016/j.ecolind.2018.03.066;2018-08;;;{Briana Bombana and Eduard Ariza};{Elsevier {BV}};{https://doi.org/10.1016%2Fj.ecolind.2018.03.066}
b9m84;marxiv;https://doi.org/10.1016/j.marpol.2018.05.030;2018-09;;;{Robert Pomeroy and Catherine A. Courtney};{Elsevier {BV}};{https://doi.org/10.1016%2Fj.marpol.2018.05.030}
kh7aw;marxiv;https://doi.org/10.1016/j.jenvman.2013.01.036;2013-04;;;{Jorge G. {\'{A}}lvarez-Romero and Michelle Devlin and Eduardo Teixeira da Silva and Caroline Petus and Natalie C. Ban and Robert L. Pressey and Johnathan Kool and Jason J. Roberts and Sergio Cerdeira-Estrada and Amelia S. Wenger and Jon Brodie};{Elsevier {BV}};{https://doi.org/10.1016%2Fj.jenvman.2013.01.036}
y2fqr;marxiv;https://doi.org/10.1016/j.marpol.2017.09.012;2017-12;;;{Nadine Heck and Adina Paytan and Donald C. Potts and Brent Haddad and Karen Lykkebo Petersen};{Elsevier {BV}};{https://doi.org/10.1016%2Fj.marpol.2017.09.012}
k47da;marxiv;https://doi.org/10.1016/j.ocecoaman.2018.05.024;2018-09;;;{Nadine Heck and Adina Paytan and Donald C. Potts and Brent Haddad and Karen Lykkebo Petersen};{Elsevier {BV}};{https://doi.org/10.1016%2Fj.ocecoaman.2018.05.024}
4sfcd;marxiv;https://doi.org/10.1016/j.ocecoaman.2018.05.005;2018-12;;;{M. Le Tixerant and D. Le Guyader and F. Gourmelon and B. Queffelec};{Elsevier {BV}};{https://doi.org/10.1016%2Fj.ocecoaman.2018.05.005}
3z79x;marxiv;https://doi.org/10.1111/faf.12268;2018-01;;;{Timothy R McClanahan};{Wiley};{https://doi.org/10.1111%2Ffaf.12268}
74t9f;marxiv;https://doi.org/10.1016/j.ocecoaman.2018.05.003;2018-07;;;{Nayla S. Patrizzi and Ricardo Dobrovolski};{Elsevier {BV}};{https://doi.org/10.1016%2Fj.ocecoaman.2018.05.003}
ewbdv;marxiv;https://doi.org/10.1016/j.marenvres.2018.01.009;2018-04;;;{Jose M. Fari{\~{n}}as-Franco and A. Louise Allcock and Dai Roberts};{Elsevier {BV}};{https://doi.org/10.1016%2Fj.marenvres.2018.01.009}
hy4gq;marxiv;https://doi.org/10.1126/science.aat6215;2018-05;;;{Rafael A. Magris and Robert L. Pressey};{American Association for the Advancement of Science ({AAAS})};{https://doi.org/10.1126%2Fscience.aat6215}
d4wh7;marxiv;https://doi.org/10.1016/j.envsci.2018.05.008;2018-08;;;{Stephen C. Mangi and Jeo Lee and John K. Pinnegar and Robin J. Law and Emmanouil Tyllianakis and Silvana N.R. Birchenough};{Elsevier {BV}};{https://doi.org/10.1016%2Fj.envsci.2018.05.008}
arw5k;marxiv;https://doi.org/10.1016/j.marpol.2018.04.016;2018-08;;;{R. Vilela and D. Conesa and J.L. del Rio and A. L{\'{o}}pez-Qu{\'{\i}}lez and J. Portela and J.M. Bellido};{Elsevier {BV}};{https://doi.org/10.1016%2Fj.marpol.2018.04.016}
uarve;marxiv;https://doi.org/10.1016/j.marpol.2018.04.010;2018-07;;;{C. Cvitanovic and E.I. van Putten and A.J. Hobday and M. Mackay and R. Kelly and J. McDonald and K. Waples and P. Barnes};{Elsevier {BV}};{https://doi.org/10.1016%2Fj.marpol.2018.04.010}
8kuyw;marxiv;https://doi.org/10.1016/j.marpol.2018.04.020;2018-08;;;{Asha McNeill and Julian Clifton and Euan S. Harvey};{Elsevier {BV}};{https://doi.org/10.1016%2Fj.marpol.2018.04.020}
zgtwn;marxiv;https://doi.org/10.1016/j.marpolbul.2018.04.045;2018-06;;;{Cecilia Martin and Stephen Parkes and Qiannan Zhang and Xiangliang Zhang and Matthew F. McCabe and Carlos M. Duarte};{Elsevier {BV}};{https://doi.org/10.1016%2Fj.marpolbul.2018.04.045}
c68xa;marxiv;https://doi.org/10.1016/j.marpol.2018.04.026;2018-08;;;{Maarten Bavinck and Svein Jentoft and Joeri Scholtens};{Elsevier {BV}};{https://doi.org/10.1016%2Fj.marpol.2018.04.026}
jw6ad;marxiv;https://doi.org/10.1016/j.scitotenv.2018.03.315;2018-09;;;{Richard K.F. Unsworth and Rohani Ambo-Rappe and Benjamin L. Jones and Yayu A. La Nafie and A. Irawan and Udhi E. Hernawan and Abigail M. Moore and Leanne C. Cullen-Unsworth};{Elsevier {BV}};{https://doi.org/10.1016%2Fj.scitotenv.2018.03.315}
7r8q3;marxiv;https://doi.org/10.1016/j.ocecoaman.2018.03.037;2018-05;;;{Lynne Eagle and Rachel Hay and David R. Low};{Elsevier {BV}};{https://doi.org/10.1016%2Fj.ocecoaman.2018.03.037}
tpkdu;marxiv;https://doi.org/10.1016/j.marpol.2018.01.025;2018-04;;;{J. Tam and K.M.A. Chan and T. Satterfield and G.G. Singh and S. Gelcich};{Elsevier {BV}};{https://doi.org/10.1016%2Fj.marpol.2018.01.025}
hj756;marxiv;https://doi.org/10.1016/j.ocecoaman.2018.03.004;2018-03;;;{Qinhua Fang and Deqiang Ma and Liyu Zhang and Shouqin Zhu};{Elsevier {BV}};{https://doi.org/10.1016%2Fj.ocecoaman.2018.03.004}
hv7pg;marxiv;https://doi.org/10.1016/j.biocon.2018.01.010;2018-04;;;{Conrad W. Speed and Mike Cappo and Mark G. Meekan};{Elsevier {BV}};{https://doi.org/10.1016%2Fj.biocon.2018.01.010}
nrfwb;marxiv;https://doi.org/10.1016/j.ecolind.2018.04.019;2018-08;;;{Benjamin Arthur and Mark Hindell and Marthan Bester and P.J. Nico De Bruyn and Michael E. Goebel and Phil Trathan and Mary-Anne Lea};{Elsevier {BV}};{https://doi.org/10.1016%2Fj.ecolind.2018.04.019}
mcvp5;marxiv;https://doi.org/10.1016/j.marpol.2018.04.023;2018-07;;;{Reg A. Watson and A. Tidd};{Elsevier {BV}};{https://doi.org/10.1016%2Fj.marpol.2018.04.023}
jyvge;marxiv;https://doi.org/10.1002/fee.1780;2018-03;;;{Joe Roman and Verna DeLauer and Irit Altman and Brendan Fisher and Roelof Boumans and Les Kaufman};{Wiley};{https://doi.org/10.1002%2Ffee.1780}
rpq6d;marxiv;https://doi.org/10.3390/d10020026;2018-04;;;{Rafael Magris and Alana Grech and Robert Pressey};{{MDPI} {AG}};{https://doi.org/10.3390%2Fd10020026}
y95vb;marxiv;https://doi.org/10.1080/18366503.2018.1460945;2018-04;;;{Alice K. Forrest and Mark Hindell};{Informa {UK} Limited};{https://doi.org/10.1080%2F18366503.2018.1460945}
jntv9;marxiv;https://doi.org/10.1016/j.marpol.2018.03.005;2018-09;;;{Kate Richerson and Jerry Leonard and Daniel S. Holland};{Elsevier {BV}};{https://doi.org/10.1016%2Fj.marpol.2018.03.005}
qkc3d;marxiv;https://doi.org/10.1016/j.envsci.2018.04.007;2018-07;;;{David Romero Manrique and Seraf{\'{\i}}n Corral and {\^{A}}ngela Guimar{\~{a}}es Pereira};{Elsevier {BV}};{https://doi.org/10.1016%2Fj.envsci.2018.04.007}
n7cve;marxiv;https://doi.org/10.1016/j.marpol.2017.03.011;2017-07;;;{Serafin Corral and David Romero Manrique de Lara};{Elsevier {BV}};{https://doi.org/10.1016%2Fj.marpol.2017.03.011}
4y69v;marxiv;https://doi.org/10.1016/j.biocon.2018.03.037;2018-06;;;{Irawan Asaad and Carolyn J. Lundquist and Mark V. Erdmann and Mark J. Costello};{Elsevier {BV}};{https://doi.org/10.1016%2Fj.biocon.2018.03.037}
2ry6t;marxiv;https://doi.org/10.1016/j.biocon.2018.03.013;2018-05;;;{Mirta Zupan and Fabio Bulleri and Julian Evans and Simonetta Fraschetti and Paolo Guidetti and Antoni Garcia-Rubies and Marta Sostres and Valentina Asnaghi and Anthony Caro and Salud Deudero and Raquel Go{\~{n}}i and Giuseppe Guarnieri and Francois Guilhaumon and Diego Kersting and Athina Kokkali and Claudia Kruschel and Vesna Macic and Luisa Mangialajo and Sandra Mallol and Enrique Macpherson and Antonella Panucci and Mirko Radolovic and Mohamed Ramdani and Patrick J. Schembri and Antonio Terlizzi and Elisa Villa and Joachim Claudet};{Elsevier {BV}};{https://doi.org/10.1016%2Fj.biocon.2018.03.013}
529xk;marxiv;https://doi.org/10.1016/j.marpolbul.2016.05.080;2016-09;;;{Gerson Fernandino and Carla Isobel Elliff and Gabriela Amado Frutuoso and Eric Vin{\'{\i}}cius Nascimento Malaquias da Silva and Guilherme Santiago Gama and Jo{\~{a}}o Henrique de Oliveira Sousa and Iracema Reim{\~{a}}o Silva};{Elsevier {BV}};{https://doi.org/10.1016%2Fj.marpolbul.2016.05.080}
jzmrf;marxiv;https://doi.org/10.1016/j.marpol.2018.03.018;2018-07;;;{Dale Squires and Victor Restrepo and Serge Garcia and Peter Dutton};{Elsevier {BV}};{https://doi.org/10.1016%2Fj.marpol.2018.03.018}
sp2my;marxiv;https://doi.org/10.1007/s10071-018-1179-x;2018-04;;;{Md Robiul Hasan and Adam L. Crane and Maud C. O. Ferrari and Douglas P. Chivers};{Springer Nature};{https://doi.org/10.1007%2Fs10071-018-1179-x}
rypmf;marxiv;https://doi.org/10.17265/1934-7375/2016.05.008;2016-05;;;{Palacios-Abrantes Juliano and  Melo-Ruiz Virginia and  Diaz-Garcia Rafael and  Gazga-Urioste C{\'{e}}sar and  Urbano Brian};{David Publishing Company};{https://doi.org/10.17265%2F1934-7375%2F2016.05.008}
qm2kx;marxiv;https://doi.org/10.5894/rgci649;2016-09;;;{Gerson Fernandino and Carla Isobel Elliff and Iracema Reim{\~{a}}o Silva and Thiago de Souza Brito and Ab{\'{\i}}lio Carlos da Silva Pinto Bittencourt};{Associacao Portuguesa dos Recursos Hidricos ({APRH})};{https://doi.org/10.5894%2Frgci649}
yjgwt;marxiv;https://doi.org/10.5894/rgci566;2015-08;;;{Gerson Fernandino and Carla I. Elliff and Iracema R. Silva and Ab{\'{\i}}lio C.S.P. Bittencourt};{Associacao Portuguesa dos Recursos Hidricos ({APRH})};{https://doi.org/10.5894%2Frgci566}
5brkn;marxiv;https://doi.org/10.1007/s10530-018-1720-5;2018-04;;;{Jonathan Peake and Alex K. Bogdanoff and Craig A. Layman and Bernard Castillo and Kynoch Reale-Munroe and Jennifer Chapman and Kristen Dahl and William F. Patterson III and Corey Eddy and Robert D. Ellis and Meaghan Faletti and Nicholas Higgs and Michelle A. Johnston and Roldan C. Mu{\~{n}}oz and Vera Sandel and Juan Carlos Villasenor-Derbez and James A. Morris};{Springer Nature America;{https://doi.org/10.1007%2Fs10530-018-1720-5}
wk83f;marxiv;https://doi.org/10.1007/s00267-018-1020-y;2018-03;;;{Julia Twichell and Richard Pollnac and Patrick Christie};{Springer Nature};{https://doi.org/10.1007%2Fs00267-018-1020-y}
cs3fz;marxiv;https://doi.org/10.1016/j.marpol.2018.03.008;2018-07;;;{Austin Ayer and Stuart Fulton and Jacobo Alejandro Caamal-Madrigal and Alejandro Espinoza-Tenorio};{Elsevier {BV}};{https://doi.org/10.1016%2Fj.marpol.2018.03.008}
sfxgt;marxiv;https://doi.org/10.1016/j.jenvman.2018.03.034;2018-06;;;{Gerson Fernandino and Carla I. Elliff and Iracema R. Silva};{Elsevier {BV}};{https://doi.org/10.1016%2Fj.jenvman.2018.03.034}
p25a4;marxiv;https://doi.org/10.1111/faf.12279;2018-03;;;{Stephen C Mangi and Sven Kupschus and Steven Mackinson and Dale Rodmell and Alexandra Lee and Elizabeth Bourke and Tom Rossiter and Jim Masters and Stuart Hetherington and Thomas Catchpole and David Righton};{Wiley};{https://doi.org/10.1111%2Ffaf.12279}
q2znm;marxiv;https://doi.org/10.1080/14486563.2017.1417167;2018-01;;;{Noam Levin and Maria Beger and Joseph Maina and Tim McClanahan and Salit Kark};{Informa {UK} Limited};{https://doi.org/10.1080%2F14486563.2017.1417167}
xajp2;marxiv;https://doi.org/10.1016/j.envpol.2018.02.062;2018-06;;;{A.P.W. Barrows and S.E. Cathey and C.W. Petersen};{Elsevier {BV}};{https://doi.org/10.1016%2Fj.envpol.2018.02.062}
3r2jw;marxiv;https://doi.org/10.1007/s13412-018-0489-2;2018-04;;;{E. C. M. Parsons};{Springer Nature America;{https://doi.org/10.1007%2Fs13412-018-0489-2}
zavwc;marxiv;https://doi.org/10.1111/faf.12262;2017-12;;;{Andrew M Song and Jahn P Johnsen and Tiffany H Morrison};{Wiley};{https://doi.org/10.1111%2Ffaf.12262}
7a2c9;marxiv;https://doi.org/10.1016/j.ocecoaman.2018.03.034;2018-05;;;{Lucia Ordo{\~{n}}ez-Gauger and Laurie Richmond and Steven Hackett and Cheryl Chen};{Elsevier {BV}};{https://doi.org/10.1016%2Fj.ocecoaman.2018.03.034}
45k96;marxiv;https://doi.org/10.1016/j.marpol.2018.03.016;2018-07;;;{Priscila F.M. Lopes and Sebasti{\'{a}}n Villasante};{Elsevier {BV}};{https://doi.org/10.1016%2Fj.marpol.2018.03.016}
zb6fq;marxiv;https://doi.org/10.1016/j.marpol.2018.03.017;2018-11;;;{Madeleine Gustavsson};{Elsevier {BV}};{https://doi.org/10.1016%2Fj.marpol.2018.03.017}
num85;marxiv;https://doi.org/10.1016/j.ocecoaman.2017.11.023;2018-02;;;{Luca Appolloni and Roberto Sandulli and Gennaro Vetrano and Giovanni F. Russo};{Elsevier {BV}};{https://doi.org/10.1016%2Fj.ocecoaman.2017.11.023}
ts9a4;marxiv;https://doi.org/10.1002/aqc.2750;2017-02;;;{Luca Appolloni and Stanislao Bevilacqua and Luisa Sbrescia and Roberto Sandulli and Antonio Terlizzi and Giovanni Fulvio Russo};{Wiley};{https://doi.org/10.1002%2Faqc.2750}
26knw;marxiv;https://doi.org/10.1016/j.biocon.2018.03.012;2018-05;;;{Antonio Di Franco and Jeremiah G. Plass-Johnson and Manfredi Di Lorenzo and Bruno Meola and Joachim Claudet and Steven D. Gaines and Jos{\'{e}} Antonio Garc{\'{\i}}a-Charton and Sylvaine Giakoumi and Kirsten Grorud-Colvert and Carlos Werner Hackradt and Fiorenza Micheli and Paolo Guidetti};{Elsevier {BV}};{https://doi.org/10.1016%2Fj.biocon.2018.03.012}
apgx7;marxiv;https://doi.org/10.1016/j.jenvman.2018.02.091;2018-05;;;{L. Appolloni and R. Sandulli and G. Vetrano and G.F. Russo};{Elsevier {BV}};{https://doi.org/10.1016%2Fj.jenvman.2018.02.091}
smrwc;marxiv;https://doi.org/10.12681/mms.1280;2015-01;;;{S. GÜNDO{\u{G}}DU and M. BAYLAN and C. {\c{C}}EVIK};{National Documentation Centre};{https://doi.org/10.12681%2Fmms.1280}
bej53;marxiv;https://doi.org/10.1016/j.geoforum.2018.02.033;2018-05;;;{Michael Fabinyi};{Elsevier {BV}};{https://doi.org/10.1016%2Fj.geoforum.2018.02.033}
ukx4h;marxiv;https://doi.org/10.9734/JALSI/2017/31031;2017-01;;;{J Palacios-Abrantes and V Melo-Ruiz and B  Urbano and N v and J Falc{\'{o}}n-Ger{\'{o}}nimo and C Gazga-Urioste};{Sciencedomain International};{https://doi.org/10.9734%2Fjalsi%2F2017%2F31031}
xk3bc;marxiv;https://doi.org/10.1016/j.ocecoaman.2017.12.008;2018-04;;;{Emma Kelley and Kenneth Sherman};{Elsevier {BV}};{https://doi.org/10.1016%2Fj.ocecoaman.2017.12.008}
r6tme;marxiv;https://doi.org/10.1111/gcb.13989;2017-12;;;{Jorge G. {\'{A}}lvarez-Romero and Adri{\'{a}}n Mungu{\'{\i}}a-Vega and Maria Beger and Maria Mar Mancha-Cisneros and Alvin N. Su{\'{a}}rez-Castillo and Georgina G. Gurney and Robert L. Pressey and Leah R. Gerber and Hem Nalini Morzaria-Luna and H{\'{e}}ctor Reyes-Bonilla and Vanessa M. Adams and Melanie Kolb and Erin M. Graham and Jeremy VanDerWal and Alejandro Castillo-L{\'{o}}pez and Gustavo Hinojosa-Arango and David Petat{\'{a}}n-Ram{\'{\i}}rez and Marcia Moreno-Baez and Carlos R. God{\'{\i}}nez-Reyes and Jorge Torre};{Wiley};{https://doi.org/10.1111%2Fgcb.13989}
kqgew;marxiv;https://doi.org/10.1371/journal.pone.0191821;2018-01;;;{Juan Carlos Villase{\~{n}}or-Derbez and Caio Faro and Melaina Wright and Jael Mart{\'{\i}}nez and Sean Fitzgerald and Stuart Fulton and Maria del Mar Mancha-Cisneros and Gavin McDonald and Fiorenza Micheli and Alvin Su{\'{a}}rez and Jorge Torre and Christopher Costello};{Public Library of Science ({PLoS})};{https://doi.org/10.1371%2Fjournal.pone.0191821}
b3y2w;marxiv;https://doi.org/10.1371/journal.pone.0188776;2017-12;;;{Katherine H. Wyatt and Robert Griffin and Anne D. Guerry and Mary Ruckelshaus and Michael Fogarty and Katie K. Arkema};{Public Library of Science ({PLoS})};{https://doi.org/10.1371%2Fjournal.pone.0188776}
m2hr6;marxiv;https://doi.org/10.1016/j.marpol.2018.01.005;2018-04;;;{Steven J. Barbeaux and Lowell Fritz and Elizabeth Logerwell};{Elsevier {BV}};{https://doi.org/10.1016%2Fj.marpol.2018.01.005}
y6cdt;marxiv;https://doi.org/10.1002/aqc.2509;2014-11;;;{Andrew Day and Dan Laffoley and John Davis and Andy Jeffrey and Olivier Musard and Charlotte Vick};{Wiley};{https://doi.org/10.1002%2Faqc.2509}
kfvx9;marxiv;https://doi.org/10.1016/j.ocecoaman.2015.05.002;2015-08;;;{C. Cvitanovic and A.J. Hobday and L. van Kerkhoff and S.K. Wilson and K. Dobbs and N.A. Marshall};{Elsevier {BV}};{https://doi.org/10.1016%2Fj.ocecoaman.2015.05.002}
tsbfx;marxiv;https://doi.org/10.4490/algae.2017.32.2.20;2017-03;;;{Ricardo A. Scrosati};{The Korean Society of Phycology};{https://doi.org/10.4490%2Falgae.2017.32.2.20}
mvp6w;marxiv;https://doi.org/10.7717/peerj.3444;2017-06;;;{Ricardo A. Scrosati and Julius A. Ellrich};{{PeerJ}};{https://doi.org/10.7717%2Fpeerj.3444}
ktqs8;marxiv;https://doi.org/10.7717/peerj.2623;2016-10;;;{Ricardo A. Scrosati and Julius A. Ellrich};{{PeerJ}};{https://doi.org/10.7717%2Fpeerj.2623}
9jk7v;marxiv;https://doi.org/10.1080/08920753.2017.1373452;2017-11;;;{Jon C. Day};{Informa {UK} Limited};{https://doi.org/10.1080%2F08920753.2017.1373452}
nfbs3;marxiv;https://doi.org/10.1016/j.marpol.2017.11.001;2018-02;;;{Wesley Flannery and Noel Healy and Marcos Luna};{Elsevier {BV}};{https://doi.org/10.1016%2Fj.marpol.2017.11.001}
hv4da;marxiv;https://doi.org/10.1016/j.ocecoaman.2014.09.003;2014-12;;;{C. Cvitanovic and C.J. Fulton and S.K. Wilson and L. van Kerkhoff and I.L. Cripps and N. Muthiga};{Elsevier {BV}};{https://doi.org/10.1016%2Fj.ocecoaman.2014.09.003}
