Criminal Law;50
Computer Law;54
Law;864
Internet Law;54
Communications Law;6
Sexuality and the Law;26
Entertainment, Arts, and Sports Law;11
Administrative Law;29
Constitutional Law;128
Mental and Social Health;1
Evidence;9
Social and Behavioral Sciences;91
Science and Technology Studies;4
Medicine and Health Sciences;18
Law and Psychology;17
Psychology;9
Bioethics and Medical Ethics;5
Medical Humanities;2
Anatomy;1
Psychiatry and Psychology;1
Medical Sciences;2
European Law;3
Tax Law;19
Commercial Law;24
Law and Economics;53
Banking and Finance Law;38
Intellectual Property Law;133
Social Psychology;5
Quantitative Psychology;2
Cognitive Psychology;5
Science and Technology Law;45
Arts and Humanities;13
Law and Politics;37
International Law;72
National Security Law;15
Human Rights Law;35
Immigration Law;13
Legal Profession;8
Law and Society;85
Legal Education;43
Education;20
Social and Philosophical Foundations of Education;1
Law and Philosophy;28
Labor and Employment Law;40
International Humanitarian Law;13
Law and Race;8
Civil Rights and Discrimination;28
Election Law;8
Courts;51
Privacy Law;25
Antitrust and Trade Regulation;5
Jurisprudence;38
Civil Procedure;11
Fourth Amendment;13
Criminal Procedure;28
Medical Jurisprudence;16
Health Law and Policy;28
International Trade Law;25
Business;26
Judges;16
Education Law;11
Legislation;22
Health and Medical Administration;3
Dispute Resolution and Arbitration;12
Securities Law;11
Environmental Law;12
Contracts;35
Business Organizations Law;18
Jurisdiction;18
Natural Resources Law;1
Family Law;25
Energy and Utilities Law;4
Fourteenth Amendment;4
Economic Theory;3
Macroeconomics;2
Growth and Development;2
Finance;3
Economics;5
Business Law, Public Responsibility, and Ethics Business;6
Accounting;2
Taxation;4
Digital Humanities;2
Legal Writing and Research;20
Law and Gender;12
Comparative and Foreign Law;45
Sociology;6
Inequality and Stratification;3
Public Law and Legal Theory;20
Religion Law;38
Rule of Law;14
Domestic and Intimate Partner Violence;1
Legal History;15
Higher Education Administration;3
Educational Administration and Supervision;4
Military, War, and Peace;4
Marketing;1
Entrepreneurial and Small Business Operations;3
Other Business;3
Education Economics;2
Corporate Finance;2
E-Commerce;4
Natural Law;2
Legal Remedies;4
Torts;12
Legal Studies;9
Other Legal Studies;4
Other Law;29
Supreme Court of the United States;12
First Amendment;8
Consumer Protection Law;3
Accounting Law;1
Estates and Trusts;4
State and Local Government Law;5
Insurance Law;4
Litigation;29
Conflict of Laws;9
Remote Sensing;1
Human Geography;1
Geography;1
President/Executive Department;3
Bankruptcy Law;1
Food and Drug Law;6
Pharmaceutical Preparations;1
Other Public Health;1
Public Affairs;2
Health Policy;3
Medical Pharmacology;1
Public Health;7
Pharmacy and Pharmaceutical Sciences;4
Public Affairs, Public Policy and Public Administration;8
Pharmacy Administration, Policy and Regulation;1
Chemicals and Drugs;2
Curriculum and Instruction;3
Higher Education;12
Educational Methods;1
Educational Assessment, Evaluation, and Research;1
Disability Law;3
Finance and Financial Management;4
Transnational Law;19
Social Welfare Law;5
Legal Ethics and Professional Responsibility;11
International and Comparative Education;1
Feminist, Gender, and Sexuality Studies;1
Library and Information Science;35
Other Rehabilitation and Therapy;1
Rehabilitation and Therapy;1
Industrial and Organizational Psychology;1
Archival Science;1
Construction Law;7
Property Law and Real Estate;18
Law of the Sea;2
Second Amendment;1
Law Enforcement and Corrections;5
Scholarly Communication;3
Nonprofit Organizations Law;2
Land Use Law;3
Science and Technology Policy;3
Business Intelligence;1
Technology and Innovation;10
Housing Law;1
Common Law;3
History;3
Legal;3
History of Science, Technology, and Medicine;1
Scholarly Publishing;14
Taxation-State and Local;2
Humane Education;1
Other Education;1
European History;1
Political Science;6
Other Political Science;1
Other History;1
Intellectual History;1
Theory, Knowledge and Science;1
Political Theory;2
Civil Law;8
Student Counseling and Personnel Services;1
Health Information Technology;1
Educational Leadership;2
Water Law;1
Indian and Aboriginal Law;6
Juvenile Law;2
Online and Distance Education;1
Marketing Law;2
Social Policy;1
Comparative Politics;1
Public Policy;1
International Relations;1
Organizations Law;1
Nonprofit Administration and Management;3
Art Practice;1
Organizational Behavior and Theory;2
Regional Economics;1
Economic History;2
Industrial Organization;1
Cultural Heritage Law;3
Leadership Studies;1
Social and Cultural Anthropology;1
Anthropology;3
Other Economics;2
Retirement Security Law;1
Scholarship of Teaching and Learning;1
Agency;2
Gaming Law;2
East Asian Languages and Societies;1
Chinese Studies;1
International and Area Studies;1
African Studies;1
Near and Middle Eastern Studies;1
Government Contracts;1
Social Statistics;1
American Politics;2
Cognition and Perception;1
Information Literacy;1
Collection Development and Management;1
Experimental Analysis of Behavior;1
Taxation-Transnational;1
Social Influence and Political Communication;1
Public Economics;1
Other Anthropology;1
Portfolio and Security Analysis;1
Management Sciences and Quantitative Methods;1
Communication;1
Econometrics;1
Race, Ethnicity and Post-Colonial Studies;1
American Studies;1
Philosophy;1
History of Philosophy;1
