936dk;lawarxiv;https://doi.org/10.5281/zenodo.2263779;-;;;;;
rcd3e;lawarxiv;https://doi.org/10.5281/zenodo.2261105;-;;;;;
etj9n;lawarxiv;https://doi.org/10.5281/zenodo.1870299;-;;;;;
r5y4f;lawarxiv;https://doi.org/10.5281/zenodo.1869431;-;;;;;
whx6m;lawarxiv;https://doi.org/10.5281/zenodo.1825001;-;;;;;
vg75f;lawarxiv;https://doi.org/10.7910/DVN/1ZUWEZ;-;;;;;
jb3um;lawarxiv;https://doi.org/10.17605/OSF.IO/Y8T5R;-;;;;;
g7hpy;lawarxiv;https://doi.org/10.17605/OSF.IO/AGVTN;-;;;;;
xntcr;lawarxiv;https://doi.org/10.15779/Z38WT3B;-;;;;;
p327s;lawarxiv;https://doi.org/10.15779/Z388T19;-;;;;;
4bmfv;lawarxiv;https://doi.org/10.1098/rsta.2018.0083;2018-10;;;{Michael Veale and Reuben Binns and Lilian Edwards};{The Royal Society};{https://doi.org/10.1098%2Frsta.2018.0083}
yhs9c;lawarxiv;https://doi.org/10.1109/MSP.2018.2701152;2018-05;;;{Lilian Edwards and Michael Veale};{Institute of Electrical and Electronics Engineers ({IEEE})};{https://doi.org/10.1109%2Fmsp.2018.2701152}
r49yp;lawarxiv;https://doi.org/10.1098/rsta.2016.0126;2016-11;;;{Linnet Taylor};{The Royal Society};{https://doi.org/10.1098%2Frsta.2016.0126}
x3768;lawarxiv;https://doi.org/10.1017/S1472669610000939;2010-12;;;{Femi Cadmus and Blair Kaufmann};{Cambridge University Press ({CUP})};{https://doi.org/10.1017%2Fs1472669610000939}
7u2ea;lawarxiv;https://doi.org/10.2139/ssrn.2127698;2012-;;;{Nadia Banteka};{Elsevier {BV}};{https://doi.org/10.2139%2Fssrn.2127698}
r2xus;lawarxiv;https://doi.org/10.1093/idpl/ipy002;2018-04;;;{Michael Veale and Reuben Binns and Jef Ausloos};{Oxford University Press ({OUP})};{https://doi.org/10.1093%2Fidpl%2Fipy002}
tq235;lawarxiv;https://doi.org/10.1037/lhb0000282;2018-04;;;{Valerie P. Hans and Rebecca K. Helm and Valerie F. Reyna};{American Psychological Association ({APA})};{https://doi.org/10.1037%2Flhb0000282}
bh3d8;lawarxiv;https://doi.org/10.1002/asi.23630;2016-01;;;{Peter A. Hook};{Wiley};{https://doi.org/10.1002%2Fasi.23630}
gvczj;lawarxiv;https://doi.org/10.1108/JICES-09-2016-0038;2018-03;;;{Adam Harkens};{Emerald};{https://doi.org/10.1108%2Fjices-09-2016-0038}
8qn9f;lawarxiv;https://doi.org/10.1049/cp.2018.0018;2018-;;;{V. Mavroudis and M. Veale};{Institution of Engineering and Technology};{https://doi.org/10.1049%2Fcp.2018.0018}
e6gwn;lawarxiv;https://doi.org/10.1515/ael-2016-0068;2016-12;;;{Odette Lienau};{Walter de Gruyter {GmbH}};{https://doi.org/10.1515%2Fael-2016-0068}
y25ag;lawarxiv;https://doi.org/10.1016/j.clsr.2017.12.002;2018-04;;;{Michael Veale and Lilian Edwards};{Elsevier {BV}};{https://doi.org/10.1016%2Fj.clsr.2017.12.002}
xjnh2;lawarxiv;https://doi.org/10.1001/journalofethics.2017.19.01.ecas2-1701;-;;;;;
d38tb;lawarxiv;https://doi.org/10.3390/laws6030013;2017-08;;;{Michael Madison};{{MDPI} {AG}};{https://doi.org/10.3390%2Flaws6030013}
sm8ad;lawarxiv;https://doi.org/10.1126/science.1236965;2013-04;;;{J. S. Sherkow and H. T. Greely};{American Association for the Advancement of Science ({AAAS})};{https://doi.org/10.1126%2Fscience.1236965}
q74zc;lawarxiv;https://doi.org/10.1080/0270319X.2016.1177422;2016-04;;;{Susan David deMaine};{Informa {UK} Limited};{https://doi.org/10.1080%2F0270319x.2016.1177422}
gczpy;lawarxiv;https://doi.org/10.1017/jli.2017.7;2017-03;;;{Benjamin J. Keele};{Cambridge University Press ({CUP})};{https://doi.org/10.1017%2Fjli.2017.7}
nku4b;lawarxiv;https://doi.org/10.1016/j.acalib.2012.03.010;2012-07;;;{Benjamin J. Keele};{Elsevier {BV}};{https://doi.org/10.1016%2Fj.acalib.2012.03.010}
ra2bv;lawarxiv;https://doi.org/10.1016/j.giq.2011.11.002;2012-04;;;{Benjamin J. Keele};{Elsevier {BV}};{https://doi.org/10.1016%2Fj.giq.2011.11.002}
3eab7;lawarxiv;https://doi.org/10.1016/j.acalib.2011.11.014;2012-01;;;{Benjamin J. Keele};{Elsevier {BV}};{https://doi.org/10.1016%2Fj.acalib.2011.11.014}
k7x9c;lawarxiv;https://doi.org/10.1016/j.giq.2011.07.001;2012-01;;;{Benjamin J. Keele};{Elsevier {BV}};{https://doi.org/10.1016%2Fj.giq.2011.07.001}
gd7xq;lawarxiv;https://doi.org/10.1016/j.acalib.2011.08.009;2011-12;;;{Benjamin J. Keele};{Elsevier {BV}};{https://doi.org/10.1016%2Fj.acalib.2011.08.009}
vzckm;lawarxiv;https://doi.org/10.1016/j.jaad.2015.06.051;2015-10;;;{Navid Ezra and Elizabeth Anne Peacock and Benjamin J. Keele and Melanie Kingsley};{Elsevier {BV}};{https://doi.org/10.1016%2Fj.jaad.2015.06.051}
afrz4;lawarxiv;https://doi.org/10.1037/law0000012;2014-;;;{Jason M. Chin};{American Psychological Association ({APA})};{https://doi.org/10.1037%2Flaw0000012}
6dsfb;lawarxiv;https://doi.org/10.1093/oxfordhb/9780199935352.013.28;2016-07;;;{Jason M. Chin and Larysa Workewych};{Oxford University Press};{https://doi.org/10.1093%2Foxfordhb%2F9780199935352.013.28}
k57uf;lawarxiv;https://doi.org/10.1177/0306422012438319;2012-03;;;{Christopher Soghoian};{{SAGE} Publications};{https://doi.org/10.1177%2F0306422012438319}
4pr5k;lawarxiv;https://doi.org/10.1080/0270319X.2015.1038143;2015-04;;;{Benjamin J. Keele};{Informa {UK} Limited};{https://doi.org/10.1080%2F0270319x.2015.1038143}
p2ma5;lawarxiv;https://doi.org/10.1007/s10991-016-9185-z;2016-09;;;{James Hand};{Springer Nature};{https://doi.org/10.1007%2Fs10991-016-9185-z}
7gr3p;lawarxiv;https://doi.org/10.1215/00382876-1724174;2012-10;;;{A. Mitropoulos};{Duke University Press};{https://doi.org/10.1215%2F00382876-1724174}
5hfe6;lawarxiv;https://doi.org/10.5195/jlc.2014.79;-;;;;;
96f9k;lawarxiv;https://doi.org/10.2979/GLS.2009.16.1.363;2009-;;;{Keele};{Indiana University Press};{https://doi.org/10.2979%2Fgls.2009.16.1.363}
