nx59v;lissa;https://dx.doi.org/10.31229/osf.io/nx59v;;2018-12-16T22:40:09.687302;;Perceived Challenges of Using Web-Based Library Services by Students in Prof. Festus Aghabgo Nwako Library, Nnamdi Azikiwe University, Awka, Nigeria;Esther E Aghauche:Obiora K Udem:Emeka K Ogalanya;Social and Behavioral Sciences:Library and Information Science
zgkqp;lissa;https://dx.doi.org/10.31229/osf.io/zgkqp;;2018-12-16T21:25:09.714669;;Information Literacy Competencies of Library and Information Science Postgraduate Students in South East Nigeria Universities: A Focus on the Knowledge and Skill Level;Chinwe V Anunobi:Obiora K Udem;Information Literacy:Social and Behavioral Sciences:Library and Information Science
w2kr9;lissa;https://dx.doi.org/10.31229/osf.io/w2kr9;;2018-12-16T21:15:53.547794;;Extent of Information and Communication Technology Skills Possessed by Librarians in University Libraries in Anambra State, Nigeria;Emenike C Nkamnebe:Ifeka E Okeke:Obiora K Udem:Chibuzor B Nkamnebe;Social and Behavioral Sciences:Library and Information Science
bsza6;lissa;https://dx.doi.org/10.31229/osf.io/bsza6;;2018-12-16T21:01:03.740438;;Information Literacy Competencies: A Conceptual Analysis;Chinwe V Anunobi:Obiora K Udem;Information Literacy:Social and Behavioral Sciences:Library and Information Science
5b7n4;lissa;https://dx.doi.org/10.31229/osf.io/5b7n4;;2018-12-11T19:59:34.599143;;OER and Equity in the Classroom;Anna Newman;Scholarly Communication:Social and Behavioral Sciences:Scholarly Publishing:Library and Information Science
h6uwq;lissa;https://dx.doi.org/10.31229/osf.io/h6uwq;;2018-11-28T21:41:12.304124;;ACRL Primer for Protecting Sensitive Data in Academic Research;Amy L Nurnberger:Pamella Lach:Abigail H Goben:Sandra De Groote:Yasmeen Shorish;Scholarly Communication:Social and Behavioral Sciences:Library and Information Science
dfk9b;lissa;https://dx.doi.org/10.31229/osf.io/dfk9b;;2018-11-21T15:58:17.181234;;Research Crowdfunding and Scholarly Communication:  A Case Study of Three Campaigns;Darren Chase:Dana Haugh:Victoria Pilato;Scholarly Communication:Social and Behavioral Sciences:Library and Information Science
gd8r3;lissa;https://dx.doi.org/10.31229/osf.io/gd8r3;https://doi.org/10.5281/zenodo.1482969;2018-11-19T00:46:29.676006;-;Военно-морской госпиталь в Кронштадте, ключевые этапы эволюции, развитие и изменение архитектуры// Social Sciences: Achievements and Prospects Journal, OEAPS Inc., Berlin, Germany, pp. 8-14;Мария С Федорова;Social and Behavioral Sciences
fp8cd;lissa;https://dx.doi.org/10.31229/osf.io/fp8cd;;2018-11-01T20:02:40.638818;;Practical Data Curation for Reproducibility;Courtney R Butler;Social and Behavioral Sciences:Library and Information Science:Cataloging and Metadata:Information Literacy:Scholarly Communication
fecwu;lissa;https://dx.doi.org/10.31229/osf.io/fecwu;;2018-11-01T19:31:54.806098;;The Gold (AU)DRIPSS Framework: Factors for a Maturing Digital Preservation Strategy;Brett D Currier:Courtney R Butler;Social and Behavioral Sciences:Library and Information Science
a69qk;lissa;https://dx.doi.org/10.31229/osf.io/a69qk;https://doi.org/10.3138/jelis.60.1.2018-0032;2018-10-29T17:53:36.371162;-;Health Informatics Offerings at Institutions 2015-2017;Rebecca Raszewski:Jamie Dwyer:Tina Griffin;Social and Behavioral Sciences:Library and Information Science
6aqv7;lissa;https://dx.doi.org/10.31229/osf.io/6aqv7;https://doi.org/10.3138/jelis.60.1.2018-0032;2018-10-29T17:48:35.108046;-;Health Science Librarianship Offerings at Institutions 2015-2017;Rebecca Raszewski:Jamie Dwyer:Tina Griffin;Social and Behavioral Sciences:Library and Information Science
fzy97;lissa;https://dx.doi.org/10.31229/osf.io/fzy97;;2018-10-29T14:43:41.954304;;Relación entre el uso de las bibliotecas universitarias y el desarrollo académico: el caso de las universidades públicas españolas y los estudiantes de grado;Pedro Lázaro-Rodríguez;Collection Development and Management:Social and Behavioral Sciences:Library and Information Science
9sq7t;lissa;https://dx.doi.org/10.31229/osf.io/9sq7t;;2018-10-22T17:49:17.578844;;Reflections following the ASAPbio Peer Review conference;Peter Lidsky;Social and Behavioral Sciences:Library and Information Science
ayjq9;lissa;https://dx.doi.org/10.31229/osf.io/ayjq9;https://doi.org/10.17605/OSF.IO/YX3VE;2018-10-19T12:20:00.107710;-;Keselarian Makna dalam Terjemahan Sajak Baha Zain;Muhammad Zaid Daud:Mohammad S N A Wahid:Mohd K Adenan:Kharull H Ngairan;Social and Behavioral Sciences
ny5gu;lissa;https://dx.doi.org/10.31229/osf.io/ny5gu;https://doi.org/10.17605/OSF.IO/ZSFBH;2018-10-19T12:10:11.079846;-;“Giler” Atau “Gile”: Slanga Kata Penguat;Mary F Subet:Muhammad Zaid Daud;Social and Behavioral Sciences
upt8j;lissa;https://dx.doi.org/10.31229/osf.io/upt8j;https://doi.org/10.17605/OSF.IO/963E5;2018-10-19T12:03:02.214791;-;Slanga Kedai Kopi: Satu Analisis Semantik Inkuisitif;Muhammad Zaid Daud;Social and Behavioral Sciences
qrmks;lissa;https://dx.doi.org/10.31229/osf.io/qrmks;https://doi.org/10.17605/OSF.IO/RD6UJ;2018-09-26T03:06:04.853138;-;Unsur Semiotik dalam Persembahan Hadrah;Muhammad Zaid Daud;Social and Behavioral Sciences
kqamh;lissa;https://dx.doi.org/10.31229/osf.io/kqamh;https://doi.org/10.17605/OSF.IO/6ZMR7;2018-09-26T02:49:03.298294;-;Semantik dan Makna Konotasi dalam Slanga Pelacur;Mary F Subet:Muhammad Zaid Daud;Social and Behavioral Sciences
7a6y9;lissa;https://dx.doi.org/10.31229/osf.io/7a6y9;https://doi.org/10.7710/2162-3309.2223;2018-09-04T15:44:11.940095;2018-08;Liberation through Cooperation: How Library Publishing Can Save Scholarly Journals from Neoliberalism;Dave S Ghamandi;Scholarly Communication:Social and Behavioral Sciences:Scholarly Publishing:Library and Information Science
mz42b;lissa;https://dx.doi.org/10.31229/osf.io/mz42b;;2018-08-24T13:39:39.893007;;Reaching the Baseline: A Professional’s Perspective on Technological Competencies for Library Students;Casandra Laskowski;Social and Behavioral Sciences:Library and Information Science
dn9es;lissa;https://dx.doi.org/10.31229/osf.io/dn9es;;2018-08-21T18:23:27.479343;;Supporting medical innovation and entrepreneurship through curriculum-integrated information literacy instruction;Alexander J Carroll:Shelby Hallman;Information Literacy:Social and Behavioral Sciences:Library and Information Science
95s24;lissa;https://dx.doi.org/10.31229/osf.io/95s24;;2018-08-10T15:49:09.654384;;Open Scholarship Policies and Technologies: The European Research Library as a Model for Advancing Global Scholarly Communication;Micah Vandegrift;Scholarly Communication:Social and Behavioral Sciences:Library and Information Science
qp4xz;lissa;https://dx.doi.org/10.31229/osf.io/qp4xz;;2018-08-05T17:52:51.267944;;In Pursuit of Equity: Applying Design Thinking to Develop a Values-Based Open Access Statement;Lillian Rigling:Courtney Waugh:Emily Carlisle;Scholarly Communication:Social and Behavioral Sciences:Scholarly Publishing:Library and Information Science
4hvtb;lissa;https://dx.doi.org/10.31229/osf.io/4hvtb;;2018-08-01T22:43:17.353041;;Archivists as Peers in Digital Public History;Trevor Owens:Jesse A Johnston;Archival Science:Social and Behavioral Sciences:Library and Information Science
8kxyz;lissa;https://dx.doi.org/10.31229/osf.io/8kxyz;;2018-07-29T21:12:00.390036;;Post-publication peer review in biomedical journals: overcoming obstacles and disincentives to knowledge sharing;Valerie Matarese:Karen Shashok;Scholarly Communication:Social and Behavioral Sciences:Scholarly Publishing:Library and Information Science
5nbst;lissa;https://dx.doi.org/10.31229/osf.io/5nbst;;2018-07-19T20:18:35.146124;;New Models of Content Creation and Scholarship at the Intersection of Library Spaces, Technologies, and Expertise;Mike Nutt:Gregory Raschke;Social and Behavioral Sciences
jyqr3;lissa;https://dx.doi.org/10.31229/osf.io/jyqr3;;2018-07-18T17:25:28.018462;;THE CAAV 2017 Immersive Scholar Presentation: Visualizing Digital Scholarship Across Institutions;Shelby Hallman:Mike Nutt;Social and Behavioral Sciences:Library and Information Science
ay78d;lissa;https://dx.doi.org/10.31229/osf.io/ay78d;;2018-07-12T21:25:41.783763;;Decolonizing the Textbook: Open Educational Resources in Spanish / Descolonizar el libro de texto: recursos educativos abiertos;Vicki Gruzynski;Scholarly Communication:Social and Behavioral Sciences:Library and Information Science
7jmtg;lissa;https://dx.doi.org/10.31229/osf.io/7jmtg;;2018-07-10T00:22:01.520153;;Toward a More Just Library: Participatory Design with Native American Students;Scott W H Young:Celina Brownotter;Social and Behavioral Sciences:Library and Information Science
hym8b;lissa;https://dx.doi.org/10.31229/osf.io/hym8b;https://doi.org/10.5860/rusq.56n2.108;2018-07-09T17:25:08.775059;2017-01;Weeding with ADDIE: Developing training for deselection at an academic library;Lindsay O'Neill;Social and Behavioral Sciences:Library and Information Science
2myvr;lissa;https://dx.doi.org/10.31229/osf.io/2myvr;https://doi.org/10.1108/RSR-10-2016-0059;2018-07-09T17:21:41.551178;2017-02;Deploying a WordPress-based learning object repository to scale up instruction and effect a culture of sharing;Lindsay O'Neill;Social and Behavioral Sciences:Library and Information Science
6atyh;lissa;https://dx.doi.org/10.17605/OSF.IO/6ATYH;;2018-07-01T17:49:00.436485;;Better together: combining research and writing support for student scholars;Alexander J Carroll:Kelsey Corlett-Rivera:Linda Macri;Information Literacy:Social and Behavioral Sciences:Library and Information Science
n9bp5;lissa;https://dx.doi.org/10.17605/OSF.IO/N9BP5;;2018-06-29T18:11:03.510102;;Healthcare economics and information literacy: Resources for success in undergraduate biomedical engineering education;Alexander J Carroll:Shelby Hallman:Kelly Umstead:Hatice Ozturk:James V McCall:Andrew J, Sr. DiMeo;Information Literacy:Social and Behavioral Sciences:Library and Information Science
c59m7;lissa;https://dx.doi.org/10.17605/OSF.IO/C59M7;;2018-06-28T18:56:01.225877;;We Rate Cats June 2018;Jessica Schomberg;Social and Behavioral Sciences:Library and Information Science:Cataloging and Metadata
67aqy;lissa;https://dx.doi.org/10.17605/OSF.IO/67AQY;;2018-06-28T13:28:14.419522;;One Journal Issue, Two Activities, Three Views: Information Creation as a Process;Nancy Curtis;Information Literacy:Social and Behavioral Sciences:Library and Information Science
4xwjp;lissa;https://dx.doi.org/10.17605/OSF.IO/4XWJP;;2018-06-27T20:15:40.889669;;Cultural Competence & Collaborative Conversations;Aurelia Mandani:Marina Valenzuela;Social and Behavioral Sciences:Library and Information Science:Information Literacy:Cataloging and Metadata:Archival Science:Collection Development and Management
rfjxk;lissa;https://dx.doi.org/10.17605/OSF.IO/RFJXK;;2018-06-27T19:59:06.957082;;2018 American Library Association (ALA) Emerging Leader Group I Poster Presentation;Crystal Chen:Tracy Drake:Aurelia Mandani:A.J. Muhammad:Claire Nickerson;Collection Development and Management:Information Literacy:Social and Behavioral Sciences:Library and Information Science
j7meu;lissa;https://dx.doi.org/10.17605/OSF.IO/J7MEU;;2018-06-12T17:56:26.258917;;Research Data Preservation;Brett D Currier:Bommae Kim:Cynthia Edwards:Courtney R Butler;Archival Science:Scholarly Communication:Social and Behavioral Sciences:Library and Information Science
a8hm2;lissa;https://dx.doi.org/10.17605/OSF.IO/A8HM2;;2018-06-12T15:25:46.777956;;Research Data Preservation: Beyond Data Sharing and Open Science;Brett D Currier:Bommae Kim:Cynthia Edwards:Courtney R Butler;Archival Science:Scholarly Communication:Social and Behavioral Sciences:Library and Information Science
musd8;lissa;https://dx.doi.org/10.17605/OSF.IO/MUSD8;;2018-06-08T14:06:32.407940;;Evaluating a Visual Search Interface;Maurice Schleußinger:Maria Henkel;Social and Behavioral Sciences:Library and Information Science
hf3ds;lissa;https://dx.doi.org/10.17605/OSF.IO/HF3DS;;2018-06-05T19:18:13.266851;;You can't replicate what you can't find: Data preservation policies in economic journals;Courtney R Butler:Brett D Currier;Social and Behavioral Sciences:Library and Information Science:Scholarly Publishing:Archival Science:Scholarly Communication
p64br;lissa;https://dx.doi.org/10.17605/OSF.IO/P64BR;;2018-06-05T19:04:04.409702;;Creating Data Citations in LaTeX for Economists;Courtney R Butler:Brett D Currier;Social and Behavioral Sciences:Library and Information Science:Scholarly Publishing:Cataloging and Metadata:Scholarly Communication
7kuga;lissa;https://dx.doi.org/10.17605/OSF.IO/7KUGA;;2018-06-05T18:19:34.518685;;Research Reproducibility and the Importance of Attachment Level Metadata;Brett D Currier:Courtney R Butler;Social and Behavioral Sciences:Library and Information Science:Cataloging and Metadata
f9d4p;lissa;https://dx.doi.org/10.17605/OSF.IO/F9D4P;;2018-06-02T17:08:06.365161;;What's Next for Interlibrary Loan;Ryan Regier;Collection Development and Management:Social and Behavioral Sciences:Library and Information Science
gf25a;lissa;https://dx.doi.org/10.17605/OSF.IO/GF25A;;2018-06-02T17:06:06.212444;;Fair Dealing for Non-Education Libraries;Ryan Regier;Information Literacy:Social and Behavioral Sciences:Library and Information Science
zj5pq;lissa;https://dx.doi.org/10.17605/OSF.IO/ZJ5PQ;;2018-05-30T00:02:03.725578;;Conceptualizing Data Curation Activities Within Two Academic Libraries;Sophia Lafferty-Hess:Julie Rudder:Moira Downey:Susan Ivey:Jen Darragh;Scholarly Communication:Social and Behavioral Sciences:Scholarly Publishing:Library and Information Science
zvkbd;lissa;https://dx.doi.org/10.17605/OSF.IO/ZVKBD;;2018-05-26T23:37:25.035412;;Good Science Needs Good Data: An Introduction to Research Data Management;Ryan Regier;Scholarly Communication:Social and Behavioral Sciences:Library and Information Science:Cataloging and Metadata
6c3dt;lissa;https://dx.doi.org/10.17605/OSF.IO/6C3DT;;2018-05-23T18:25:49.810408;;Reference Conundrum: The Broad Definition of Peer-Review;Cody Fullerton;Scholarly Communication:Social and Behavioral Sciences:Library and Information Science
j4meu;lissa;https://dx.doi.org/10.17605/OSF.IO/J4MEU;;2018-05-22T20:14:23.996914;;Assessing Information Reliability through Snapchat: An Alternative Means for Social Media;Amanda Wheatley;Information Literacy:Scholarly Communication:Social and Behavioral Sciences:Library and Information Science
xgmyp;lissa;https://dx.doi.org/10.17605/OSF.IO/XGMYP;;2018-05-14T22:39:02.217258;;Library Collection Development in the Age of Open Access and Research Sharing;Ryan Regier;Collection Development and Management:Scholarly Communication:Social and Behavioral Sciences:Library and Information Science
8mzqj;lissa;https://dx.doi.org/10.17605/OSF.IO/8MZQJ;;2018-05-08T17:42:41.177731;;Darwin nos arquivos? Perspetivas evolucionistas subjacentes à avaliação da informação arquivística;L. S A Macedo;Archival Science:Social and Behavioral Sciences:Library and Information Science
67mwz;lissa;https://dx.doi.org/10.17605/OSF.IO/67MWZ;https://doi.org/10.1080/01462679.2018.1451794;2018-04-30T18:38:25.555727;2018-04;Citations and Citation Metrics in a Serial Assessment Using Master’s Theses;Geoffrey Timms;Collection Development and Management:Social and Behavioral Sciences:Library and Information Science
r3dw9;lissa;https://dx.doi.org/10.17605/OSF.IO/R3DW9;https://doi.org/10.1353/pla.2018.0019;2018-04-30T12:16:15.884818;2018-;“I Never Knew I Could Be a Teacher”: A Student-Centered MLIS Fellowship for Future Teacher-Librarians;Rachel Gammons:Alexander J Carroll:Lindsay I Carpenter;Information Literacy:Social and Behavioral Sciences:Library and Information Science
j6r3s;lissa;https://dx.doi.org/10.17605/OSF.IO/J6R3S;https://doi.org/10.1007/s11192-018-2758-y;2018-04-27T21:16:32.752784;2018-04;Russian Index of Science Citation: Overview and Review;Olga Moskaleva:Vladimir Pislyakov:Mark Akoev:Ivan Sterligov:Svetlana Shabanova;Information Literacy:Social and Behavioral Sciences:Library and Information Science
nxgrc;lissa;https://dx.doi.org/10.17605/OSF.IO/NXGRC;;2018-04-26T16:38:49.750831;;Increasing IR Deposits by Tagteaming: The Open Access Button Librarian Notification System;Chealsye Bowley;Scholarly Communication:Social and Behavioral Sciences:Library and Information Science
7r3ef;lissa;https://dx.doi.org/10.17605/OSF.IO/7R3EF;;2018-04-26T13:17:01.594568;;Lessons from Piloting Community Focused Repositories;Chealsye Bowley;Scholarly Communication:Social and Behavioral Sciences:Library and Information Science
pr9hc;lissa;https://dx.doi.org/10.17605/OSF.IO/PR9HC;;2018-04-24T20:49:50.465107;;Curators Needed: How Public Libraries are Bringing Community Members into their Web Archiving Practice;Natalie Milbrodt:Emily Ward:Karl-Rainer Blumenthal;Archival Science:Social and Behavioral Sciences:Library and Information Science:Collection Development and Management
sfkg7;lissa;https://dx.doi.org/10.17605/OSF.IO/SFKG7;;2018-04-24T03:08:05.379847;;Analisis Kritis Buku Membangun Peradaban Melalui Pendidikan dan Bimbingan yang ditulis oleh Prof. Dr. Achmad juntika Nurihsan;Syamsul B;Information Literacy:Social and Behavioral Sciences:Library and Information Science
znf2w;lissa;https://dx.doi.org/10.17605/OSF.IO/ZNF2W;;2018-04-12T14:09:07.288939;;BOAI 15 Survey Report;Nick Shockey:Heather Joseph:Melissa Hagemann;Scholarly Communication:Social and Behavioral Sciences:Library and Information Science
e6uq9;lissa;https://dx.doi.org/10.17605/OSF.IO/E6UQ9;https://doi.org/10.1080/15228959.2017.1338543;2018-04-07T01:06:33.416393;2017-07;Serving Transgender Patrons in Academic Libraries;Stephen G Krueger;Social and Behavioral Sciences:Library and Information Science
5a7df;lissa;https://dx.doi.org/10.17605/OSF.IO/5A7DF;https://doi.org/10.1515/opis-2018-0003;2018-04-04T15:40:16.964364;2018-03;Managing the Electronic Resources Lifecycle with Kanban;Jaclyn McLean:Robin Canham;Collection Development and Management:Social and Behavioral Sciences:Library and Information Science
abg4r;lissa;https://dx.doi.org/10.17605/OSF.IO/ABG4R;;2018-04-04T05:26:22.545393;;Play as transformative Information Literacy education;Andrew Walsh;Information Literacy:Social and Behavioral Sciences:Library and Information Science
mva35;lissa;https://dx.doi.org/10.17605/OSF.IO/MVA35;;2018-04-02T14:44:21.434879;;Reflections On Resistance, Decolonization, and the Historical Trauma of Libraries and Academia;Nicola Andrews;Social and Behavioral Sciences:Library and Information Science
fn5st;lissa;https://dx.doi.org/10.17605/OSF.IO/FN5ST;https://doi.org/10.1007/978-3-319-92270-6_26;2018-03-28T15:09:03.878886;2018-;Knowde: A Visual Search Interface;Maurice Schleußinger:Maria Henkel;Social and Behavioral Sciences:Library and Information Science
vdzk5;lissa;https://dx.doi.org/10.17605/OSF.IO/VDZK5;;2018-03-26T23:15:56.323282;;Many Hands / Whose Hands? Archiving the Web, Collaboratively;Samantha Abrams:Amy Wickner:Karl-Rainer Blumenthal;Archival Science:Social and Behavioral Sciences:Library and Information Science:Collection Development and Management
dvs7n;lissa;https://dx.doi.org/10.17605/OSF.IO/DVS7N;;2018-03-24T19:58:47.255889;;Scholarly Piracy: What Libraries could/should be doing about it;Ryan Regier;Scholarly Communication:Social and Behavioral Sciences:Scholarly Publishing:Library and Information Science
tqzgc;lissa;https://dx.doi.org/10.17605/OSF.IO/TQZGC;;2018-03-23T23:33:36.198823;;Concerns-Based Adoption Method (CBAM) for Research Data Management (RDM) Education;Amanda Rinehart:Kim Lightle;Scholarly Communication:Social and Behavioral Sciences:Library and Information Science
afpdn;lissa;https://dx.doi.org/10.17605/OSF.IO/AFPDN;;2018-03-21T15:36:22.719350;;The Changing Dynamics of Publishing and Impacts on Science Communication;Ryan Regier;Scholarly Communication:Social and Behavioral Sciences:Scholarly Publishing:Library and Information Science
d5mkj;lissa;https://dx.doi.org/10.17605/OSF.IO/D5MKJ;;2018-03-20T22:19:54.178421;;Show Me the Data!;Chealsye Bowley;Scholarly Communication:Social and Behavioral Sciences:Library and Information Science
kp5r6;lissa;https://dx.doi.org/10.17605/OSF.IO/KP5R6;https://doi.org/10.1080/19386389.2018.1443414;2018-03-20T14:08:50.201976;2017-10;Consortial Geospatial Data Collection: Toward Standards and Processes for Shared GeoBlacklight Metadata;Andrew Battista:Karen Majewicz;Social and Behavioral Sciences:Library and Information Science:Cataloging and Metadata
m9fza;lissa;https://dx.doi.org/10.17605/OSF.IO/M9FZA;;2018-03-19T15:54:34.169966;;Replicating our Instructional Capacity: Developing Shared Workshops across Institutions;Danica M Lewis:Barrie E Hayes:Alexander J Carroll;Information Literacy:Social and Behavioral Sciences:Library and Information Science
r6w2k;lissa;https://dx.doi.org/10.17605/OSF.IO/R6W2K;;2018-03-19T15:22:22.492164;;Engaging and Empowering High-Impact Educational Communities through Cross-Disciplinary Liaisonship;Alexander J Carroll:Jennifer Garrett;Information Literacy:Social and Behavioral Sciences:Library and Information Science
qxs9j;lissa;https://dx.doi.org/10.17605/OSF.IO/QXS9J;;2018-03-14T18:59:33.099091;;Text and Data Mining: Seeking Traction;Thomas Padilla;Social and Behavioral Sciences:Library and Information Science:Information Literacy:Scholarly Publishing:Collection Development and Management:Scholarly Communication
dr5vs;lissa;https://dx.doi.org/10.17605/OSF.IO/DR5VS;;2018-03-13T02:52:02.699029;;Who Are You: Intersectionality in the Academic Library;Desmond, MLIS Wong;Social and Behavioral Sciences:Library and Information Science:Cataloging and Metadata
yavzh;lissa;https://dx.doi.org/10.17605/OSF.IO/YAVZH;;2018-03-05T18:29:03.113942;;Maintaining Access to Public Data:  Lessons from Data Refuge;Margaret M Janz;Social and Behavioral Sciences:Library and Information Science
8n6p9;lissa;https://dx.doi.org/10.17605/OSF.IO/8N6P9;;2018-03-02T05:44:30.775628;;Walking the line between advocacy and activism in scholarly communication;Chealsye Bowley;Scholarly Communication:Social and Behavioral Sciences:Library and Information Science
n639t;lissa;https://dx.doi.org/10.17605/OSF.IO/N639T;;2018-03-02T05:27:56.416656;;Engaging your researchers with altmetrics;Chealsye Bowley;Scholarly Communication:Social and Behavioral Sciences:Library and Information Science
wkcv7;lissa;https://dx.doi.org/10.17605/OSF.IO/WKCV7;;2018-02-28T20:10:13.050025;;Experiential Learning In Digital Marketing: A Library Social Media Takeover;Daisy DeCoster:Mary K Naatus;Social and Behavioral Sciences:Library and Information Science
pjyze;lissa;https://dx.doi.org/10.17605/OSF.IO/PJYZE;;2018-02-28T16:30:21.308494;;Fair Use Week: Figuring Out Fair Use Presentation;April Hathcock;Scholarly Communication:Social and Behavioral Sciences:Library and Information Science
qzbpa;lissa;https://dx.doi.org/10.17605/OSF.IO/QZBPA;;2018-02-23T18:14:29.826506;;Bringing Open Access into Interlibrary Loan with the Open Access Button;Chealsye Bowley;Scholarly Communication:Social and Behavioral Sciences:Scholarly Publishing:Library and Information Science
8wn5p;lissa;https://dx.doi.org/10.17605/OSF.IO/8WN5P;;2018-02-10T20:37:14.085431;;Community Aligned Service Providers - ALA Midwinter 2018 ACRL/SPARC Forum;Chealsye Bowley;Scholarly Communication:Social and Behavioral Sciences:Library and Information Science
9b7pz;lissa;https://dx.doi.org/10.17605/OSF.IO/9B7PZ;;2018-01-23T17:27:14.858973;;LBSC734 Seminar in the Academic Library (Spring 2018);Rachel Gammons:Lindsay I Carpenter;Information Literacy:Social and Behavioral Sciences:Library and Information Science
93zvb;lissa;https://dx.doi.org/10.17605/OSF.IO/93ZVB;;2018-01-17T11:09:39.848027;;Designing Digital Scholarship Ecologies;Micah Vandegrift;Scholarly Communication:Social and Behavioral Sciences:Library and Information Science
9cv5h;lissa;https://dx.doi.org/10.17605/OSF.IO/9CV5H;;2018-01-10T17:43:20.705423;;Dare to Share the Silence: Tools & Practices of Contemplative Pedagogy in a Library Brain Booth;Marissa Mourer:Katia Karadjova;Social and Behavioral Sciences:Library and Information Science
q36uv;lissa;https://dx.doi.org/10.17605/OSF.IO/Q36UV;;2018-01-05T21:01:36.009093;;Research Data Management Among Life Sciences Faculty: Implications for Library Service ;Kelly Johnson:Vicky Steeves;Collection Development and Management:Scholarly Communication:Social and Behavioral Sciences:Library and Information Science
wz8fn;lissa;https://dx.doi.org/10.17605/OSF.IO/WZ8FN;;2018-01-02T21:04:20.442638;;Scaling Research Data Management Services Along the Maturity Spectrum: Three Institutional Perspectives;Cinthya Ippoliti:Amy E Koshoffer:Renaine Julian:Micah Vandegrift:Devin Soper:Sophie Meridien;Scholarly Communication:Social and Behavioral Sciences:Scholarly Publishing:Library and Information Science
ps9tf;lissa;https://dx.doi.org/10.17605/OSF.IO/PS9TF;;2017-12-31T02:44:03.511208;;Siapa saja yang menulis makalah tentang Indonesia? (Who wrote articles on Indonesia?);Dasapta E Irawan;Scholarly Communication:Social and Behavioral Sciences:Library and Information Science
qws7n;lissa;https://dx.doi.org/10.17605/OSF.IO/QWS7N;;2017-12-13T21:25:55.130346;;Strategies for Success - Building LibApps in Moodle That Students Will Use;Meghan Dowell:Lydia Willoughby;Information Literacy:Social and Behavioral Sciences:Library and Information Science
fbhds;lissa;https://dx.doi.org/10.17605/OSF.IO/FBHDS;;2017-12-08T14:25:47.907350;;What Beyonce Can Teach Us About Open Access;Anna Newman;Scholarly Communication:Social and Behavioral Sciences:Scholarly Publishing:Library and Information Science
v8ak9;lissa;https://dx.doi.org/10.17605/OSF.IO/V8AK9;;2017-12-05T04:31:26.629427;;Relawan: Dari Gerakan Sosial ke Proyek Politik;Ustad M Alam:Erisandi Arditama:Cahyo Seftyono;Social and Behavioral Sciences:Library and Information Science:Cataloging and Metadata
6ah4x;lissa;https://dx.doi.org/10.17605/OSF.IO/6AH4X;https://doi.org/10.5260/chara.19.3.35;2017-12-04T18:16:00.593004;2018-01;OSF Preprints [Review];Amy Riegelman;Social and Behavioral Sciences:Library and Information Science:Scholarly Publishing:Collection Development and Management:Scholarly Communication
qtxu3;lissa;https://dx.doi.org/10.17605/OSF.IO/QTXU3;;2017-11-22T23:19:49.561728;;Intro to Grants Research;Shawnta Smith-Cruz;Scholarly Communication:Social and Behavioral Sciences:Scholarly Publishing:Library and Information Science
rfm6k;lissa;https://dx.doi.org/10.17605/OSF.IO/RFM6K;https://doi.org/10.1080/0270319X.2015.1081006;2017-11-14T01:11:24.307759;2015-07;Mapping the Achieved Values of Legal Reference Books Onto the Digital Future;Elizabeth Outler;Social and Behavioral Sciences:Library and Information Science
q6zbw;lissa;https://dx.doi.org/10.17605/OSF.IO/Q6ZBW;;2017-11-10T04:32:37.075316;;Embracing the Feminization of Librarianship;Shana Higgins;Social and Behavioral Sciences:Library and Information Science
d7t8p;lissa;https://dx.doi.org/10.17605/OSF.IO/D7T8P;;2017-11-03T20:01:30.676514;;Time is on My Side? Time in the Library Workplace;Phillip Jones:Lora Lennertz;Social and Behavioral Sciences:Library and Information Science
qeaw8;lissa;https://dx.doi.org/10.17605/OSF.IO/QEAW8;https://doi.org/10.1017/alj.2016.12;2017-11-02T00:55:15.250914;2016-04;A collaborative model for web archiving ephemeral art resources at the New York Art Resources Consortium (NYARC);Sumitra Duncan:Karl-Rainer Blumenthal;Social and Behavioral Sciences:Library and Information Science:Cataloging and Metadata:Archival Science:Collection Development and Management
dw5a7;lissa;https://dx.doi.org/10.17605/OSF.IO/DW5A7;;2017-10-30T20:58:55.635175;;Where Are We Headed? RDA, BIBFRAME, and the FRBR Library Reference Model;Amanda K Sprochi;Social and Behavioral Sciences:Library and Information Science:Cataloging and Metadata
2u36k;lissa;https://dx.doi.org/10.17605/OSF.IO/2U36K;;2017-10-30T12:44:28.067354;;Archnet 2.0: Building a new asset management system for MIT’s online architectural library of the Islamic World;Andrea Schuler;Social and Behavioral Sciences:Library and Information Science
8evfp;lissa;https://dx.doi.org/10.17605/OSF.IO/8EVFP;;2017-10-27T21:03:40.295043;;Homelessness and the Ethics of Information Access;Corina Bardoff;Social and Behavioral Sciences:Library and Information Science
5s2g6;lissa;https://dx.doi.org/10.17605/OSF.IO/5S2G6;;2017-10-25T23:15:56.401977;;Women Leaders in Openness;Vicky Steeves;Scholarly Communication:Social and Behavioral Sciences:Library and Information Science
kv7wm;lissa;https://dx.doi.org/10.17605/OSF.IO/KV7WM;;2017-10-25T16:44:26.908923;;MIT, Aga Khan Documentation​​ Center​ (AKPDC@MIT)​ Liaison Plan for Visual Resource Librarian;Sarah J Demott;Collection Development and Management:Social and Behavioral Sciences:Library and Information Science
k2gmu;lissa;https://dx.doi.org/10.17605/OSF.IO/K2GMU;https://doi.org/10.15845/noril.v6i1.214;2017-10-25T13:26:38.294100;2014-06;The Potential for Using Gamification in Academic Libraries in Order to Increase Student Engagement and Achievement;Andrew Walsh;Social and Behavioral Sciences:Library and Information Science
8bzav;lissa;https://dx.doi.org/10.17605/OSF.IO/8BZAV;https://doi.org/10.3138/jsp.49.1.26;2017-10-25T06:39:48.046861;2017-10;Open Publication, Digital Abundance, and Scarce Labour;Martin P Eve;Social and Behavioral Sciences:Scholarly Publishing:Library and Information Science
d79yu;lissa;https://dx.doi.org/10.17605/OSF.IO/D79YU;https://doi.org/10.1017/CBO9781316161012;2017-10-25T06:23:27.974104;2014-;Open Access and the Humanities: Contexts, Controversies, and the Future;Martin P Eve;Scholarly Communication:Social and Behavioral Sciences:Scholarly Publishing:Library and Information Science
ktcbv;lissa;https://dx.doi.org/10.17605/OSF.IO/KTCBV;https://doi.org/10.7710/2162-3309.2178;2017-10-25T06:18:44.958239;2017-;Towards the digital preservation of DOM-node-keyed scholarly web annotations;Martin P Eve;Archival Science:Social and Behavioral Sciences:Library and Information Science
7yrkc;lissa;https://dx.doi.org/10.17605/OSF.IO/7YRKC;;2017-10-24T03:48:28.821855;;Intro to Open Research;Chealsye Bowley;Scholarly Communication:Social and Behavioral Sciences:Library and Information Science
ehg5j;lissa;https://dx.doi.org/10.17605/OSF.IO/EHG5J;;2017-10-24T03:45:32.769747;;Research Data Management Exercise;Chealsye Bowley;Scholarly Communication:Social and Behavioral Sciences:Library and Information Science
pk5zn;lissa;https://dx.doi.org/10.17605/OSF.IO/PK5ZN;;2017-10-24T03:42:52.788231;;Research Data Management and Sharing;Chealsye Bowley;Scholarly Communication:Social and Behavioral Sciences:Library and Information Science
ns47a;lissa;https://dx.doi.org/10.17605/OSF.IO/NS47A;;2017-10-24T03:38:43.615919;;Finding and Evaluating Journals;Chealsye Bowley;Scholarly Communication:Social and Behavioral Sciences:Scholarly Publishing:Library and Information Science
wnuqg;lissa;https://dx.doi.org/10.17605/OSF.IO/WNUQG;;2017-10-24T03:36:37.690899;;Copyright + Your Thesis or Dissertation;Chealsye Bowley;Scholarly Communication:Social and Behavioral Sciences:Library and Information Science
ymj2w;lissa;https://dx.doi.org/10.17605/OSF.IO/YMJ2W;;2017-10-24T03:24:05.716887;;Cultivating Your Digital Profile;Chealsye Bowley;Scholarly Communication:Social and Behavioral Sciences:Library and Information Science
xryzh;lissa;https://dx.doi.org/10.17605/OSF.IO/XRYZH;;2017-10-24T03:20:38.061283;;Author Rights & Repositories;Chealsye Bowley;Scholarly Communication:Social and Behavioral Sciences:Scholarly Publishing:Library and Information Science
uxdrv;lissa;https://dx.doi.org/10.17605/OSF.IO/UXDRV;;2017-10-23T19:56:10.453512;;Dismantling Whiteness and Oppression Through Community-Led Collaboration;Cecily Walker;Social and Behavioral Sciences:Library and Information Science
nejzc;lissa;https://dx.doi.org/10.17605/OSF.IO/NEJZC;;2017-10-13T20:55:17.445075;;An annotated bibliography of Digital Scholarship in libraries;Carolyn Moritz;Social and Behavioral Sciences:Library and Information Science
8tjnv;lissa;https://dx.doi.org/10.17605/OSF.IO/8TJNV;https://doi.org/10.5860/crl.77.2.140;2017-10-09T18:48:35.942169;2016-03;Assessment as Action Research: Bridging Academic Scholarship and Everyday Practice;Lisa J Hinchliffe;Social and Behavioral Sciences:Library and Information Science
y9swd;lissa;https://dx.doi.org/10.17605/OSF.IO/Y9SWD;;2017-10-02T12:56:34.587180;;Is AI Literate?;Michael Ridley;Social and Behavioral Sciences:Library and Information Science
cyr3n;lissa;https://dx.doi.org/10.17605/OSF.IO/CYR3N;;2017-09-16T16:12:14.031062;;Reproducibility: the What, Why, & How;Vicky Steeves;Scholarly Communication:Social and Behavioral Sciences:Library and Information Science
jp2y4;lissa;https://dx.doi.org/10.17605/OSF.IO/JP2Y4;;2017-09-05T17:42:07.660939;;Hot Coffee and Freeze-Dried First Amendment Analysis: The Dubious Constitutionality of Using Private Ratings for Public Regulation of Video Games;William Cross;Scholarly Communication:Social and Behavioral Sciences:Library and Information Science
t6mj9;lissa;https://dx.doi.org/10.17605/OSF.IO/T6MJ9;https://doi.org/10.3163/1536-5050.97.1.008;2017-09-01T21:56:15.147898;2009-01;Use of Facebook in academic health sciences libraries;Dean Hendrix:Deborah Chiarella:Linda Hasman:Sharon Murphy:Michelle Zafron;Social and Behavioral Sciences:Library and Information Science
78tj2;lissa;https://dx.doi.org/10.17605/OSF.IO/78TJ2;;2017-09-01T19:07:59.889517;;Spraying Beta: Information Behavior in the Small World of Rock Climbing;Bree Norlander;Social and Behavioral Sciences:Library and Information Science
vf5dm;lissa;https://dx.doi.org/10.17605/OSF.IO/VF5DM;https://doi.org/10.3163/1536-5050.96.4.007;2017-08-29T14:28:52.371620;2008-10;An Analysis of Bibliometric Indicators, National Institutes of Health (NIH) Funding and Faculty Size at Association of American Medical Colleges (AAMC) Medical Schools, 1997-2007;Dean Hendrix;Scholarly Communication:Social and Behavioral Sciences:Scholarly Publishing:Library and Information Science
896zc;lissa;https://dx.doi.org/10.17605/OSF.IO/896ZC;https://doi.org/10.1007/s11192-008-2160-2;2017-08-29T14:24:19.531095;2009-04;Institutional self-citation rates: A three year study of universities in the United States;Dean Hendrix;Scholarly Communication:Social and Behavioral Sciences:Scholarly Publishing:Library and Information Science
5tm8d;lissa;https://dx.doi.org/10.17605/OSF.IO/5TM8D;https://doi.org/10.29173/iq18;2017-08-18T17:13:46.717280;2017-12;Using ReproZip for Reproducibility and Library Services;Vicky Steeves:Remi Rampin:Fernando Chirigati;Social and Behavioral Sciences:Library and Information Science:Scholarly Publishing:Archival Science:Scholarly Communication
ha782;lissa;https://dx.doi.org/10.17605/OSF.IO/HA782;;2017-08-11T16:36:25.493930;;FlourishOA Capstone Poster;Ashley Farley:Bree Norlander;Scholarly Communication:Social and Behavioral Sciences:Scholarly Publishing:Library and Information Science
t7hfu;lissa;https://dx.doi.org/10.17605/OSF.IO/T7HFU;;2017-08-07T15:26:57.917107;;De-Centering and Recentering Digital Scholarship: A Manifesto;Carolyn Moritz:Rachel Smart:Aaron Retteen:Matthew Hunter:Sarah Stanley:Devin Soper:Micah Vandegrift;Scholarly Communication:Social and Behavioral Sciences:Scholarly Publishing:Library and Information Science
kf29s;lissa;https://dx.doi.org/10.17605/OSF.IO/KF29S;https://doi.org/10.5860/crl.71.1.32;2017-08-02T17:46:18.695366;2010-01;Relationships between Association of Research Libraries (ARL) Statistics and Bibliometric Indicators: A Principal Components Analysis;Dean Hendrix;Social and Behavioral Sciences:Library and Information Science
vtxsm;lissa;https://dx.doi.org/10.17605/OSF.IO/VTXSM;;2017-08-02T14:42:35.085073;;Grant Narrative - Integrating digital humanities into the web of scholarship with SHARE: An exploration of requirements;Cynthia Hudson-Vitale:Judy Ruttenberg:Jeffrey R Spies:Richard P Johnson:Joanne Paterson:Matthew R Harp:Thomas Padilla:Nancy Maron:Natsuko Nicholls;Scholarly Communication:Social and Behavioral Sciences:Library and Information Science:Cataloging and Metadata
asyqc;lissa;https://dx.doi.org/10.17605/OSF.IO/ASYQC;;2017-08-01T13:19:10.893291;;Research in the iSchools: An Examination;K S Raghavan:B Preedip Balaji;Social and Behavioral Sciences:Library and Information Science
gtn7a;lissa;https://dx.doi.org/10.17605/OSF.IO/GTN7A;;2017-07-31T16:04:29.967220;;Necesidades de información en la comunidad GLTTIBQ (gay, lésbica, transexual, travesti, intersexual, bisexual, queer);Julio D Jatuf;Information Literacy:Social and Behavioral Sciences:Library and Information Science
ybdr8;lissa;https://dx.doi.org/10.17605/OSF.IO/YBDR8;;2017-07-28T20:08:10.808027;;Practicing What You Preach: Evaluating Access of Open Access Research;Teresa Schultz;Scholarly Communication:Social and Behavioral Sciences:Scholarly Publishing:Library and Information Science
ayxe7;lissa;https://dx.doi.org/10.17605/OSF.IO/AYXE7;;2017-07-24T16:23:04.704859;;Confining Cultural Expression: How the Historical Principles Behind Modern Copyright Law Perpetuate Cultural Exclusion;April Hathcock;Scholarly Communication:Social and Behavioral Sciences:Library and Information Science
ams2f;lissa;https://dx.doi.org/10.17605/OSF.IO/AMS2F;;2017-07-20T20:46:51.639023;;Teaching with Data: Visualization and Information as a Critical Process;Andrew Battista:Jill A Conte;Information Literacy:Social and Behavioral Sciences:Library and Information Science
hp2kf;lissa;https://dx.doi.org/10.17605/OSF.IO/HP2KF;;2017-07-20T16:40:25.472818;;Battle Cry: the American Library Association and Its Southern Chapters during the Civil Rights Movement;Steven R Harris;Social and Behavioral Sciences
bv67u;lissa;https://dx.doi.org/10.17605/OSF.IO/BV67U;https://doi.org/10.5860/crln.74.10.9023;2017-07-20T01:46:22.977147;2013-11;The MOOC Syllabus Blues: The Strategies for Libraries with MOOCs and Syllabus Materials;Kyle K Courtney;Scholarly Communication:Social and Behavioral Sciences:Library and Information Science
5cpjt;lissa;https://dx.doi.org/10.17605/OSF.IO/5CPJT;;2017-07-15T18:38:47.626374;;The Theory and Craft of Digital Preservation;Trevor Owens;Archival Science:Social and Behavioral Sciences:Library and Information Science
vzuj3;lissa;https://dx.doi.org/10.17605/OSF.IO/VZUJ3;;2017-07-14T19:00:32.752974;;Reproducibility Librarianship;Vicky Steeves;Scholarly Communication:Social and Behavioral Sciences:Library and Information Science
tnmra;lissa;https://dx.doi.org/10.17605/OSF.IO/TNMRA;;2017-07-14T16:05:10.747764;;What makes a digital steward:  A competency profile based on the National Digital Stewardship Residencies;Karl-Rainer Blumenthal:Peggy Griesinger:Julia Kim:Shira Peltzman:Vicky Steeves;Social and Behavioral Sciences:Library and Information Science
975e3;lissa;https://dx.doi.org/10.17605/OSF.IO/975E3;;2017-07-12T10:51:11.434558;;Servicios a la investigación en la biblioteca universitaria: gestión de la identidad digital;Viviana Fernández-Marcial:Llarina González-Solar;Scholarly Communication:Social and Behavioral Sciences:Library and Information Science
