hvqpf;paleorxiv;https://doi.org/10.7717/peerj.5964;2018-12;;;{Irena Raselli};{{PeerJ}};{https://doi.org/10.7717%2Fpeerj.5964}
nrc3b;paleorxiv;https://doi.org/10.1080/08912963.2018.1539972;2018-11;;;{Micha{\l} Zato{\'{n}} and Emilia Jarochowska};{Informa {UK} Limited};{https://doi.org/10.1080%2F08912963.2018.1539972}
2ytc5;paleorxiv;https://doi.org/10.1017/pab.2018.8;2018-04;;;{John T. Clarke and Matt Friedman};{Cambridge University Press ({CUP})};{https://doi.org/10.1017%2Fpab.2018.8}
thjkz;paleorxiv;https://doi.org/10.1016/j.earscirev.2018.10.014;2018-10;;;{Peter D. Roopnarine and K.D. Angielczyk and A. Weik and A. Dineen};{Elsevier {BV}};{https://doi.org/10.1016%2Fj.earscirev.2018.10.014}
fywvm;paleorxiv;https://doi.org/10.1098/rspb.2018.0404;2018-10;;;{Alexander M. Dunhill and William J. Foster and Sandro Azaele and James Sciberras and Richard J. Twitchett};{The Royal Society};{https://doi.org/10.1098%2Frspb.2018.0404}
zjnuh;paleorxiv;https://doi.org/10.1098/rsbl.2018.0502;2018-10;;;{Manabu Sakamoto and Chris Venditti};{The Royal Society};{https://doi.org/10.1098%2Frsbl.2018.0502}
2ck7v;paleorxiv;https://doi.org/10.1080/02724634.2017.1349776;2017-07;;;{Thomas L. Adams and Christopher R. Noto and Stephanie Drumheller};{Informa {UK} Limited};{https://doi.org/10.1080%2F02724634.2017.1349776}
t3j7q;paleorxiv;https://doi.org/10.1017/S0016756812000994;2013-03;;;{VALENTIN FISCHER and MAXIM S. ARKHANGELSKY and GLEB N. USPENSKY and ILYA M. STENSHIN and PASCAL GODEFROIT};{Cambridge University Press ({CUP})};{https://doi.org/10.1017%2Fs0016756812000994}
w4myr;paleorxiv;https://doi.org/10.1111/pala.12396;2018-09;;;{Sarah L. Sheffield and Colin D. Sumrall};{Wiley};{https://doi.org/10.1111%2Fpala.12396}
wqjpb;paleorxiv;https://doi.org/10.1111/zoj.12158;2014-07;;;{Valentin Fischer and Maxim S. Arkhangelsky and Darren Naish and Ilya M. Stenshin and Gleb N. Uspensky and Pascal Godefroit};{Oxford University Press ({OUP})};{https://doi.org/10.1111%2Fzoj.12158}
6fcpk;paleorxiv;https://doi.org/10.1007/s00114-014-1242-7;2014-09;;;{Valentin Fischer and Henri Cappetta and Peggy Vincent and G{\'{e}}raldine Garcia and Stijn Goolaerts and Jeremy E. Martin and Daniel Roggero and Xavier Valentin};{Springer Nature};{https://doi.org/10.1007%2Fs00114-014-1242-7}
wnam4;paleorxiv;https://doi.org/10.1098/rsbl.2013.0021;2013-05;;;{V. Fischer and R. M. Appleby and D. Naish and J. Liston and J. B. Riding and S. Brindley and P. Godefroit};{The Royal Society};{https://doi.org/10.1098%2Frsbl.2013.0021}
qys3p;paleorxiv;https://doi.org/10.1127/0077-7749/2011/0155;2011-07;;;{Valentin Fischer and Myette Guiomar and Pascal Godefroit};{Schweizerbart};{https://doi.org/10.1127%2F0077-7749%2F2011%2F0155}
76ewd;paleorxiv;https://doi.org/10.1080/02724634.2011.595464;2011-09;;;{Valentin Fischer and Edwige Masure and Maxim S. Arkhangelsky and Pascal Godefroit};{Informa {UK} Limited};{https://doi.org/10.1080%2F02724634.2011.595464}
tbyvr;paleorxiv;https://doi.org/10.1016/j.cretres.2010.11.005;2011-04;;;{V. Fischer and A. Cl{\'{e}}ment and M. Guiomar and P. Godefroit};{Elsevier {BV}};{https://doi.org/10.1016%2Fj.cretres.2010.11.005}
qv36y;paleorxiv;https://doi.org/10.1163/1876312X-45032122;2015-09;;;{Viktor Baranov and Trond Andersen and Evgeny E. Perkovsky};{Brill};{https://doi.org/10.1163%2F1876312x-45032122}
b59y7;paleorxiv;https://doi.org/10.1016/j.pgeola.2018.07.005;2018-12;;;{Dean R. Lomax and Judy A. Massare};{Elsevier {BV}};{https://doi.org/10.1016%2Fj.pgeola.2018.07.005}
e5qsu;paleorxiv;https://doi.org/10.1016/j.cretres.2018.06.017;2018-11;;;{Jerzy A. Lis and Barbara Lis and Ernst Heiss};{Elsevier {BV}};{https://doi.org/10.1016%2Fj.cretres.2018.06.017}
u45gz;paleorxiv;https://doi.org/10.4072/rbp.2017.3.06;2017-12;;;{Mariana Val{\'{e}}ria de Ara{\'{u}}jo Sena and Rafael C{\'{e}}sar Lima Pedroso de Andrade and Renan Alfredo Machado Bantim and Juliana Manso Say{\~{a}}o and Jos{\'{e}} Antonio Barbosa and Gustavo Ribeiro de Oliveira};{Sociedade Brasileira de Paleontologia};{https://doi.org/10.4072%2Frbp.2017.3.06}
pnw63;paleorxiv;https://doi.org/10.1016/j.cretres.2018.07.004;2018-11;;;{Qi Zhang and Alexandr P. Rasnitsyn and Haichun Zhang};{Elsevier {BV}};{https://doi.org/10.1016%2Fj.cretres.2018.07.004}
8emxb;paleorxiv;https://doi.org/10.26879/866;2018-;;;{Russell Bicknell and Stephen Pates and Mark Botton};{Coquina Press};{https://doi.org/10.26879%2F866}
nwuk6;paleorxiv;https://doi.org/10.1017/S1755691017000032;2017-06;;;{Hongyu Yi and Jonathan P. Tennant and Mark T. Young and Thomas J. Challands and Davide Foffa and John D. Hudson and Dugald A. Ross and Stephen L. Brusatte};{Cambridge University Press ({CUP})};{https://doi.org/10.1017%2Fs1755691017000032}
gnsb7;paleorxiv;https://doi.org/10.1111/brv.12255;2016-02;;;{Jonathan P. Tennant and Philip D. Mannion and Paul Upchurch and Mark D. Sutton and Gregory D. Price};{Wiley};{https://doi.org/10.1111%2Fbrv.12255}
mjt95;paleorxiv;https://doi.org/10.1016/j.cretres.2018.04.024;2018-10;;;{Tito Aureliano and Aline M. Ghilardi and Pedro V. Buck and Matteo Fabbri and Adun Samathi and Rafael Delcourt and Marcelo A. Fernandes and Martin Sander};{Elsevier {BV}};{https://doi.org/10.1016%2Fj.cretres.2018.04.024}
js64t;paleorxiv;https://doi.org/10.1016/j.crpv.2018.02.003;2018-10;;;{Saverio Bartolini Lucenti};{Elsevier {BV}};{https://doi.org/10.1016%2Fj.crpv.2018.02.003}
eaz4t;paleorxiv;https://doi.org/10.7717/peerj.4529;2018-03;;;{Thomas J. Raven and Susannah C.R. Maidment};{{PeerJ}};{https://doi.org/10.7717%2Fpeerj.4529}
9atjd;paleorxiv;https://doi.org/10.1111/pala.12291;2017-04;;;{Thomas J. Raven and Susannah C. R. Maidment};{Wiley};{https://doi.org/10.1111%2Fpala.12291}
wq8tv;paleorxiv;https://doi.org/10.1111/jeb.13248;2018-03;;;{V. P. Cyriac and U. Kodandaramaiah};{Wiley};{https://doi.org/10.1111%2Fjeb.13248}
q4spf;paleorxiv;https://doi.org/10.1016/j.palaeo.2014.11.002;2015-01;;;{James D. Witts and Vanessa C. Bowman and Paul B. Wignall and J. Alistair Crame and Jane E. Francis and Robert J. Newton};{Elsevier {BV}};{https://doi.org/10.1016%2Fj.palaeo.2014.11.002}
eynka;paleorxiv;https://doi.org/10.1016/j.cretres.2018.04.002;2018-10;;;{Evgeny E. Perkovsky and Ekaterina B. Sukhomlin and Nikita V. Zelenkov};{Elsevier {BV}};{https://doi.org/10.1016%2Fj.cretres.2018.04.002}
a3pwt;paleorxiv;https://doi.org/10.1080/02724634.2014.859621;2014-09;;;{Elizabeth G. Martin and Colin Palmer};{Informa {UK} Limited};{https://doi.org/10.1080%2F02724634.2014.859621}
ek4z6;paleorxiv;https://doi.org/10.4202/app.00443.2017;2018-;;;{Stephen Pates and Allison Daley and Javier Ortega-Hern{\'{a}}ndez};{Polska Akademia Nauk Instytut Paleobiologii (Institute of Paleobiology;{https://doi.org/10.4202%2Fapp.00443.2017}
4nqz2;paleorxiv;https://doi.org/10.1111/zoj.12297;2015-08;;;{Robert W. Boessenecker and R. Ewan Fordyce};{Oxford University Press ({OUP})};{https://doi.org/10.1111%2Fzoj.12297}
t8qzm;paleorxiv;https://doi.org/10.1139/cjes-2017-0273;2018-04;;;{Gregory F. Funston and Philip J. Currie};{Canadian Science Publishing};{https://doi.org/10.1139%2Fcjes-2017-0273}
px6wq;paleorxiv;https://doi.org/10.1017/S1755691017000275;2018-01;;;{Pierre Gueriau and Nicolas Rabet and Eva Du Tien Hat};{Cambridge University Press ({CUP})};{https://doi.org/10.1017%2Fs1755691017000275}
7vmwd;paleorxiv;https://doi.org/10.1093/zoolinnean/zlx029;2017-08;;;{Mario Bronzati and Oliver W M Rauhut};{Oxford University Press ({OUP})};{https://doi.org/10.1093%2Fzoolinnean%2Fzlx029}
s5ahv;paleorxiv;https://doi.org/10.1038/s41598-017-11737-5;2017-09;;;{Mario Bronzati and Oliver W. M. Rauhut and Jonathas S. Bittencourt and Max C. Langer};{Springer Nature};{https://doi.org/10.1038%2Fs41598-017-11737-5}
zqahu;paleorxiv;https://doi.org/10.1007/s00114-013-1037-2;2013-03;;;{Robert W. Boessenecker};{Springer Nature};{https://doi.org/10.1007%2Fs00114-013-1037-2}
jqsp7;paleorxiv;https://doi.org/10.1080/02724634.2011.562268;2011-05;;;{Robert W. Boessenecker and N. Adam Smith};{Informa {UK} Limited};{https://doi.org/10.1080%2F02724634.2011.562268}
msdg2;paleorxiv;https://doi.org/10.1080/02724634.2011.550362;2011-03;;;{Robert W. Boessenecker};{Informa {UK} Limited};{https://doi.org/10.1080%2F02724634.2011.550362}
yxfje;paleorxiv;https://doi.org/10.1017/jpa.2017.11;2017-07;;;{Stephen Pates and Allison C. Daley and Bruce S. Lieberman};{Cambridge University Press ({CUP})};{https://doi.org/10.1017%2Fjpa.2017.11}
zgh62;paleorxiv;https://doi.org/10.1111/evo.12360;2014-02;;;{Thomas M. Cullen and Danielle Fraser and Natalia Rybczynski and Claudia Schröder-Adams};{Wiley};{https://doi.org/10.1111%2Fevo.12360}
2mj4r;paleorxiv;https://doi.org/10.1007/s41513-017-0044-0;2017-12;;;{A. de Celis and I. Narv{\'{a}}ez and F. Ortega};{Springer Nature};{https://doi.org/10.1007%2Fs41513-017-0044-0}
43j7z;paleorxiv;https://doi.org/10.1016/j.palaeo.2015.12.015;2016-02;;;{Thomas M. Cullen and Federico Fanti and Christopher Capobianco and Michael J. Ryan and David C. Evans};{Elsevier {BV}};{https://doi.org/10.1016%2Fj.palaeo.2015.12.015}
b8mqe;paleorxiv;https://doi.org/10.1139/cjes-2017-0034;2017-08;;;{David C. Evans and Thomas M. Cullen and Derek W. Larson and Adam Rego};{Canadian Science Publishing};{https://doi.org/10.1139%2Fcjes-2017-0034}
pksbh;paleorxiv;https://doi.org/10.7717/peerj.599;2014-09;;;{Jonathan P. Tennant and Philip D. Mannion};{{PeerJ}};{https://doi.org/10.7717%2Fpeerj.599}
dfyrz;paleorxiv;https://doi.org/10.1139/E10-061;2010-10;;;{Juliana Sterli and Johannes Müller and J{\'{e}}r{\'{e}}my Anquetin and Andr{\'{e}} Hilger};{Canadian Science Publishing};{https://doi.org/10.1139%2Fe10-061}
j4rk7;paleorxiv;https://doi.org/10.1098/rspb.2015.2840;2016-03;;;{Jonathan P. Tennant and Philip D. Mannion and Paul Upchurch};{The Royal Society};{https://doi.org/10.1098%2Frspb.2015.2840}
m2p9t;paleorxiv;https://doi.org/10.2110/palo.2016.030;2016-10;;;{STEPHANIE K. DRUMHELLER and CHRISTOPHER A. BROCHU};{Society for Sedimentary Geology};{https://doi.org/10.2110%2Fpalo.2016.030}
fpbh5;paleorxiv;https://doi.org/10.1111/zoj.12315;2015-09;;;{Mark T. Young and Jonathan P. Tennant and Stephen L. Brusatte and Thomas J. Challands and Nicholas C. Fraser and Neil D. L. Clark and Dugald A. Ross};{Oxford University Press ({OUP})};{https://doi.org/10.1111%2Fzoj.12315}
mur2s;paleorxiv;https://doi.org/10.1038/ncomms12737;2016-09;;;{Jonathan P. Tennant and Philip D. Mannion and Paul Upchurch};{Springer Nature America;{https://doi.org/10.1038%2Fncomms12737}
jeskv;paleorxiv;https://doi.org/10.1098/rsbl.2014.0835;2015-02;;;{R. W. Boessenecker and M. Churchill};{The Royal Society};{https://doi.org/10.1098%2Frsbl.2014.0835}
864t9;paleorxiv;https://doi.org/10.3374/014.058.0205;2017-10;;;{J{\'{e}}r{\'{e}}my Anquetin and Christian Püntener and Walter G. Joyce};{Bulletin of the Peabody Museum of Natural History};{https://doi.org/10.3374%2F014.058.0205}
atwnc;paleorxiv;https://doi.org/10.1111/pala.12181;2015-07;;;{Christopher D. Dean and Mark D. Sutton and Derek J. Siveter and David J. Siveter};{Wiley};{https://doi.org/10.1111%2Fpala.12181}
7wkvc;paleorxiv;https://doi.org/10.1111/pala.12225;2016-01;;;{Christopher D. Dean and Philip D. Mannion and Richard J. Butler};{Wiley};{https://doi.org/10.1111%2Fpala.12225}
vcw3k;paleorxiv;https://doi.org/10.1080/08912963.2017.1382488;2017-10;;;{Dean R. Lomax and Nigel R. Larkin and Ian Boomer and Steven Dey and Philip Copestake};{Informa {UK} Limited};{https://doi.org/10.1080%2F08912963.2017.1382488}
6krvy;paleorxiv;https://doi.org/10.1111/j.1096-3642.2007.00327.x;2007-11;;;{J{\'{E}}R{\'{E}}MY ANQUETIN and PIERRE-OLIVIER ANTOINE and PASCAL TASSY};{Oxford University Press ({OUP})};{https://doi.org/10.1111%2Fj.1096-3642.2007.00327.x}
qxz7d;paleorxiv;https://doi.org/10.1098/rspb.2008.1429;2009-03;;;{J. Anquetin and P. M Barrett and M. E.H Jones and S. Moore-Fay and S. E Evans};{The Royal Society};{https://doi.org/10.1098%2Frspb.2008.1429}
p28ru;paleorxiv;https://doi.org/10.1111/bij.12387;2014-10;;;{Mark T. Young and Lorna Steel and Davide Foffa and Trevor Price and Darren Naish and Jonathan P. Tennant};{Oxford University Press ({OUP})};{https://doi.org/10.1111%2Fbij.12387}
kejz5;paleorxiv;https://doi.org/10.1111/j.1502-3931.2007.00044.x;2008-03;;;{TORSTEN M. SCHEYER and J{\'{E}}R{\'{E}}MY ANQUETIN};{Wiley};{https://doi.org/10.1111%2Fj.1502-3931.2007.00044.x}
zwbcp;paleorxiv;https://doi.org/10.1016/j.crpv.2014.10.007;2015-09;;;{J{\'{e}}r{\'{e}}my Anquetin and Andrew R. Milner};{Elsevier {BV}};{https://doi.org/10.1016%2Fj.crpv.2014.10.007}
hjf63;paleorxiv;https://doi.org/10.2110/palo.2011.p11-052r;2012-03;;;{C. R. NOTO and D. J. MAIN and S. K. DRUMHELLER};{Society for Sedimentary Geology};{https://doi.org/10.2110%2Fpalo.2011.p11-052r}
k94c7;paleorxiv;https://doi.org/10.1098/rspb.2017.0531;2017-08;;;{Robert W. Boessenecker and Danielle Fraser and Morgan Churchill and Jonathan H. Geisler};{The Royal Society};{https://doi.org/10.1098%2Frspb.2017.0531}
f52pb;paleorxiv;https://doi.org/10.1080/02724634.2014.880449;2014-09;;;{Je{\'{e}}r{\'{e}}my Anquetin and Walter G. Joyce};{Informa {UK} Limited};{https://doi.org/10.1080%2F02724634.2014.880449}
stzak;paleorxiv;https://doi.org/10.1111/zoj.12400;2016-07;;;{Jonathan P. Tennant and Philip D. Mannion and Paul Upchurch};{Oxford University Press ({OUP})};{https://doi.org/10.1111%2Fzoj.12400}
7knh9;paleorxiv;https://doi.org/10.1002/jmor.20540;2016-04;;;{Stephanie K. Drumheller and Eric W. Wilberg and Rudyard W. Sadleir};{Wiley};{https://doi.org/10.1002%2Fjmor.20540}
w5v72;paleorxiv;https://doi.org/10.1007/s00114-014-1238-3;2014-09;;;{Stephanie K. Drumheller and Michelle R. Stocker and Sterling J. Nesbitt};{Springer Nature};{https://doi.org/10.1007%2Fs00114-014-1238-3}
dt6yj;paleorxiv;https://doi.org/10.1080/14772019.2011.558928;2011-11;;;{J{\'{e}}r{\'{e}}my Anquetin};{Informa {UK} Limited};{https://doi.org/10.1080%2F14772019.2011.558928}
j7nw2;paleorxiv;https://doi.org/10.2113/gssgfbull.182.3.231;2011-05;;;{J. Anquetin};{{EDP} Sciences};{https://doi.org/10.2113%2Fgssgfbull.182.3.231}
nkj24;paleorxiv;https://doi.org/10.1017/S1755691010009217;2010-03;;;{J{\'{e}}r{\'{e}}my Anquetin};{Cambridge University Press ({CUP})};{https://doi.org/10.1017%2Fs1755691010009217}
kjfhb;paleorxiv;https://doi.org/10.1080/10420940.2014.909353;2014-04;;;{Stephanie K. Drumheller and Christopher A. Brochu};{Informa {UK} Limited};{https://doi.org/10.1080%2F10420940.2014.909353}
69ykh;paleorxiv;https://doi.org/10.1371/journal.pone.0057605;2013-02;;;{Clint A. Boyd and Stephanie K. Drumheller and Terry A. Gates};{Public Library of Science ({PLoS})};{https://doi.org/10.1371%2Fjournal.pone.0057605}
awy74;paleorxiv;https://doi.org/10.1017/S0016756813000241;2013-04;;;{JUDY A. MASSARE and DEAN R. LOMAX};{Cambridge University Press ({CUP})};{https://doi.org/10.1017%2Fs0016756813000241}
rqnh3;paleorxiv;https://doi.org/10.1002/gj.2602;2014-08;;;{Dean R. Lomax and Peter Robinson and Christopher J. Cleal and Alistair Bowden and Nigel R. Larkin};{Wiley};{https://doi.org/10.1002%2Fgj.2602}
9tn3z;paleorxiv;https://doi.org/10.1080/14772019.2016.1183149;2016-06;;;{Dean R. Lomax};{Informa {UK} Limited};{https://doi.org/10.1080%2F14772019.2016.1183149}
cf8yn;paleorxiv;https://doi.org/10.1080/10420940.2012.702704;2012-07;;;{Dean R. Lomax and Christopher A. Racay};{Informa {UK} Limited};{https://doi.org/10.1080%2F10420940.2012.702704}
89nhw;paleorxiv;https://doi.org/10.1080/02724634.2014.903260;2015-02;;;{Dean R. Lomax and Judy A. Massare};{Informa {UK} Limited};{https://doi.org/10.1080%2F02724634.2014.903260}
uv6ds;paleorxiv;https://doi.org/10.1144/pygs2012-307;2012-11;;;{Dean R. Lomax and Benjamin G. Hyde};{Geological Society of London};{https://doi.org/10.1144%2Fpygs2012-307}
ft3bg;paleorxiv;https://doi.org/10.1016/j.pgeola.2015.05.006;2015-10;;;{Dean R. Lomax and Benjamin J.A. Gibson};{Elsevier {BV}};{https://doi.org/10.1016%2Fj.pgeola.2015.05.006}
7yws8;paleorxiv;https://doi.org/10.1016/j.pgeola.2014.08.007;2014-09;;;{John P. Green and Dean R. Lomax};{Elsevier {BV}};{https://doi.org/10.1016%2Fj.pgeola.2014.08.007}
vcdwh;paleorxiv;https://doi.org/10.4202/app.00361.2017;2017-;;;{Stephen Pates and Allison Daley and Javier Ortega-Hern{\'{a}}ndez};{Polska Akademia Nauk Instytut Paleobiologii (Institute of Paleobiology;{https://doi.org/10.4202%2Fapp.00361.2017}
5avkg;paleorxiv;https://doi.org/10.1002/spp2.1084;2017-08;;;{Stephen Pates and Allison C. Daley};{Wiley};{https://doi.org/10.1002%2Fspp2.1084}
2mzkq;paleorxiv;https://doi.org/10.1016/j.cretres.2017.07.007;2017-11;;;{Viktor Baranov and Tomasz G{\'{o}}ral and Andrew Ross};{Elsevier {BV}};{https://doi.org/10.1016%2Fj.cretres.2017.07.007}
yab83;paleorxiv;https://doi.org/10.7717/peerj.4417;2018-02;;;{Jonathan P. Tennant and Alfio Alessandro Chiarenza and Matthew Baron};{{PeerJ}};{https://doi.org/10.7717%2Fpeerj.4417}
